#
# A fatal error has been detected by the Java Runtime Environment:
#
#  Internal Error (jvmciRuntime.cpp:1609), pid=16, tid=31
#  fatal error: Fatal exception in JVMCI: Error calling jdk.vm.ci.services.Services.serializeSavedProperties
#
# JRE version: OpenJDK Runtime Environment GraalVM CE 22.3.0 (17.0.5+8) (build 17.0.5+8-jvmci-22.3-b08)
# Java VM: OpenJDK 64-Bit Server VM GraalVM CE 22.3.0 (17.0.5+8-jvmci-22.3-b08, mixed mode, sharing, tiered, jvmci, jvmci compiler, compressed oops, compressed class ptrs, parallel gc, linux-amd64)
# Problematic frame:
# V  [libjvm.so+0x972714]  JVMCIRuntime::fatal_exception(JVMCIEnv*, char const*)+0x74
#
# Core dump will be written. Default location: Core dumps may be processed with "/usr/share/apport/apport -p%p -s%s -c%c -d%d -P%P -u%u -g%g -- %E" (or dumping to /home/runner/DSA/core.16)
#
# If you would like to submit a bug report, please visit:
#   https://github.com/oracle/graal/issues
#

---------------  S U M M A R Y ------------

Command Line: -XX:ThreadPriorityPolicy=1 -XX:+UnlockExperimentalVMOptions -XX:+EnableJVMCIProduct -XX:JVMCIThreadsPerNativeLibraryRuntime=1 -XX:-UnlockExperimentalVMOptions -Declipse.application=org.eclipse.jdt.ls.core.id1 -Dosgi.bundles.defaultStartLevel=4 -Declipse.product=org.eclipse.jdt.ls.core.product -Dlog.level=ALL -Xverify:none -XX:+UseParallelGC -XX:GCTimeRatio=4 -XX:AdaptiveSizePolicyWeight=90 -Dsun.zip.disableMemoryMapping=true -Xmx512m -Xms100m /nix/store/a7s9klvriqi68xz3qjc0qyfl5h86xc16-jdt-language-server-1.9.0/share/java/plugins/org.eclipse.equinox.launcher_1.6.400.v20210924-0641.jar --add-modules=ALL-SYSTEM --add-opens java.base/java.util=ALL-UNNAMED --add-opens java.base/java.lang=ALL-UNNAMED -configuration /home/runner/.cache/jdt-language-server/config -data /home/runner/.cache/jdt-language-server/data/home/runner/DSA

Host: Intel(R) Xeon(R) CPU @ 2.20GHz, 8 cores, 1G, Ubuntu 20.04.2 LTS
Time: Fri Sep 29 10:58:32 2023 UTC elapsed time: 912.435892 seconds (0d 0h 15m 12s)

---------------  T H R E A D  ---------------

Current thread (0x00007f14b80b1c10):  JavaThread "JVMCI-native CompilerThread0" daemon [_thread_in_vm, id=31, stack(0x00007f149eccd000,0x00007f149eecd000)]


Current CompileTask:
JVMCI-native: 912437 8452       4       org.eclipse.jdt.internal.core.OverflowingLRUCache::privateRemoveEntry (140 bytes)

Stack: [0x00007f149eccd000,0x00007f149eecd000],  sp=0x00007f149eecb380,  free space=2040k
Native frames: (J=compiled Java code, j=interpreted, Vv=VM code, C=native code)
V  [libjvm.so+0x972714]  JVMCIRuntime::fatal_exception(JVMCIEnv*, char const*)+0x74
V  [libjvm.so+0x93e2fe]  JVMCIEnv::copy_saved_properties()+0x14e
V  [libjvm.so+0x9732a9]  JVMCIRuntime::initialize(JVMCIEnv*)+0xb19
V  [libjvm.so+0x9738a2]  JVMCIRuntime::get_HotSpotJVMCIRuntime(JVMCIEnv*)+0x12
V  [libjvm.so+0x9749f2]  JVMCIRuntime::compile_method(JVMCIEnv*, JVMCICompiler*, methodHandle const&, int)+0xd2
V  [libjvm.so+0x5b0d20]  CompileBroker::invoke_compiler_on_method(CompileTask*)+0x1470
V  [libjvm.so+0x5b12e8]  CompileBroker::compiler_thread_loop()+0x528
V  [libjvm.so+0xd82460]  JavaThread::thread_main_inner()+0xd0
V  [libjvm.so+0xd85a40]  Thread::call_run()+0xc0
V  [libjvm.so+0xbdb1e1]  thread_native_entry(Thread*)+0xe1

Register to memory mapping:

RAX=0x00007f14bea95000 points into unknown readable memory: 0x0000000000000058 | 58 00 00 00 00 00 00 00
RBX=0x00007f14bfb90398: <offset 0x0000000000ef5398> in /nix/store/gpxl5qgg8kicmcvivwmybwjlpf7wh20l-graalvm17-ce-22.3.0/lib/server/libjvm.so at 0x00007f14bec9b000
RCX=0x00007f14bfb481e8: <offset 0x0000000000ead1e8> in /nix/store/gpxl5qgg8kicmcvivwmybwjlpf7wh20l-graalvm17-ce-22.3.0/lib/server/libjvm.so at 0x00007f14bec9b000
RDX=0x0000000000000649 is an unknown value
RSP=0x00007f149eecb380 is pointing into the stack for thread: 0x00007f14b80b1c10
RBP=0x00007f149eecb3a0 is pointing into the stack for thread: 0x00007f14b80b1c10
RSI=0x00007f14bfb90c48: <offset 0x0000000000ef5c48> in /nix/store/gpxl5qgg8kicmcvivwmybwjlpf7wh20l-graalvm17-ce-22.3.0/lib/server/libjvm.so at 0x00007f14bec9b000
RDI=0x00000000e0000000 is an oop: java.security.AccessControlContext 
{0x00000000e0000000} - klass: 'java/security/AccessControlContext'
 - ---- fields (total size 5 words):
 - private 'isPrivileged' 'Z' @12  true
 - private 'isAuthorized' 'Z' @13  true
 - private 'isWrapped' 'Z' @14  false
 - private 'isLimited' 'Z' @15  false
 - private 'context' '[Ljava/security/ProtectionDomain;' @16  a 'java/security/ProtectionDomain'[1] {0x00000000e0000028} (e0000028)
 - private 'privilegedContext' 'Ljava/security/AccessControlContext;' @20  NULL (0)
 - private 'combiner' 'Ljava/security/DomainCombiner;' @24  NULL (0)
 - private 'permissions' '[Ljava/security/Permission;' @28  NULL (0)
 - private 'parent' 'Ljava/security/AccessControlContext;' @32  NULL (0)
 - private 'limitedContext' '[Ljava/security/ProtectionDomain;' @36  NULL (0)
R8 =0x00007f14bfb90398: <offset 0x0000000000ef5398> in /nix/store/gpxl5qgg8kicmcvivwmybwjlpf7wh20l-graalvm17-ce-22.3.0/lib/server/libjvm.so at 0x00007f14bec9b000
R9 =0x0000000000000003 is an unknown value
R10=0x00007f14bfee1da0: <offset 0x0000000001246da0> in /nix/store/gpxl5qgg8kicmcvivwmybwjlpf7wh20l-graalvm17-ce-22.3.0/lib/server/libjvm.so at 0x00007f14bec9b000
R11=0x000000080044f048 is pointing into metadata
R12=0x0 is NULL
R13=0x00007f14b80b1c10 is a thread
R14=0x00007f14b8000b80 points into unknown readable memory: 0x00007f14bfdc1a38 | 38 1a dc bf 14 7f 00 00
R15=0x00007f14bfecfe40: <offset 0x0000000001234e40> in /nix/store/gpxl5qgg8kicmcvivwmybwjlpf7wh20l-graalvm17-ce-22.3.0/lib/server/libjvm.so at 0x00007f14bec9b000


Registers:
RAX=0x00007f14bea95000, RBX=0x00007f14bfb90398, RCX=0x00007f14bfb481e8, RDX=0x0000000000000649
RSP=0x00007f149eecb380, RBP=0x00007f149eecb3a0, RSI=0x00007f14bfb90c48, RDI=0x00000000e0000000
R8 =0x00007f14bfb90398, R9 =0x0000000000000003, R10=0x00007f14bfee1da0, R11=0x000000080044f048
R12=0x0000000000000000, R13=0x00007f14b80b1c10, R14=0x00007f14b8000b80, R15=0x00007f14bfecfe40
RIP=0x00007f14bf60d714, EFLAGS=0x0000000000010206, CSGSFS=0x002b000000000033, ERR=0x0000000000000006
  TRAPNO=0x000000000000000e

Top of Stack: (sp=0x00007f149eecb380)
0x00007f149eecb380:   00007f149eecb940 00007f14b80b1c10
0x00007f149eecb390:   00007f14bd4268c8 0000000800c417a0
0x00007f149eecb3a0:   00007f149eecb500 00007f14bf5d92fe
0x00007f149eecb3b0:   00007f149eecb3e0 00007f149eecb440 

Instructions: (pc=0x00007f14bf60d714)
0x00007f14bf60d614:   30 e8 f6 cf e8 ff 4c 89 e7 e8 2e 48 d1 ff 84 db
0x00007f14bf60d624:   75 2a 4d 85 ed 74 04 4d 8b 6d 00 48 83 c4 08 44
0x00007f14bf60d634:   89 f9 4c 89 f2 4c 89 ee 5b 4c 89 e7 41 5c 41 5d
0x00007f14bf60d644:   41 5e 41 5f 5d e9 e2 47 d1 ff 66 90 48 83 c4 08
0x00007f14bf60d654:   5b 41 5c 41 5d 41 5e 41 5f 5d c3 90 31 d2 be 08
0x00007f14bf60d664:   00 00 00 4c 89 ff e8 b1 78 a3 ff 49 89 c5 e9 37
0x00007f14bf60d674:   ff ff ff 66 0f 1f 84 00 00 00 00 00 48 8b 7a 08
0x00007f14bf60d684:   e9 6d ff ff ff 0f 1f 80 00 00 00 00 e8 5b 48 0a
0x00007f14bf60d694:   00 84 c0 75 89 e9 6a ff ff ff 66 90 55 48 89 e5
0x00007f14bf60d6a4:   41 56 41 55 41 54 49 89 fc 53 48 89 f3 66 48 8d
0x00007f14bf60d6b4:   3d 27 5e 85 00 66 66 48 e8 df 43 8d ff 4c 8b 28
0x00007f14bf60d6c4:   8b 05 be 72 8a 00 85 c0 75 14 ba 01 00 00 00 48
0x00007f14bf60d6d4:   8d 0d ae 72 8a 00 f0 0f b1 11 85 c0 74 4e be c8
0x00007f14bf60d6e4:   00 00 00 4c 89 ef e8 01 0b 41 00 48 8d 05 12 ac
0x00007f14bf60d6f4:   85 00 49 89 d8 48 8d 0d e8 aa 53 00 ba 49 06 00
0x00007f14bf60d704:   00 48 8d 35 3c 35 58 00 bf 00 00 00 e0 48 8b 00
0x00007f14bf60d714:   c6 00 58 31 c0 e8 e2 91 c6 ff 5b 41 5c 41 5d 41
0x00007f14bf60d724:   5e 5d e9 55 34 26 00 0f 1f 44 00 00 48 8d 05 81
0x00007f14bf60d734:   a3 8b 00 48 89 df 4c 8b 30 e8 9e 43 8d ff 48 89
0x00007f14bf60d744:   de 48 89 c2 49 8b 06 4c 89 f7 ff 50 08 4c 89 f7
0x00007f14bf60d754:   e8 a7 5c 27 00 4d 85 e4 74 12 be 01 00 00 00 4c
0x00007f14bf60d764:   89 e7 e8 35 43 fc ff eb 82 0f 1f 00 be 01 00 00
0x00007f14bf60d774:   00 4c 89 ef e8 d3 fd ff ff e9 6d ff ff ff 66 66
0x00007f14bf60d784:   2e 0f 1f 84 00 00 00 00 00 0f 1f 00 55 48 89 e5
0x00007f14bf60d794:   41 57 41 56 41 55 41 54 53 48 81 ec 08 02 00 00
0x00007f14bf60d7a4:   64 48 8b 04 25 28 00 00 00 48 89 45 c8 8b 07 83
0x00007f14bf60d7b4:   f8 02 0f 84 11 04 00 00 4c 8b 6f 18 49 89 ff 49
0x00007f14bf60d7c4:   89 f4 4d 85 ed 74 14 4c 89 ef e8 5d 57 22 00 41
0x00007f14bf60d7d4:   8b 07 83 f8 02 0f 84 19 04 00 00 48 8d 1d 9a 06
0x00007f14bf60d7e4:   8a 00 4c 8d 35 0b 3c 58 00 eb 38 90 48 85 d2 7f
0x00007f14bf60d7f4:   0d 48 8d 05 b4 c0 85 00 48 83 38 00 7e 0e 41 8b
0x00007f14bf60d804:   77 2c 4c 89 f7 31 c0 e8 a0 b2 f7 ff 49 8b 7f 18 


Stack slot to memory mapping:
stack at sp + 0 slots: 0x00007f149eecb940 is pointing into the stack for thread: 0x00007f14b80b1c10
stack at sp + 1 slots: 0x00007f14b80b1c10 is a thread
stack at sp + 2 slots: 0x00007f14bd4268c8 points into unknown readable memory: 0x6573001880c9ffff | ff ff c9 80 18 00 73 65
stack at sp + 3 slots: 0x0000000800c417a0 is a pointer to class: 
jdk.vm.ci.services.Services {0x0000000800c417a0}
 - instance size:     2
 - klass size:        65
 - access:            public final synchronized 
 - state:             fully_initialized
 - name:              'jdk/vm/ci/services/Services'
 - super:             'java/lang/Object'
 - sub:               
 - arrays:            NULL
 - methods:           Array<T>(0x00007f14bc440100)
 - method ordering:   Array<T>(0x0000000800928960)
 - default_methods:   Array<T>(0x0000000000000000)
 - local interfaces:  Array<T>(0x00000008005ce810)
 - trans. interfaces: Array<T>(0x00000008005ce810)
 - constants:         constant pool [427] {0x00007f14bc43f1e0} for 'jdk/vm/ci/services/Services' cache=0x00007f14bc4413d0
 - class loader data:  loader data: 0x00007f14b8027ca0 of 'bootstrap'
 - source file:       'Services.java'
 - class annotations:       Array<T>(0x0000000000000000)
 - class type annotations:  Array<T>(0x0000000000000000)
 - field annotations:       Array<T>(0x0000000000000000)
 - field type annotations:  Array<T>(0x0000000000000000)
 - inner classes:     Array<T>(0x00007f14bc4413a0)
 - nest members:     Array<T>(0x00007f14bc4413c0)
 - permitted subclasses:     Array<T>(0x00000008005ce7a0)
 - java mirror:       a 'java/lang/Class'{0x00000000e017e6e0} = 'jdk/vm/ci/services/Services'
 - vtable length      5  (start addr: 0x0000000800c41970)
 - itable length      2 (start addr: 0x0000000800c41998)
 - ---- static fields (3 words):
 - public static final 'IS_BUILDING_NATIVE_IMAGE' 'Z' @128 
 - public static final 'IS_IN_NATIVE_IMAGE' 'Z' @129 
 - private static volatile 'savedProperties' 'Ljava/util/Map;' @112 
 - static final 'JVMCI_ENABLED' 'Z' @130 
 - private static final 'servicesCache' 'Ljava/util/Map;' @116 
 - private static final 'MAX_UNICODE_IN_UTF8_LENGTH' 'I' @120 
 - private static final 'MAX_UTF8_PROPERTY_STRING_LENGTH' 'I' @124 
 - ---- non-static fields (0 words):
 - non-static oop maps: 
stack at sp + 4 slots: 0x00007f149eecb500 is pointing into the stack for thread: 0x00007f14b80b1c10
stack at sp + 5 slots: 0x00007f14bf5d92fe: <offset 0x000000000093e2fe> in /nix/store/gpxl5qgg8kicmcvivwmybwjlpf7wh20l-graalvm17-ce-22.3.0/lib/server/libjvm.so at 0x00007f14bec9b000
stack at sp + 6 slots: 0x00007f149eecb3e0 is pointing into the stack for thread: 0x00007f14b80b1c10
stack at sp + 7 slots: 0x00007f149eecb440 is pointing into the stack for thread: 0x00007f14b80b1c10


---------------  P R O C E S S  ---------------

Threads class SMR info:
_java_thread_list=0x00007f141c0fd0c0, length=25, elements={
0x00007f14b8025f40, 0x00007f14b80a5ee0, 0x00007f14b80a7320, 0x00007f14b80ada80,
0x00007f14b80aee30, 0x00007f14b80b0220, 0x00007f14b80b1c10, 0x00007f14b80b3120,
0x00007f14b80b4180, 0x00007f14b80d6fa0, 0x00007f14b811f4d0, 0x00007f14b8302e70,
0x00007f14b8335d10, 0x00007f14b8338680, 0x00007f14b85fe000, 0x00007f144c016fe0,
0x00007f144c2d2730, 0x00007f144c34c950, 0x00007f144c4c9670, 0x00007f144c696f70,
0x00007f14b83c6600, 0x00007f14b83ad640, 0x00007f1424001130, 0x00007f1428000ff0,
0x00007f141c11f520
}

Java Threads: ( => current thread )
  0x00007f14b8025f40 JavaThread "main" [_thread_blocked, id=23, stack(0x00007f14beab6000,0x00007f14bebb6000)]
  0x00007f14b80a5ee0 JavaThread "Reference Handler" daemon [_thread_blocked, id=26, stack(0x00007f14bc1fe000,0x00007f14bc2fe000)]
  0x00007f14b80a7320 JavaThread "Finalizer" daemon [_thread_blocked, id=27, stack(0x00007f14bc0fe000,0x00007f14bc1fe000)]
  0x00007f14b80ada80 JavaThread "Signal Dispatcher" daemon [_thread_blocked, id=28, stack(0x00007f149f0cd000,0x00007f149f1cd000)]
  0x00007f14b80aee30 JavaThread "Service Thread" daemon [_thread_blocked, id=29, stack(0x00007f149efcd000,0x00007f149f0cd000)]
  0x00007f14b80b0220 JavaThread "Monitor Deflation Thread" daemon [_thread_blocked, id=30, stack(0x00007f149eecd000,0x00007f149efcd000)]
=>0x00007f14b80b1c10 JavaThread "JVMCI-native CompilerThread0" daemon [_thread_in_vm, id=31, stack(0x00007f149eccd000,0x00007f149eecd000)]
  0x00007f14b80b3120 JavaThread "C1 CompilerThread0" daemon [_thread_blocked, id=32, stack(0x00007f149eacd000,0x00007f149eccd000)]
  0x00007f14b80b4180 JavaThread "Sweeper thread" daemon [_thread_blocked, id=33, stack(0x00007f149e9cd000,0x00007f149eacd000)]
  0x00007f14b80d6fa0 JavaThread "Common-Cleaner" daemon [_thread_blocked, id=34, stack(0x00007f149e8cd000,0x00007f149e9cd000)]
  0x00007f14b811f4d0 JavaThread "Notification Thread" daemon [_thread_blocked, id=37, stack(0x00007f149e7cd000,0x00007f149e8cd000)]
  0x00007f14b8302e70 JavaThread "Active Thread: Equinox Container: e749ff64-4c6e-49d7-9787-ee714301e480" [_thread_blocked, id=47, stack(0x00007f149e5cb000,0x00007f149e6cb000)]
  0x00007f14b8335d10 JavaThread "Framework Event Dispatcher: Equinox Container: e749ff64-4c6e-49d7-9787-ee714301e480" daemon [_thread_blocked, id=48, stack(0x00007f149c100000,0x00007f149c200000)]
  0x00007f14b8338680 JavaThread "Start Level: Equinox Container: e749ff64-4c6e-49d7-9787-ee714301e480" daemon [_thread_blocked, id=49, stack(0x00007f1466d00000,0x00007f1466e00000)]
  0x00007f14b85fe000 JavaThread "Refresh Thread: Equinox Container: e749ff64-4c6e-49d7-9787-ee714301e480" daemon [_thread_blocked, id=50, stack(0x00007f1466b00000,0x00007f1466c00000)]
  0x00007f144c016fe0 JavaThread "SCR Component Actor" daemon [_thread_blocked, id=51, stack(0x00007f1466900000,0x00007f1466a00000)]
  0x00007f144c2d2730 JavaThread "Worker-JM" [_thread_blocked, id=54, stack(0x00007f1466500000,0x00007f1466600000)]
  0x00007f144c34c950 JavaThread "Worker-0: Publish Diagnostics" [_thread_blocked, id=55, stack(0x00007f1466300000,0x00007f1466400000)]
  0x00007f144c4c9670 JavaThread "Java indexing" daemon [_thread_blocked, id=57, stack(0x00007f1465f00000,0x00007f1466000000)]
  0x00007f144c696f70 JavaThread "Bundle File Closer" daemon [_thread_blocked, id=58, stack(0x00007f1465d00000,0x00007f1465e00000)]
  0x00007f14b83c6600 JavaThread "pool-3-thread-1" [_thread_blocked, id=59, stack(0x00007f1465b00000,0x00007f1465c00000)]
  0x00007f14b83ad640 JavaThread "pool-2-thread-1" [_thread_blocked, id=61, stack(0x00007f1466700000,0x00007f1466800000)]
  0x00007f1424001130 JavaThread "Worker-3: Java indexing... " [_thread_blocked, id=62, stack(0x00007f1465700000,0x00007f1465800000)]
  0x00007f1428000ff0 JavaThread "Worker-4: Compacting resource model" [_thread_blocked, id=63, stack(0x00007f1465500000,0x00007f1465600000)]
  0x00007f141c11f520 JavaThread "Worker-5" [_thread_blocked, id=106, stack(0x00007f1465900000,0x00007f1465a00000)]

Other Threads:
  0x00007f14b80a1620 VMThread "VM Thread" [stack: 0x00007f14bc300000,0x00007f14bc400000] [id=25] _threads_hazard_ptr=0x00007f141c0fd0c0
  0x00007f14b8120e70 WatcherThread [stack: 0x00007f149e6cd000,0x00007f149e7cd000] [id=38]
  0x00007f14b803d840 GCTaskThread "GC Thread#0" [stack: 0x00007f14be679000,0x00007f14be779000] [id=24]

Threads with active compile tasks:
JVMCI-native CompilerThread0   912520 8452       4       org.eclipse.jdt.internal.core.OverflowingLRUCache::privateRemoveEntry (140 bytes)

VM state: synchronizing (normal execution)

VM Mutex/Monitor currently owned by a thread:  ([mutex/lock_event])
[0x00007f14b80230f0] Threads_lock - owner thread: 0x00007f14b80a1620
[0x00007f14b80238a0] Heap_lock - owner thread: 0x00007f144c4c9670

OutOfMemory and StackOverflow Exception counts:
OutOfMemoryError java_heap_errors=2
LinkageErrors=45

Heap address: 0x00000000e0000000, size: 512 MB, Compressed Oops mode: 32-bit

CDS archive(s) mapped at: [0x0000000800000000-0x0000000800bc8000-0x0000000800bc8000), size 12353536, SharedBaseAddress: 0x0000000800000000, ArchiveRelocationMode: 0.
Compressed class space mapped at: 0x0000000800c00000-0x0000000840c00000, reserved size: 1073741824
Narrow klass base: 0x0000000800000000, Narrow klass shift: 0, Narrow klass range: 0x100000000

GC Precious Log:
 CPUs: 8 total, 1 available
 Memory: 1024M
 Large Page Support: Disabled
 NUMA Support: Disabled
 Compressed Oops: Enabled (32-bit)
 Alignments: Space 512K, Generation 512K, Heap 2M
 Heap Min Capacity: 100M
 Heap Initial Capacity: 100M
 Heap Max Capacity: 512M
 Pre-touch: Disabled
 Parallel Workers: 1

Heap:
 PSYoungGen      total 15360K, used 14848K [0x00000000f5580000, 0x00000000f7100000, 0x0000000100000000)
  eden space 14848K, 100% used [0x00000000f5580000,0x00000000f6400000,0x00000000f6400000)
  from space 512K, 0% used [0x00000000f6500000,0x00000000f6500000,0x00000000f6580000)
  to   space 6144K, 0% used [0x00000000f6a00000,0x00000000f6a00000,0x00000000f7000000)
 ParOldGen       total 349696K, used 349696K [0x00000000e0000000, 0x00000000f5580000, 0x00000000f5580000)
  object space 349696K, 100% used [0x00000000e0000000,0x00000000f5580000,0x00000000f5580000)
 Metaspace       used 52930K, committed 53824K, reserved 1097728K
  class space    used 5110K, committed 5504K, reserved 1048576K

Card table byte_map: [0x00007f14be779000,0x00007f14be87a000] _byte_map_base: 0x00007f14be079000

Marking Bits: (ParMarkBitMap*) 0x00007f14bfec94c0
 Begin Bits: [0x00007f14bd5cc000, 0x00007f14bddcc000)
 End Bits:   [0x00007f14bddcc000, 0x00007f14be5cc000)

Polling page: 0x00007f14bea93000

Metaspace:

Usage:
  Non-class:     46.70 MB used.
      Class:      4.99 MB used.
       Both:     51.69 MB used.

Virtual space:
  Non-class space:       48.00 MB reserved,      47.19 MB ( 98%) committed,  6 nodes.
      Class space:        1.00 GB reserved,       5.38 MB ( <1%) committed,  1 nodes.
             Both:        1.05 GB reserved,      52.56 MB (  5%) committed. 

Chunk freelists:
   Non-Class:  615.00 KB
       Class:  2.67 MB
        Both:  3.27 MB

MaxMetaspaceSize: unlimited
CompressedClassSpaceSize: 1.00 GB
Initial GC threshold: 21.00 MB
Current GC threshold: 87.44 MB
CDS: on
MetaspaceReclaimPolicy: balanced
 - commit_granule_bytes: 65536.
 - commit_granule_words: 8192.
 - virtual_space_node_default_size: 1048576.
 - enlarge_chunks_in_place: 1.
 - new_chunks_are_fully_committed: 0.
 - uncommit_free_chunks: 1.
 - use_allocation_guard: 0.
 - handle_deallocations: 1.


Internal statistics:

num_allocs_failed_limit: 8.
num_arena_births: 332.
num_arena_deaths: 66.
num_vsnodes_births: 7.
num_vsnodes_deaths: 0.
num_space_committed: 840.
num_space_uncommitted: 0.
num_chunks_returned_to_freelist: 91.
num_chunks_taken_from_freelist: 2278.
num_chunk_merges: 37.
num_chunk_splits: 1505.
num_chunks_enlarged: 990.
num_purges: 10.
num_inconsistent_stats: 0.

CodeHeap 'non-profiled nmethods': size=120036Kb used=2461Kb max_used=2469Kb free=117574Kb
 bounds [0x00007f14a6f7a000, 0x00007f14a71ea000, 0x00007f14ae4b3000]
CodeHeap 'profiled nmethods': size=120032Kb used=14421Kb max_used=16473Kb free=105610Kb
 bounds [0x00007f149fa42000, 0x00007f14a0a62000, 0x00007f14a6f7a000]
CodeHeap 'non-nmethods': size=5692Kb used=1370Kb max_used=1383Kb free=4322Kb
 bounds [0x00007f149f4b3000, 0x00007f149f723000, 0x00007f149fa42000]
 total_blobs=7079 nmethods=6380 adapters=596
 compilation: enabled
              stopped_count=0, restarted_count=0
 full_count=0

JVMCI Events (20 events):
Event: 503.820 Thread 0x00007f14b80b1c10 detached from JVMCI runtime 0
Event: 568.496 Thread 0x00007f14b80b1c10 attached to JVMCI runtime 0
Event: 568.499 Thread 0x00007f14b80b1c10 created JavaVM[4]@0x00007f1464b9e340 for JVMCI runtime 0
Event: 568.499 Thread 0x00007f14b80b1c10 initializing JVMCI runtime 0
Event: 568.499 Thread 0x00007f14b80b1c10 done waiting for JavaVM references initialization in JVMCI runtime 0
Event: 665.502 Thread 0x00007f14b80b1c10 initialized JVMCI runtime 0
Event: 757.993 Thread 0x00007f14b80b1c10 compacted oop handles in JVMCI runtime 0 from 94 to 92
Event: 762.931 Thread 0x00007f14b80b1c10 compacted oop handles in JVMCI runtime 0 from 93 to 55
Event: 817.713 Thread 0x00007f14b80b1c10 compacted oop handles in JVMCI runtime 0 from 78 to 76
Event: 819.437 Thread 0x00007f14b80b1c10 detaching from JVMCI runtime 0: releasing idle compiler thread (0 other threads still attached)
Event: 819.437 Thread 0x00007f14b80b1c10 shutting down HotSpotJVMCIRuntime for JVMCI runtime 0
Event: 819.437 Thread 0x00007f14b80b1c10 shut down JVMCI runtime 0
Event: 821.221 Thread 0x00007f14b80b1c10 destroyed JavaVM[4]@0x00007f1464b9e340 for JVMCI runtime 0
Event: 821.221 Thread 0x00007f14b80b1c10 compacted oop handles in JVMCI runtime 0 from 76 to 76
Event: 821.221 Thread 0x00007f14b80b1c10 releasing handles for JVMCI runtime 0: oop handles=76, metadata handles={total=192, live=182, blocks=37}
Event: 821.221 Thread 0x00007f14b80b1c10 detached from JVMCI runtime 0
Event: 868.123 Thread 0x00007f14b80b1c10 attached to JVMCI runtime 0
Event: 868.126 Thread 0x00007f14b80b1c10 created JavaVM[5]@0x00007f1464b9e340 for JVMCI runtime 0
Event: 869.864 Thread 0x00007f14b80b1c10 initializing JVMCI runtime 0
Event: 869.864 Thread 0x00007f14b80b1c10 done waiting for JavaVM references initialization in JVMCI runtime 0

Compilation events (20 events):
Event: 509.114 Thread 0x00007f14b80b3120 nmethod 8443 0x00007f14a0368c90 code [0x00007f14a0368e20, 0x00007f14a0368f70]
Event: 568.496 Thread 0x00007f14b80b1c10 8444       4       org.eclipse.jdt.internal.compiler.lookup.PackageBinding::addPackage (40 bytes)
Event: 621.420 Thread 0x00007f14b80b3120 8448       3       org.eclipse.jdt.internal.core.util.Messages::bind (6 bytes)
Event: 624.934 Thread 0x00007f14b80b3120 nmethod 8448 0x00007f14a0188210 code [0x00007f14a01883c0, 0x00007f14a01885d0]
Event: 676.913 Thread 0x00007f14b80b3120 8449       3       java.util.concurrent.TimeUnit::convert (77 bytes)
Event: 678.538 Thread 0x00007f14b80b3120 nmethod 8449 0x00007f14a025a910 code [0x00007f14a025ab20, 0x00007f14a025aee0]
Event: 718.821 Thread 0x00007f14b80b1c10 nmethod 8444 0x00007f14a71ad790 code [0x00007f14a71ad960, 0x00007f14a71ae140]
Event: 718.821 Thread 0x00007f14b80b1c10 8447 %     4       java.io.DataOutputStream::writeUTF @ 187 (411 bytes)
Event: 754.609 Thread 0x00007f14b80b3120 8450       1       org.eclipse.osgi.internal.framework.EquinoxContainer::getStorage (5 bytes)
Event: 754.609 Thread 0x00007f14b80b3120 nmethod 8450 0x00007f14a71ad490 code [0x00007f14a71ad620, 0x00007f14a71ad6f0]
Event: 757.993 Thread 0x00007f14b80b1c10 nmethod 8447% 0x00007f14a71ab090 code [0x00007f14a71ab320, 0x00007f14a71ac9f0]
Event: 757.993 Thread 0x00007f14b80b1c10 8446       4       org.eclipse.jdt.internal.compiler.util.CharArray::equals (33 bytes)
Event: 770.689 Thread 0x00007f14b80b1c10 nmethod 8446 0x00007f14a71aad10 code [0x00007f14a71aaea0, 0x00007f14a71aafb8]
Event: 770.689 Thread 0x00007f14b80b1c10 8445       4       org.eclipse.jdt.internal.compiler.util.CharDelegateMap::put (44 bytes)
Event: 817.703 Thread 0x00007f14b80b1c10 nmethod 8445 0x00007f14a71a9d10 code [0x00007f14a71a9ee0, 0x00007f14a71aa850]
Event: 817.703 Thread 0x00007f14b80b1c10 8451       4       java.lang.Integer::getChars (131 bytes)
Event: 817.713 Thread 0x00007f14b80b1c10 nmethod 8451 0x00007f14a71a9710 code [0x00007f14a71a98a0, 0x00007f14a71a9b48]
Event: 868.123 Thread 0x00007f14b80b1c10 8452       4       org.eclipse.jdt.internal.core.OverflowingLRUCache::privateRemoveEntry (140 bytes)
Event: 882.237 Thread 0x00007f14b80b3120 8453       3       java.util.concurrent.ThreadPoolExecutor::isShutdown (12 bytes)
Event: 884.017 Thread 0x00007f14b80b3120 nmethod 8453 0x00007f14a03a1090 code [0x00007f14a03a1240, 0x00007f14a03a1430]

GC Heap History (20 events):
Event: 895.023 GC heap before
{Heap before GC invocations=570 (full 465):
 PSYoungGen      total 15360K, used 14847K [0x00000000f5580000, 0x00000000f7100000, 0x0000000100000000)
  eden space 14848K, 99% used [0x00000000f5580000,0x00000000f63ffff8,0x00000000f6400000)
  from space 512K, 0% used [0x00000000f6500000,0x00000000f6500000,0x00000000f6580000)
  to   space 6144K, 0% used [0x00000000f6a00000,0x00000000f6a00000,0x00000000f7000000)
 ParOldGen       total 349696K, used 349694K [0x00000000e0000000, 0x00000000f5580000, 0x00000000f5580000)
  object space 349696K, 99% used [0x00000000e0000000,0x00000000f557f980,0x00000000f5580000)
 Metaspace       used 52930K, committed 53824K, reserved 1097728K
  class space    used 5110K, committed 5504K, reserved 1048576K
}
Event: 896.709 GC heap after
{Heap after GC invocations=570 (full 465):
 PSYoungGen      total 20992K, used 14847K [0x00000000f5580000, 0x00000000f7100000, 0x0000000100000000)
  eden space 14848K, 99% used [0x00000000f5580000,0x00000000f63fffe0,0x00000000f6400000)
  from space 6144K, 0% used [0x00000000f6a00000,0x00000000f6a00000,0x00000000f7000000)
  to   space 512K, 0% used [0x00000000f6500000,0x00000000f6500000,0x00000000f6580000)
 ParOldGen       total 349696K, used 349692K [0x00000000e0000000, 0x00000000f5580000, 0x00000000f5580000)
  object space 349696K, 99% used [0x00000000e0000000,0x00000000f557f038,0x00000000f5580000)
 Metaspace       used 52930K, committed 53824K, reserved 1097728K
  class space    used 5110K, committed 5504K, reserved 1048576K
}
Event: 896.712 GC heap before
{Heap before GC invocations=571 (full 466):
 PSYoungGen      total 20992K, used 14848K [0x00000000f5580000, 0x00000000f7100000, 0x0000000100000000)
  eden space 14848K, 100% used [0x00000000f5580000,0x00000000f6400000,0x00000000f6400000)
  from space 6144K, 0% used [0x00000000f6a00000,0x00000000f6a00000,0x00000000f7000000)
  to   space 512K, 0% used [0x00000000f6500000,0x00000000f6500000,0x00000000f6580000)
 ParOldGen       total 349696K, used 349694K [0x00000000e0000000, 0x00000000f5580000, 0x00000000f5580000)
  object space 349696K, 99% used [0x00000000e0000000,0x00000000f557f848,0x00000000f5580000)
 Metaspace       used 52930K, committed 53824K, reserved 1097728K
  class space    used 5110K, committed 5504K, reserved 1048576K
}
Event: 898.539 GC heap after
{Heap after GC invocations=571 (full 466):
 PSYoungGen      total 15360K, used 14847K [0x00000000f5580000, 0x00000000f7100000, 0x0000000100000000)
  eden space 14848K, 99% used [0x00000000f5580000,0x00000000f63fffa0,0x00000000f6400000)
  from space 512K, 0% used [0x00000000f6500000,0x00000000f6500000,0x00000000f6580000)
  to   space 6144K, 0% used [0x00000000f6a00000,0x00000000f6a00000,0x00000000f7000000)
 ParOldGen       total 349696K, used 349693K [0x00000000e0000000, 0x00000000f5580000, 0x00000000f5580000)
  object space 349696K, 99% used [0x00000000e0000000,0x00000000f557f6f8,0x00000000f5580000)
 Metaspace       used 52930K, committed 53824K, reserved 1097728K
  class space    used 5110K, committed 5504K, reserved 1048576K
}
Event: 898.540 GC heap before
{Heap before GC invocations=572 (full 467):
 PSYoungGen      total 15360K, used 14848K [0x00000000f5580000, 0x00000000f7100000, 0x0000000100000000)
  eden space 14848K, 100% used [0x00000000f5580000,0x00000000f6400000,0x00000000f6400000)
  from space 512K, 0% used [0x00000000f6500000,0x00000000f6500000,0x00000000f6580000)
  to   space 6144K, 0% used [0x00000000f6a00000,0x00000000f6a00000,0x00000000f7000000)
 ParOldGen       total 349696K, used 349693K [0x00000000e0000000, 0x00000000f5580000, 0x00000000f5580000)
  object space 349696K, 99% used [0x00000000e0000000,0x00000000f557f6f8,0x00000000f5580000)
 Metaspace       used 52930K, committed 53824K, reserved 1097728K
  class space    used 5110K, committed 5504K, reserved 1048576K
}
Event: 900.314 GC heap after
{Heap after GC invocations=572 (full 467):
 PSYoungGen      total 20992K, used 14848K [0x00000000f5580000, 0x00000000f7100000, 0x0000000100000000)
  eden space 14848K, 100% used [0x00000000f5580000,0x00000000f6400000,0x00000000f6400000)
  from space 6144K, 0% used [0x00000000f6a00000,0x00000000f6a00000,0x00000000f7000000)
  to   space 512K, 0% used [0x00000000f6500000,0x00000000f6500000,0x00000000f6580000)
 ParOldGen       total 349696K, used 349693K [0x00000000e0000000, 0x00000000f5580000, 0x00000000f5580000)
  object space 349696K, 99% used [0x00000000e0000000,0x00000000f557f6f8,0x00000000f5580000)
 Metaspace       used 52930K, committed 53824K, reserved 1097728K
  class space    used 5110K, committed 5504K, reserved 1048576K
}
Event: 900.316 GC heap before
{Heap before GC invocations=573 (full 468):
 PSYoungGen      total 20992K, used 14848K [0x00000000f5580000, 0x00000000f7100000, 0x0000000100000000)
  eden space 14848K, 100% used [0x00000000f5580000,0x00000000f6400000,0x00000000f6400000)
  from space 6144K, 0% used [0x00000000f6a00000,0x00000000f6a00000,0x00000000f7000000)
  to   space 512K, 0% used [0x00000000f6500000,0x00000000f6500000,0x00000000f6580000)
 ParOldGen       total 349696K, used 349695K [0x00000000e0000000, 0x00000000f5580000, 0x00000000f5580000)
  object space 349696K, 99% used [0x00000000e0000000,0x00000000f557ff98,0x00000000f5580000)
 Metaspace       used 52930K, committed 53824K, reserved 1097728K
  class space    used 5110K, committed 5504K, reserved 1048576K
}
Event: 902.002 GC heap after
{Heap after GC invocations=573 (full 468):
 PSYoungGen      total 15360K, used 14847K [0x00000000f5580000, 0x00000000f7100000, 0x0000000100000000)
  eden space 14848K, 99% used [0x00000000f5580000,0x00000000f63fff08,0x00000000f6400000)
  from space 512K, 0% used [0x00000000f6500000,0x00000000f6500000,0x00000000f6580000)
  to   space 6144K, 0% used [0x00000000f6a00000,0x00000000f6a00000,0x00000000f7000000)
 ParOldGen       total 349696K, used 349695K [0x00000000e0000000, 0x00000000f5580000, 0x00000000f5580000)
  object space 349696K, 99% used [0x00000000e0000000,0x00000000f557fe98,0x00000000f5580000)
 Metaspace       used 52930K, committed 53824K, reserved 1097728K
  class space    used 5110K, committed 5504K, reserved 1048576K
}
Event: 902.004 GC heap before
{Heap before GC invocations=574 (full 469):
 PSYoungGen      total 15360K, used 14847K [0x00000000f5580000, 0x00000000f7100000, 0x0000000100000000)
  eden space 14848K, 99% used [0x00000000f5580000,0x00000000f63ffff8,0x00000000f6400000)
  from space 512K, 0% used [0x00000000f6500000,0x00000000f6500000,0x00000000f6580000)
  to   space 6144K, 0% used [0x00000000f6a00000,0x00000000f6a00000,0x00000000f7000000)
 ParOldGen       total 349696K, used 349696K [0x00000000e0000000, 0x00000000f5580000, 0x00000000f5580000)
  object space 349696K, 100% used [0x00000000e0000000,0x00000000f5580000,0x00000000f5580000)
 Metaspace       used 52930K, committed 53824K, reserved 1097728K
  class space    used 5110K, committed 5504K, reserved 1048576K
}
Event: 903.655 GC heap after
{Heap after GC invocations=574 (full 469):
 PSYoungGen      total 20992K, used 14847K [0x00000000f5580000, 0x00000000f7100000, 0x0000000100000000)
  eden space 14848K, 99% used [0x00000000f5580000,0x00000000f63fff00,0x00000000f6400000)
  from space 6144K, 0% used [0x00000000f6a00000,0x00000000f6a00000,0x00000000f7000000)
  to   space 512K, 0% used [0x00000000f6500000,0x00000000f6500000,0x00000000f6580000)
 ParOldGen       total 349696K, used 349695K [0x00000000e0000000, 0x00000000f5580000, 0x00000000f5580000)
  object space 349696K, 99% used [0x00000000e0000000,0x00000000f557ffc0,0x00000000f5580000)
 Metaspace       used 52930K, committed 53824K, reserved 1097728K
  class space    used 5110K, committed 5504K, reserved 1048576K
}
Event: 903.656 GC heap before
{Heap before GC invocations=575 (full 470):
 PSYoungGen      total 20992K, used 14848K [0x00000000f5580000, 0x00000000f7100000, 0x0000000100000000)
  eden space 14848K, 100% used [0x00000000f5580000,0x00000000f6400000,0x00000000f6400000)
  from space 6144K, 0% used [0x00000000f6a00000,0x00000000f6a00000,0x00000000f7000000)
  to   space 512K, 0% used [0x00000000f6500000,0x00000000f6500000,0x00000000f6580000)
 ParOldGen       total 349696K, used 349695K [0x00000000e0000000, 0x00000000f5580000, 0x00000000f5580000)
  object space 349696K, 99% used [0x00000000e0000000,0x00000000f557ffc0,0x00000000f5580000)
 Metaspace       used 52930K, committed 53824K, reserved 1097728K
  class space    used 5110K, committed 5504K, reserved 1048576K
}
Event: 905.318 GC heap after
{Heap after GC invocations=575 (full 470):
 PSYoungGen      total 15360K, used 14847K [0x00000000f5580000, 0x00000000f7100000, 0x0000000100000000)
  eden space 14848K, 99% used [0x00000000f5580000,0x00000000f63fff00,0x00000000f6400000)
  from space 512K, 0% used [0x00000000f6500000,0x00000000f6500000,0x00000000f6580000)
  to   space 6144K, 0% used [0x00000000f6a00000,0x00000000f6a00000,0x00000000f7000000)
 ParOldGen       total 349696K, used 349695K [0x00000000e0000000, 0x00000000f5580000, 0x00000000f5580000)
  object space 349696K, 99% used [0x00000000e0000000,0x00000000f557ffc0,0x00000000f5580000)
 Metaspace       used 52930K, committed 53824K, reserved 1097728K
  class space    used 5110K, committed 5504K, reserved 1048576K
}
Event: 905.319 GC heap before
{Heap before GC invocations=576 (full 471):
 PSYoungGen      total 15360K, used 14847K [0x00000000f5580000, 0x00000000f7100000, 0x0000000100000000)
  eden space 14848K, 99% used [0x00000000f5580000,0x00000000f63fff58,0x00000000f6400000)
  from space 512K, 0% used [0x00000000f6500000,0x00000000f6500000,0x00000000f6580000)
  to   space 6144K, 0% used [0x00000000f6a00000,0x00000000f6a00000,0x00000000f7000000)
 ParOldGen       total 349696K, used 349695K [0x00000000e0000000, 0x00000000f5580000, 0x00000000f5580000)
  object space 349696K, 99% used [0x00000000e0000000,0x00000000f557ffc0,0x00000000f5580000)
 Metaspace       used 52930K, committed 53824K, reserved 1097728K
  class space    used 5110K, committed 5504K, reserved 1048576K
}
Event: 907.003 GC heap after
{Heap after GC invocations=576 (full 471):
 PSYoungGen      total 20992K, used 14847K [0x00000000f5580000, 0x00000000f7100000, 0x0000000100000000)
  eden space 14848K, 99% used [0x00000000f5580000,0x00000000f63fff18,0x00000000f6400000)
  from space 6144K, 0% used [0x00000000f6a00000,0x00000000f6a00000,0x00000000f7000000)
  to   space 512K, 0% used [0x00000000f6500000,0x00000000f6500000,0x00000000f6580000)
 ParOldGen       total 349696K, used 349695K [0x00000000e0000000, 0x00000000f5580000, 0x00000000f5580000)
  object space 349696K, 99% used [0x00000000e0000000,0x00000000f557ffc0,0x00000000f5580000)
 Metaspace       used 52930K, committed 53824K, reserved 1097728K
  class space    used 5110K, committed 5504K, reserved 1048576K
}
Event: 907.003 GC heap before
{Heap before GC invocations=577 (full 472):
 PSYoungGen      total 20992K, used 14847K [0x00000000f5580000, 0x00000000f7100000, 0x0000000100000000)
  eden space 14848K, 99% used [0x00000000f5580000,0x00000000f63fff18,0x00000000f6400000)
  from space 6144K, 0% used [0x00000000f6a00000,0x00000000f6a00000,0x00000000f7000000)
  to   space 512K, 0% used [0x00000000f6500000,0x00000000f6500000,0x00000000f6580000)
 ParOldGen       total 349696K, used 349695K [0x00000000e0000000, 0x00000000f5580000, 0x00000000f5580000)
  object space 349696K, 99% used [0x00000000e0000000,0x00000000f557ffc0,0x00000000f5580000)
 Metaspace       used 52930K, committed 53824K, reserved 1097728K
  class space    used 5110K, committed 5504K, reserved 1048576K
}
Event: 908.827 GC heap after
{Heap after GC invocations=577 (full 472):
 PSYoungGen      total 15360K, used 14847K [0x00000000f5580000, 0x00000000f7100000, 0x0000000100000000)
  eden space 14848K, 99% used [0x00000000f5580000,0x00000000f63fff18,0x00000000f6400000)
  from space 512K, 0% used [0x00000000f6500000,0x00000000f6500000,0x00000000f6580000)
  to   space 6144K, 0% used [0x00000000f6a00000,0x00000000f6a00000,0x00000000f7000000)
 ParOldGen       total 349696K, used 349695K [0x00000000e0000000, 0x00000000f5580000, 0x00000000f5580000)
  object space 349696K, 99% used [0x00000000e0000000,0x00000000f557ffc0,0x00000000f5580000)
 Metaspace       used 52930K, committed 53824K, reserved 1097728K
  class space    used 5110K, committed 5504K, reserved 1048576K
}
Event: 908.844 GC heap before
{Heap before GC invocations=578 (full 473):
 PSYoungGen      total 15360K, used 14847K [0x00000000f5580000, 0x00000000f7100000, 0x0000000100000000)
  eden space 14848K, 99% used [0x00000000f5580000,0x00000000f63fff18,0x00000000f6400000)
  from space 512K, 0% used [0x00000000f6500000,0x00000000f6500000,0x00000000f6580000)
  to   space 6144K, 0% used [0x00000000f6a00000,0x00000000f6a00000,0x00000000f7000000)
 ParOldGen       total 349696K, used 349695K [0x00000000e0000000, 0x00000000f5580000, 0x00000000f5580000)
  object space 349696K, 99% used [0x00000000e0000000,0x00000000f557ffc0,0x00000000f5580000)
 Metaspace       used 52930K, committed 53824K, reserved 1097728K
  class space    used 5110K, committed 5504K, reserved 1048576K
}
Event: 910.699 GC heap after
{Heap after GC invocations=578 (full 473):
 PSYoungGen      total 20992K, used 14847K [0x00000000f5580000, 0x00000000f7100000, 0x0000000100000000)
  eden space 14848K, 99% used [0x00000000f5580000,0x00000000f63fff18,0x00000000f6400000)
  from space 6144K, 0% used [0x00000000f6a00000,0x00000000f6a00000,0x00000000f7000000)
  to   space 512K, 0% used [0x00000000f6500000,0x00000000f6500000,0x00000000f6580000)
 ParOldGen       total 349696K, used 349694K [0x00000000e0000000, 0x00000000f5580000, 0x00000000f5580000)
  object space 349696K, 99% used [0x00000000e0000000,0x00000000f557fa20,0x00000000f5580000)
 Metaspace       used 52930K, committed 53824K, reserved 1097728K
  class space    used 5110K, committed 5504K, reserved 1048576K
}
Event: 910.699 GC heap before
{Heap before GC invocations=579 (full 474):
 PSYoungGen      total 20992K, used 14847K [0x00000000f5580000, 0x00000000f7100000, 0x0000000100000000)
  eden space 14848K, 99% used [0x00000000f5580000,0x00000000f63fff18,0x00000000f6400000)
  from space 6144K, 0% used [0x00000000f6a00000,0x00000000f6a00000,0x00000000f7000000)
  to   space 512K, 0% used [0x00000000f6500000,0x00000000f6500000,0x00000000f6580000)
 ParOldGen       total 349696K, used 349694K [0x00000000e0000000, 0x00000000f5580000, 0x00000000f5580000)
  object space 349696K, 99% used [0x00000000e0000000,0x00000000f557fa20,0x00000000f5580000)
 Metaspace       used 52930K, committed 53824K, reserved 1097728K
  class space    used 5110K, committed 5504K, reserved 1048576K
}
Event: 912.417 GC heap after
{Heap after GC invocations=579 (full 474):
 PSYoungGen      total 15360K, used 14847K [0x00000000f5580000, 0x00000000f7100000, 0x0000000100000000)
  eden space 14848K, 99% used [0x00000000f5580000,0x00000000f63fff18,0x00000000f6400000)
  from space 512K, 0% used [0x00000000f6500000,0x00000000f6500000,0x00000000f6580000)
  to   space 6144K, 0% used [0x00000000f6a00000,0x00000000f6a00000,0x00000000f7000000)
 ParOldGen       total 349696K, used 349694K [0x00000000e0000000, 0x00000000f5580000, 0x00000000f5580000)
  object space 349696K, 99% used [0x00000000e0000000,0x00000000f557fa20,0x00000000f5580000)
 Metaspace       used 52930K, committed 53824K, reserved 1097728K
  class space    used 5110K, committed 5504K, reserved 1048576K
}

Dll operation events (9 events):
Event: 0.002 Loaded shared library /nix/store/gpxl5qgg8kicmcvivwmybwjlpf7wh20l-graalvm17-ce-22.3.0/lib/libjava.so
Event: 0.025 Loaded shared library /nix/store/gpxl5qgg8kicmcvivwmybwjlpf7wh20l-graalvm17-ce-22.3.0/lib/libjsvml.so
Event: 0.361 Loaded shared library /nix/store/gpxl5qgg8kicmcvivwmybwjlpf7wh20l-graalvm17-ce-22.3.0/lib/libnio.so
Event: 0.374 Loaded shared library /nix/store/gpxl5qgg8kicmcvivwmybwjlpf7wh20l-graalvm17-ce-22.3.0/lib/libzip.so
Event: 0.383 Loaded shared library /nix/store/gpxl5qgg8kicmcvivwmybwjlpf7wh20l-graalvm17-ce-22.3.0/lib/libjvmcicompiler.so
Event: 0.959 Loaded shared library /nix/store/gpxl5qgg8kicmcvivwmybwjlpf7wh20l-graalvm17-ce-22.3.0/lib/libjimage.so
Event: 1.689 Loaded shared library /nix/store/gpxl5qgg8kicmcvivwmybwjlpf7wh20l-graalvm17-ce-22.3.0/lib/libnet.so
Event: 6.907 Loaded shared library /home/runner/.cache/jdt-language-server/config/org.eclipse.equinox.launcher/org.eclipse.equinox.launcher.gtk.linux.x86_64_1.2.400.v20211117-0650/eclipse_11600.so
Event: 19.507 Loaded shared library /nix/store/gpxl5qgg8kicmcvivwmybwjlpf7wh20l-graalvm17-ce-22.3.0/lib/libextnet.so

Deoptimization events (20 events):
Event: 93.714 Thread 0x00007f144c4c9670 DEOPT PACKING pc=0x00007f14a0728b85 sp=0x00007f1465ffe530
Event: 93.714 Thread 0x00007f144c4c9670 DEOPT UNPACKING pc=0x00007f149f505325 sp=0x00007f1465ffda20 mode 0
Event: 93.790 Thread 0x00007f144c4c9670 DEOPT PACKING pc=0x00007f14a0728b85 sp=0x00007f1465ffe530
Event: 93.790 Thread 0x00007f144c4c9670 DEOPT UNPACKING pc=0x00007f149f505325 sp=0x00007f1465ffda20 mode 0
Event: 93.793 Thread 0x00007f144c4c9670 DEOPT PACKING pc=0x00007f14a0728b85 sp=0x00007f1465ffe530
Event: 93.793 Thread 0x00007f144c4c9670 DEOPT UNPACKING pc=0x00007f149f505325 sp=0x00007f1465ffda20 mode 0
Event: 167.011 Thread 0x00007f14b83ad640 DEOPT PACKING pc=0x00007f14a0368749 sp=0x00007f14667fcd70
Event: 167.011 Thread 0x00007f14b83ad640 DEOPT UNPACKING pc=0x00007f149f505325 sp=0x00007f14667fc288 mode 0
Event: 167.011 Thread 0x00007f14b83ad640 DEOPT PACKING pc=0x00007f149fc8eb59 sp=0x00007f14667fcdb0
Event: 167.011 Thread 0x00007f14b83ad640 DEOPT UNPACKING pc=0x00007f149f505325 sp=0x00007f14667fc2e0 mode 0
Event: 194.921 Thread 0x00007f14b83ad640 DEOPT PACKING pc=0x00007f14a0732ff8 sp=0x00007f14667fce90
Event: 194.921 Thread 0x00007f14b83ad640 DEOPT UNPACKING pc=0x00007f149f505325 sp=0x00007f14667fc3c0 mode 0
Event: 199.244 Thread 0x00007f14b83ad640 Uncommon trap: trap_request=0xffffffed fr.pc=0x00007f14a715770e relative=0x000000000000058e
Event: 199.244 Thread 0x00007f14b83ad640 Uncommon trap: reason=null_assert_or_unreached0 action=reinterpret pc=0x00007f14a715770e method=org.eclipse.core.internal.watson.ElementTree.getElementData(Lorg/eclipse/core/runtime/IPath;)Ljava/lang/Object; @ 15 jvmci
Event: 199.244 Thread 0x00007f14b83ad640 DEOPT PACKING pc=0x00007f14a715770e sp=0x00007f14667fd490
Event: 199.244 Thread 0x00007f14b83ad640 DEOPT UNPACKING pc=0x00007f149f505325 sp=0x00007f14667fc8a8 mode 3
Event: 908.838 Thread 0x00007f14b80b1c10 Uncommon trap: trap_request=0xffffff8f fr.pc=0x00007f14a704841b relative=0x000000000000017b
Event: 908.838 Thread 0x00007f14b80b1c10 Uncommon trap: reason=constraint action=none pc=0x00007f14a704841b method=java.io.ByteArrayOutputStream.<init>(I)V @ 0 jvmci
Event: 908.838 Thread 0x00007f14b80b1c10 DEOPT PACKING pc=0x00007f14a704841b sp=0x00007f149eecb020
Event: 908.838 Thread 0x00007f14b80b1c10 DEOPT UNPACKING pc=0x00007f149f505325 sp=0x00007f149eeca4c8 mode 3

Classes unloaded (20 events):
Event: 170.209 Thread 0x00007f14b80a1620 Unloading class 0x0000000800d05800 'java/lang/invoke/LambdaForm$MH+0x0000000800d05800'
Event: 170.209 Thread 0x00007f14b80a1620 Unloading class 0x0000000800d05000 'java/lang/invoke/LambdaForm$MH+0x0000000800d05000'
Event: 170.209 Thread 0x00007f14b80a1620 Unloading class 0x0000000800d04c00 'java/lang/invoke/LambdaForm$MH+0x0000000800d04c00'
Event: 170.209 Thread 0x00007f14b80a1620 Unloading class 0x0000000800d04800 'java/lang/invoke/LambdaForm$MH+0x0000000800d04800'
Event: 176.132 Thread 0x00007f14b80a1620 Unloading class 0x0000000800f20c00 'jdk/internal/reflect/GeneratedConstructorAccessor15'
Event: 176.132 Thread 0x00007f14b80a1620 Unloading class 0x0000000800f20400 'jdk/internal/reflect/GeneratedConstructorAccessor13'
Event: 176.132 Thread 0x00007f14b80a1620 Unloading class 0x0000000800f20000 'jdk/internal/reflect/GeneratedConstructorAccessor12'
Event: 176.132 Thread 0x00007f14b80a1620 Unloading class 0x0000000800f19400 'jdk/internal/reflect/GeneratedConstructorAccessor11'
Event: 180.122 Thread 0x00007f14b80a1620 Unloading class 0x0000000801059000 'java/lang/invoke/LambdaForm$MH+0x0000000801059000'
Event: 180.122 Thread 0x00007f14b80a1620 Unloading class 0x0000000801058c00 'java/lang/invoke/LambdaForm$MH+0x0000000801058c00'
Event: 180.122 Thread 0x00007f14b80a1620 Unloading class 0x0000000801058800 'java/lang/invoke/LambdaForm$MH+0x0000000801058800'
Event: 180.122 Thread 0x00007f14b80a1620 Unloading class 0x0000000801058400 'java/lang/invoke/LambdaForm$MH+0x0000000801058400'
Event: 180.122 Thread 0x00007f14b80a1620 Unloading class 0x0000000801058000 'java/lang/invoke/LambdaForm$MH+0x0000000801058000'
Event: 180.122 Thread 0x00007f14b80a1620 Unloading class 0x0000000801052400 'java/lang/invoke/LambdaForm$MH+0x0000000801052400'
Event: 180.122 Thread 0x00007f14b80a1620 Unloading class 0x0000000800d98400 'java/lang/invoke/LambdaForm$MH+0x0000000800d98400'
Event: 180.122 Thread 0x00007f14b80a1620 Unloading class 0x0000000800d04000 'java/lang/invoke/LambdaForm$MH+0x0000000800d04000'
Event: 194.195 Thread 0x00007f14b80a1620 Unloading class 0x0000000801089400 'jdk/internal/reflect/GeneratedSerializationConstructorAccessor4'
Event: 194.195 Thread 0x00007f14b80a1620 Unloading class 0x0000000801089000 'jdk/internal/reflect/GeneratedSerializationConstructorAccessor3'
Event: 194.195 Thread 0x00007f14b80a1620 Unloading class 0x0000000801088c00 'jdk/internal/reflect/GeneratedSerializationConstructorAccessor2'
Event: 194.195 Thread 0x00007f14b80a1620 Unloading class 0x0000000801088800 'jdk/internal/reflect/GeneratedSerializationConstructorAccessor1'

Classes redefined (0 events):
No events

Internal exceptions (20 events):
Event: 49.553 Thread 0x00007f1428000ff0 Exception <a 'sun/nio/fs/UnixException'{0x00000000f5a3c748}> (0x00000000f5a3c748) 
thrown [src/hotspot/share/prims/jni.cpp, line 516]
Event: 49.601 Thread 0x00007f1428000ff0 Exception <a 'sun/nio/fs/UnixException'{0x00000000f5ace710}> (0x00000000f5ace710) 
thrown [src/hotspot/share/prims/jni.cpp, line 516]
Event: 49.603 Thread 0x00007f1428000ff0 Exception <a 'sun/nio/fs/UnixException'{0x00000000f5b6aad0}> (0x00000000f5b6aad0) 
thrown [src/hotspot/share/prims/jni.cpp, line 516]
Event: 49.607 Thread 0x00007f1428000ff0 Exception <a 'sun/nio/fs/UnixException'{0x00000000f5b7fb90}> (0x00000000f5b7fb90) 
thrown [src/hotspot/share/prims/jni.cpp, line 516]
Event: 49.611 Thread 0x00007f1428000ff0 Exception <a 'sun/nio/fs/UnixException'{0x00000000f5b94f50}> (0x00000000f5b94f50) 
thrown [src/hotspot/share/prims/jni.cpp, line 516]
Event: 49.615 Thread 0x00007f1428000ff0 Exception <a 'sun/nio/fs/UnixException'{0x00000000f5bacf58}> (0x00000000f5bacf58) 
thrown [src/hotspot/share/prims/jni.cpp, line 516]
Event: 49.619 Thread 0x00007f1428000ff0 Exception <a 'sun/nio/fs/UnixException'{0x00000000f5bc1d58}> (0x00000000f5bc1d58) 
thrown [src/hotspot/share/prims/jni.cpp, line 516]
Event: 49.693 Thread 0x00007f1428000ff0 Exception <a 'sun/nio/fs/UnixException'{0x00000000f5c32570}> (0x00000000f5c32570) 
thrown [src/hotspot/share/prims/jni.cpp, line 516]
Event: 49.699 Thread 0x00007f1428000ff0 Exception <a 'sun/nio/fs/UnixException'{0x00000000f5c4ac48}> (0x00000000f5c4ac48) 
thrown [src/hotspot/share/prims/jni.cpp, line 516]
Event: 50.199 Thread 0x00007f144c34c950 Exception <a 'java/lang/NoSuchMethodError'{0x00000000f5581aa0}: 'java.lang.Object java.lang.invoke.DirectMethodHandle$Holder.invokeStatic(java.lang.Object, java.lang.Object, java.lang.Object, long)'> (0x00000000f5581aa0) 
thrown [src/hotspot/share/interpreter/linkResolver.cpp, line 758]
Event: 50.200 Thread 0x00007f144c34c950 Exception <a 'java/lang/NoSuchMethodError'{0x00000000f558aff0}: 'java.lang.Object java.lang.invoke.DirectMethodHandle$Holder.newInvokeSpecial(java.lang.Object, java.lang.Object, java.lang.Object, long)'> (0x00000000f558aff0) 
thrown [src/hotspot/share/interpreter/linkResolver.cpp, line 758]
Event: 50.201 Thread 0x00007f144c34c950 Exception <a 'java/lang/NoSuchMethodError'{0x00000000f5593810}: 'java.lang.Object java.lang.invoke.DirectMethodHandle$Holder.invokeSpecial(java.lang.Object, java.lang.Object, java.lang.Object, java.lang.Object, long)'> (0x00000000f5593810) 
thrown [src/hotspot/share/interpreter/linkResolver.cpp, line 758]
Event: 50.202 Thread 0x00007f144c34c950 Exception <a 'java/lang/NoSuchMethodError'{0x00000000f5597f10}: 'java.lang.Object java.lang.invoke.Invokers$Holder.linkToTargetMethod(java.lang.Object, java.lang.Object, long, java.lang.Object)'> (0x00000000f5597f10) 
thrown [src/hotspot/share/interpreter/linkResolver.cpp, line 758]
Event: 52.713 Thread 0x00007f144c34c950 Exception <a 'java/lang/NoSuchMethodError'{0x00000000f5b6b6f0}: 'int java.lang.invoke.DirectMethodHandle$Holder.invokeStatic(java.lang.Object, java.lang.Object, java.lang.Object, int)'> (0x00000000f5b6b6f0) 
thrown [src/hotspot/share/interpreter/linkResolver.cpp, line 758]
Event: 58.888 Thread 0x00007f144c4c9670 Implicit null exception at 0x00007f14a7157a32 to 0x00007f14a715b4d5
Event: 73.198 Thread 0x00007f1428000ff0 Implicit null exception at 0x00007f14a70d8e3f to 0x00007f14a70d8f83
Event: 199.244 Thread 0x00007f14b83ad640 Implicit null exception at 0x00007f14a715729c to 0x00007f14a71576f3
Event: 908.838 Thread 0x00007f14b80b1c10 Exception <a 'java/lang/OutOfMemoryError'{0x00000000e00122f8}> (0x00000000e00122f8) 
thrown [src/hotspot/share/gc/shared/memAllocator.cpp, line 138]
Event: 908.838 Thread 0x00007f14b80b1c10 Implicit null exception at 0x00007f14a70483d1 to 0x00007f14a7048400
Event: 912.417 Thread 0x00007f14b80b1c10 Exception <a 'java/lang/OutOfMemoryError'{0x00000000e00117b8}> (0x00000000e00117b8) 
thrown [src/hotspot/share/gc/shared/memAllocator.cpp, line 136]

VM Operations (20 events):
Event: 891.613 Executing VM operation: ParallelGCFailedAllocation
Event: 893.309 Executing VM operation: ParallelGCFailedAllocation done
Event: 893.311 Executing VM operation: ParallelGCFailedAllocation
Event: 895.022 Executing VM operation: ParallelGCFailedAllocation done
Event: 895.022 Executing VM operation: ParallelGCFailedAllocation
Event: 896.709 Executing VM operation: ParallelGCFailedAllocation done
Event: 896.709 Executing VM operation: ParallelGCFailedAllocation
Event: 898.539 Executing VM operation: ParallelGCFailedAllocation done
Event: 898.539 Executing VM operation: ParallelGCFailedAllocation
Event: 900.314 Executing VM operation: ParallelGCFailedAllocation done
Event: 900.314 Executing VM operation: ParallelGCFailedAllocation
Event: 902.002 Executing VM operation: ParallelGCFailedAllocation done
Event: 902.004 Executing VM operation: ParallelGCFailedAllocation
Event: 903.655 Executing VM operation: ParallelGCFailedAllocation done
Event: 903.655 Executing VM operation: ParallelGCFailedAllocation
Event: 905.318 Executing VM operation: ParallelGCFailedAllocation done
Event: 905.318 Executing VM operation: ParallelGCFailedAllocation
Event: 908.827 Executing VM operation: ParallelGCFailedAllocation done
Event: 908.838 Executing VM operation: ParallelGCFailedAllocation
Event: 912.417 Executing VM operation: ParallelGCFailedAllocation done

Events (20 events):
Event: 81.304 Thread 0x00007f14b80b4180 flushing nmethod 0x00007f14a08a9490
Event: 81.304 Thread 0x00007f14b80b4180 flushing nmethod 0x00007f14a08f2810
Event: 81.304 Thread 0x00007f14b80b4180 flushing nmethod 0x00007f14a08f9d10
Event: 81.304 Thread 0x00007f14b80b4180 flushing nmethod 0x00007f14a0906990
Event: 81.304 Thread 0x00007f14b80b4180 flushing nmethod 0x00007f14a091a810
Event: 81.304 Thread 0x00007f14b80b4180 flushing nmethod 0x00007f14a091f710
Event: 81.304 Thread 0x00007f14b80b4180 flushing nmethod 0x00007f14a0925790
Event: 81.304 Thread 0x00007f14b80b4180 flushing nmethod 0x00007f14a0928590
Event: 81.304 Thread 0x00007f14b80b4180 flushing nmethod 0x00007f14a0931c90
Event: 81.304 Thread 0x00007f14b80b4180 flushing nmethod 0x00007f14a0937910
Event: 81.304 Thread 0x00007f14b80b4180 flushing nmethod 0x00007f14a0946210
Event: 81.305 Thread 0x00007f14b80b4180 flushing nmethod 0x00007f14a0967990
Event: 81.305 Thread 0x00007f14b80b4180 flushing nmethod 0x00007f14a0982790
Event: 81.305 Thread 0x00007f14b80b4180 flushing nmethod 0x00007f14a098fa10
Event: 81.305 Thread 0x00007f14b80b4180 flushing nmethod 0x00007f14a0990890
Event: 81.305 Thread 0x00007f14b80b4180 flushing nmethod 0x00007f14a09b3690
Event: 159.295 Thread 0x00007f14400010d0 Thread exited: 0x00007f14400010d0
Event: 159.295 Thread 0x00007f1434001270 Thread exited: 0x00007f1434001270
Event: 319.110 Thread 0x00007f141c11f520 Thread added: 0x00007f141c11f520
Event: 319.110 Protecting memory [0x00007f1465900000,0x00007f1465904000] with protection modes 0


Dynamic libraries:
e0000000-f2f00000 rw-p 00000000 00:00 0 
f2f00000-f7100000 rw-p 00000000 00:00 0 
f7100000-100000000 ---p 00000000 00:00 0 
800000000-800449000 rw-p 00001000 00:3ab 4611686019135357769             /nix/store/gpxl5qgg8kicmcvivwmybwjlpf7wh20l-graalvm17-ce-22.3.0/lib/server/classes.jsa
800449000-800bc8000 r--p 0044a000 00:3ab 4611686019135357769             /nix/store/gpxl5qgg8kicmcvivwmybwjlpf7wh20l-graalvm17-ce-22.3.0/lib/server/classes.jsa
800bc8000-800c00000 ---p 00000000 00:00 0 
800c00000-800c10000 rw-p 00000000 00:00 0 
800c10000-800c30000 rw-p 00000000 00:00 0 
800c30000-800cb0000 rw-p 00000000 00:00 0 
800cb0000-800cf0000 rw-p 00000000 00:00 0 
800cf0000-800db0000 rw-p 00000000 00:00 0 
800db0000-800df0000 rw-p 00000000 00:00 0 
800df0000-800f70000 rw-p 00000000 00:00 0 
800f70000-800ff0000 rw-p 00000000 00:00 0 
800ff0000-801160000 rw-p 00000000 00:00 0 
801160000-840c00000 ---p 00000000 00:00 0 
55c65ab11000-55c65ab12000 r-xp 00000000 00:3ab 4611686019099417844       /nix/store/gpxl5qgg8kicmcvivwmybwjlpf7wh20l-graalvm17-ce-22.3.0/bin/.java-wrapped
55c65ab13000-55c65ab14000 r--p 00001000 00:3ab 4611686019099417844       /nix/store/gpxl5qgg8kicmcvivwmybwjlpf7wh20l-graalvm17-ce-22.3.0/bin/.java-wrapped
55c65ab14000-55c65ab15000 rw-p 00002000 00:3ab 4611686019099417844       /nix/store/gpxl5qgg8kicmcvivwmybwjlpf7wh20l-graalvm17-ce-22.3.0/bin/.java-wrapped
55c65ab15000-55c65ab16000 rw-p 00004000 00:3ab 4611686019099417844       /nix/store/gpxl5qgg8kicmcvivwmybwjlpf7wh20l-graalvm17-ce-22.3.0/bin/.java-wrapped
55c65ab16000-55c65ab17000 rw-p 00005000 00:3ab 4611686019099417844       /nix/store/gpxl5qgg8kicmcvivwmybwjlpf7wh20l-graalvm17-ce-22.3.0/bin/.java-wrapped
55c65c970000-55c65c9b8000 rw-p 00000000 00:00 0                          [heap]
7f140c000000-7f140c06b000 rw-p 00000000 00:00 0 
7f140c06b000-7f1410000000 ---p 00000000 00:00 0 
7f14124b3000-7f141c000000 r--s 00000000 00:3ab 4611686019135192581       /nix/store/gpxl5qgg8kicmcvivwmybwjlpf7wh20l-graalvm17-ce-22.3.0/lib/modules
7f141c000000-7f141c150000 rw-p 00000000 00:00 0 
7f141c150000-7f1420000000 ---p 00000000 00:00 0 
7f1420000000-7f1420021000 rw-p 00000000 00:00 0 
7f1420021000-7f1424000000 ---p 00000000 00:00 0 
7f1424000000-7f1424112000 rw-p 00000000 00:00 0 
7f1424112000-7f1428000000 ---p 00000000 00:00 0 
7f1428000000-7f1428021000 rw-p 00000000 00:00 0 
7f1428021000-7f142c000000 ---p 00000000 00:00 0 
7f142c000000-7f142c021000 rw-p 00000000 00:00 0 
7f142c021000-7f1430000000 ---p 00000000 00:00 0 
7f1430000000-7f1430021000 rw-p 00000000 00:00 0 
7f1430021000-7f1434000000 ---p 00000000 00:00 0 
7f1434000000-7f143406c000 rw-p 00000000 00:00 0 
7f143406c000-7f1438000000 ---p 00000000 00:00 0 
7f1438000000-7f1438065000 rw-p 00000000 00:00 0 
7f1438065000-7f143c000000 ---p 00000000 00:00 0 
7f143c000000-7f143c021000 rw-p 00000000 00:00 0 
7f143c021000-7f1440000000 ---p 00000000 00:00 0 
7f1440000000-7f14403a0000 rw-p 00000000 00:00 0 
7f14403a0000-7f1444000000 ---p 00000000 00:00 0 
7f1444000000-7f1444021000 rw-p 00000000 00:00 0 
7f1444021000-7f1448000000 ---p 00000000 00:00 0 
7f1448000000-7f144817c000 rw-p 00000000 00:00 0 
7f144817c000-7f144c000000 ---p 00000000 00:00 0 
7f144c000000-7f144c902000 rw-p 00000000 00:00 0 
7f144c902000-7f1450000000 ---p 00000000 00:00 0 
7f1450000000-7f1450025000 rw-p 00000000 00:00 0 
7f1450025000-7f1454000000 ---p 00000000 00:00 0 
7f1454000000-7f1454021000 rw-p 00000000 00:00 0 
7f1454021000-7f1458000000 ---p 00000000 00:00 0 
7f1458000000-7f1458021000 rw-p 00000000 00:00 0 
7f1458021000-7f145c000000 ---p 00000000 00:00 0 
7f145c000000-7f145c021000 rw-p 00000000 00:00 0 
7f145c021000-7f1460000000 ---p 00000000 00:00 0 
7f1460000000-7f1460780000 rw-p 00000000 00:00 0 
7f1460780000-7f1460800000 ---p 00000000 00:00 0 
7f1460800000-7f14609b0000 rw-p 00000000 00:00 0 
7f14609b0000-7f14609f0000 rw-p 00000000 00:00 0 
7f14609f0000-7f1460bb0000 rw-p 00000000 00:00 0 
7f1460bb0000-7f1460bf0000 rw-p 00000000 00:00 0 
7f1460bf0000-7f1460cf0000 rw-p 00000000 00:00 0 
7f1460cf0000-7f1460db0000 rw-p 00000000 00:00 0 
7f1460db0000-7f1460e00000 ---p 00000000 00:00 0 
7f1460e00000-7f1460ff0000 rw-p 00000000 00:00 0 
7f1460ff0000-7f14610f0000 rw-p 00000000 00:00 0 
7f14610f0000-7f14611f0000 rw-p 00000000 00:00 0 
7f14611f0000-7f14612f0000 rw-p 00000000 00:00 0 
7f14612f0000-7f14613f0000 rw-p 00000000 00:00 0 
7f14613f0000-7f14614f0000 rw-p 00000000 00:00 0 
7f14614f0000-7f14615f0000 rw-p 00000000 00:00 0 
7f14615f0000-7f14616f0000 rw-p 00000000 00:00 0 
7f14616f0000-7f14617f0000 rw-p 00000000 00:00 0 
7f14617f0000-7f14618f0000 rw-p 00000000 00:00 0 
7f14618f0000-7f14619f0000 rw-p 00000000 00:00 0 
7f14619f0000-7f1461ff0000 rw-p 00000000 00:00 0 
7f1461ff0000-7f14620f0000 rw-p 00000000 00:00 0 
7f14620f0000-7f14621f0000 rw-p 00000000 00:00 0 
7f14621f0000-7f14624f0000 rw-p 00000000 00:00 0 
7f14624f0000-7f14625f0000 rw-p 00000000 00:00 0 
7f14625f0000-7f1462800000 rw-p 00000000 00:00 0 
7f1462800000-7f1462810000 r-xp 00000000 00:309 365                       /home/runner/.cache/jdt-language-server/config/org.eclipse.equinox.launcher/org.eclipse.equinox.launcher.gtk.linux.x86_64_1.2.400.v20211117-0650/eclipse_11600.so
7f1462810000-7f1462a0f000 ---p 00010000 00:309 365                       /home/runner/.cache/jdt-language-server/config/org.eclipse.equinox.launcher/org.eclipse.equinox.launcher.gtk.linux.x86_64_1.2.400.v20211117-0650/eclipse_11600.so
7f1462a0f000-7f1462a10000 r--p 0000f000 00:309 365                       /home/runner/.cache/jdt-language-server/config/org.eclipse.equinox.launcher/org.eclipse.equinox.launcher.gtk.linux.x86_64_1.2.400.v20211117-0650/eclipse_11600.so
7f1462a10000-7f1462a11000 rw-p 00010000 00:309 365                       /home/runner/.cache/jdt-language-server/config/org.eclipse.equinox.launcher/org.eclipse.equinox.launcher.gtk.linux.x86_64_1.2.400.v20211117-0650/eclipse_11600.so
7f1463f00000-7f1464000000 ---p 00000000 00:00 0 
7f1464000000-7f14645af000 r--p 01122000 00:3ab 4611686019135190040       /nix/store/gpxl5qgg8kicmcvivwmybwjlpf7wh20l-graalvm17-ce-22.3.0/lib/libjvmcicompiler.so
7f14645af000-7f1464700000 r--p 00000000 00:00 0 
7f1464700000-7f146473d000 rw-p 00000000 00:00 0 
7f146473d000-7f1464c5d000 rw-p 0185f000 00:3ab 4611686019135190040       /nix/store/gpxl5qgg8kicmcvivwmybwjlpf7wh20l-graalvm17-ce-22.3.0/lib/libjvmcicompiler.so
7f1464c5d000-7f1465044000 r--p 01d7f000 00:3ab 4611686019135190040       /nix/store/gpxl5qgg8kicmcvivwmybwjlpf7wh20l-graalvm17-ce-22.3.0/lib/libjvmcicompiler.so
7f1465100000-7f1465104000 ---p 00000000 00:00 0 
7f1465104000-7f1465200000 rw-p 00000000 00:00 0 
7f1465300000-7f1465304000 ---p 00000000 00:00 0 
7f1465304000-7f1465400000 rw-p 00000000 00:00 0 
7f1465500000-7f1465504000 ---p 00000000 00:00 0 
7f1465504000-7f1465600000 rw-p 00000000 00:00 0 
7f1465700000-7f1465704000 ---p 00000000 00:00 0 
7f1465704000-7f1465800000 rw-p 00000000 00:00 0 
7f1465900000-7f1465904000 ---p 00000000 00:00 0 
7f1465904000-7f1465a00000 rw-p 00000000 00:00 0 
7f1465b00000-7f1465b04000 ---p 00000000 00:00 0 
7f1465b04000-7f1465c00000 rw-p 00000000 00:00 0 
7f1465d00000-7f1465d04000 ---p 00000000 00:00 0 
7f1465d04000-7f1465e00000 rw-p 00000000 00:00 0 
7f1465f00000-7f1465f04000 ---p 00000000 00:00 0 
7f1465f04000-7f1466000000 rw-p 00000000 00:00 0 
7f1466100000-7f1466104000 ---p 00000000 00:00 0 
7f1466104000-7f1466200000 rw-p 00000000 00:00 0 
7f1466300000-7f1466304000 ---p 00000000 00:00 0 
7f1466304000-7f1466400000 rw-p 00000000 00:00 0 
7f1466500000-7f1466504000 ---p 00000000 00:00 0 
7f1466504000-7f1466600000 rw-p 00000000 00:00 0 
7f1466700000-7f1466704000 ---p 00000000 00:00 0 
7f1466704000-7f1466800000 rw-p 00000000 00:00 0 
7f1466900000-7f1466904000 ---p 00000000 00:00 0 
7f1466904000-7f1466a00000 rw-p 00000000 00:00 0 
7f1466b00000-7f1466b04000 ---p 00000000 00:00 0 
7f1466b04000-7f1466c00000 rw-p 00000000 00:00 0 
7f1466d00000-7f1466d04000 ---p 00000000 00:00 0 
7f1466d04000-7f1466e00000 rw-p 00000000 00:00 0 
7f1467a68000-7f1467f00000 rw-p 00000000 00:00 0 
7f1468000000-7f1468021000 rw-p 00000000 00:00 0 
7f1468021000-7f146c000000 ---p 00000000 00:00 0 
7f146c000000-7f146c021000 rw-p 00000000 00:00 0 
7f146c021000-7f1470000000 ---p 00000000 00:00 0 
7f1470000000-7f1470021000 rw-p 00000000 00:00 0 
7f1470021000-7f1474000000 ---p 00000000 00:00 0 
7f1474000000-7f1474021000 rw-p 00000000 00:00 0 
7f1474021000-7f1478000000 ---p 00000000 00:00 0 
7f1478000000-7f14780d0000 rw-p 00000000 00:00 0 
7f14780d0000-7f147c000000 ---p 00000000 00:00 0 
7f147c000000-7f147cb9c000 rw-p 00000000 00:00 0 
7f147cb9c000-7f1480000000 ---p 00000000 00:00 0 
7f1480000000-7f1480021000 rw-p 00000000 00:00 0 
7f1480021000-7f1484000000 ---p 00000000 00:00 0 
7f1484000000-7f1484021000 rw-p 00000000 00:00 0 
7f1484021000-7f1488000000 ---p 00000000 00:00 0 
7f1488000000-7f1488021000 rw-p 00000000 00:00 0 
7f1488021000-7f148c000000 ---p 00000000 00:00 0 
7f148c000000-7f148c021000 rw-p 00000000 00:00 0 
7f148c021000-7f1490000000 ---p 00000000 00:00 0 
7f1490000000-7f1490021000 rw-p 00000000 00:00 0 
7f1490021000-7f1494000000 ---p 00000000 00:00 0 
7f1494000000-7f1494021000 rw-p 00000000 00:00 0 
7f1494021000-7f1498000000 ---p 00000000 00:00 0 
7f1498000000-7f149804b000 rw-p 00000000 00:00 0 
7f149804b000-7f149c000000 ---p 00000000 00:00 0 
7f149c100000-7f149c104000 ---p 00000000 00:00 0 
7f149c104000-7f149c200000 rw-p 00000000 00:00 0 
7f149c200000-7f149e36a000 r-xp 00000000 00:3ab 4611686019135190040       /nix/store/gpxl5qgg8kicmcvivwmybwjlpf7wh20l-graalvm17-ce-22.3.0/lib/libjvmcicompiler.so
7f149e36a000-7f149e569000 ---p 0216a000 00:3ab 4611686019135190040       /nix/store/gpxl5qgg8kicmcvivwmybwjlpf7wh20l-graalvm17-ce-22.3.0/lib/libjvmcicompiler.so
7f149e569000-7f149e56a000 r--p 02169000 00:3ab 4611686019135190040       /nix/store/gpxl5qgg8kicmcvivwmybwjlpf7wh20l-graalvm17-ce-22.3.0/lib/libjvmcicompiler.so
7f149e56a000-7f149e56c000 rw-p 0216a000 00:3ab 4611686019135190040       /nix/store/gpxl5qgg8kicmcvivwmybwjlpf7wh20l-graalvm17-ce-22.3.0/lib/libjvmcicompiler.so
7f149e56c000-7f149e56d000 rw-p 00000000 00:00 0 
7f149e56d000-7f149e572000 rw-p 023c3000 00:3ab 4611686019135190040       /nix/store/gpxl5qgg8kicmcvivwmybwjlpf7wh20l-graalvm17-ce-22.3.0/lib/libjvmcicompiler.so
7f149e5cb000-7f149e5cf000 ---p 00000000 00:00 0 
7f149e5cf000-7f149e6cb000 rw-p 00000000 00:00 0 
7f149e6cb000-7f149e6cc000 ---p 00000000 00:00 0 
7f149e6cc000-7f149e7cd000 rw-p 00000000 00:00 0 
7f149e7cd000-7f149e7d1000 ---p 00000000 00:00 0 
7f149e7d1000-7f149e8cd000 rw-p 00000000 00:00 0 
7f149e8cd000-7f149e8d1000 ---p 00000000 00:00 0 
7f149e8d1000-7f149e9cd000 rw-p 00000000 00:00 0 
7f149e9cd000-7f149e9d1000 ---p 00000000 00:00 0 
7f149e9d1000-7f149eacd000 rw-p 00000000 00:00 0 
7f149eacd000-7f149ead1000 ---p 00000000 00:00 0 
7f149ead1000-7f149eccd000 rw-p 00000000 00:00 0 
7f149eccd000-7f149ecd1000 ---p 00000000 00:00 0 
7f149ecd1000-7f149eecd000 rw-p 00000000 00:00 0 
7f149eecd000-7f149eed1000 ---p 00000000 00:00 0 
7f149eed1000-7f149efcd000 rw-p 00000000 00:00 0 
7f149efcd000-7f149efd1000 ---p 00000000 00:00 0 
7f149efd1000-7f149f0cd000 rw-p 00000000 00:00 0 
7f149f0cd000-7f149f0d1000 ---p 00000000 00:00 0 
7f149f0d1000-7f149f1cd000 rw-p 00000000 00:00 0 
7f149f1cd000-7f149f4b3000 r--p 00000000 00:1416 28444448                 /usr/lib/locale/locale-archive
7f149f4b3000-7f149f723000 rwxp 00000000 00:00 0 
7f149f723000-7f149fa42000 ---p 00000000 00:00 0 
7f149fa42000-7f14a0a62000 rwxp 00000000 00:00 0 
7f14a0a62000-7f14a6f7a000 ---p 00000000 00:00 0 
7f14a6f7a000-7f14a71ea000 rwxp 00000000 00:00 0 
7f14a71ea000-7f14ae4b3000 ---p 00000000 00:00 0 
7f14ae4b3000-7f14b8000000 r--s 00000000 00:3ab 4611686019135192581       /nix/store/gpxl5qgg8kicmcvivwmybwjlpf7wh20l-graalvm17-ce-22.3.0/lib/modules
7f14b8000000-7f14b8601000 rw-p 00000000 00:00 0 
7f14b8601000-7f14bc000000 ---p 00000000 00:00 0 
7f14bc0fe000-7f14bc102000 ---p 00000000 00:00 0 
7f14bc102000-7f14bc1fe000 rw-p 00000000 00:00 0 
7f14bc1fe000-7f14bc202000 ---p 00000000 00:00 0 
7f14bc202000-7f14bc2fe000 rw-p 00000000 00:00 0 
7f14bc2fe000-7f14bc2ff000 ---p 00000000 00:00 0 
7f14bc2ff000-7f14bc7f0000 rw-p 00000000 00:00 0 
7f14bc7f0000-7f14bcaf0000 rw-p 00000000 00:00 0 
7f14bcaf0000-7f14bcc00000 rw-p 00000000 00:00 0 
7f14bcc67000-7f14bcc69000 r-xp 00000000 00:3ab 4611686019135190017       /nix/store/gpxl5qgg8kicmcvivwmybwjlpf7wh20l-graalvm17-ce-22.3.0/lib/libextnet.so
7f14bcc69000-7f14bcc6a000 r--p 00001000 00:3ab 4611686019135190017       /nix/store/gpxl5qgg8kicmcvivwmybwjlpf7wh20l-graalvm17-ce-22.3.0/lib/libextnet.so
7f14bcc6a000-7f14bcc6b000 rw-p 00002000 00:3ab 4611686019135190017       /nix/store/gpxl5qgg8kicmcvivwmybwjlpf7wh20l-graalvm17-ce-22.3.0/lib/libextnet.so
7f14bcc6b000-7f14bcc6c000 rw-p 00004000 00:3ab 4611686019135190017       /nix/store/gpxl5qgg8kicmcvivwmybwjlpf7wh20l-graalvm17-ce-22.3.0/lib/libextnet.so
7f14bcc6c000-7f14bcc70000 ---p 00000000 00:00 0 
7f14bcc70000-7f14bcc8e000 rw-p 00000000 00:00 0 
7f14bcc8e000-7f14bcc95000 r-xp 00000000 00:3ab 4611686019135192580       /nix/store/gpxl5qgg8kicmcvivwmybwjlpf7wh20l-graalvm17-ce-22.3.0/lib/libzip.so
7f14bcc95000-7f14bcc96000 ---p 00007000 00:3ab 4611686019135192580       /nix/store/gpxl5qgg8kicmcvivwmybwjlpf7wh20l-graalvm17-ce-22.3.0/lib/libzip.so
7f14bcc96000-7f14bcc97000 r--p 00007000 00:3ab 4611686019135192580       /nix/store/gpxl5qgg8kicmcvivwmybwjlpf7wh20l-graalvm17-ce-22.3.0/lib/libzip.so
7f14bcc97000-7f14bcc98000 rw-p 00008000 00:3ab 4611686019135192580       /nix/store/gpxl5qgg8kicmcvivwmybwjlpf7wh20l-graalvm17-ce-22.3.0/lib/libzip.so
7f14bcc98000-7f14bcc9a000 rw-p 0000b000 00:3ab 4611686019135192580       /nix/store/gpxl5qgg8kicmcvivwmybwjlpf7wh20l-graalvm17-ce-22.3.0/lib/libzip.so
7f14bcc9a000-7f14bccaf000 r-xp 00000000 00:3ab 4611686019135192570       /nix/store/gpxl5qgg8kicmcvivwmybwjlpf7wh20l-graalvm17-ce-22.3.0/lib/libnet.so
7f14bccaf000-7f14bccb0000 ---p 00015000 00:3ab 4611686019135192570       /nix/store/gpxl5qgg8kicmcvivwmybwjlpf7wh20l-graalvm17-ce-22.3.0/lib/libnet.so
7f14bccb0000-7f14bccb1000 r--p 00015000 00:3ab 4611686019135192570       /nix/store/gpxl5qgg8kicmcvivwmybwjlpf7wh20l-graalvm17-ce-22.3.0/lib/libnet.so
7f14bccb1000-7f14bccb2000 rw-p 00016000 00:3ab 4611686019135192570       /nix/store/gpxl5qgg8kicmcvivwmybwjlpf7wh20l-graalvm17-ce-22.3.0/lib/libnet.so
7f14bccb2000-7f14bccb5000 rw-p 0001b000 00:3ab 4611686019135192570       /nix/store/gpxl5qgg8kicmcvivwmybwjlpf7wh20l-graalvm17-ce-22.3.0/lib/libnet.so
7f14bccb5000-7f14bccc8000 r-xp 00000000 00:3ab 4611686019135192571       /nix/store/gpxl5qgg8kicmcvivwmybwjlpf7wh20l-graalvm17-ce-22.3.0/lib/libnio.so
7f14bccc8000-7f14bccc9000 r--p 00012000 00:3ab 4611686019135192571       /nix/store/gpxl5qgg8kicmcvivwmybwjlpf7wh20l-graalvm17-ce-22.3.0/lib/libnio.so
7f14bccc9000-7f14bccca000 rw-p 00013000 00:3ab 4611686019135192571       /nix/store/gpxl5qgg8kicmcvivwmybwjlpf7wh20l-graalvm17-ce-22.3.0/lib/libnio.so
7f14bccca000-7f14bcccf000 rw-p 00019000 00:3ab 4611686019135192571       /nix/store/gpxl5qgg8kicmcvivwmybwjlpf7wh20l-graalvm17-ce-22.3.0/lib/libnio.so
7f14bcccf000-7f14bcd9d000 r-xp 00000000 00:3ab 4611686019135190036       /nix/store/gpxl5qgg8kicmcvivwmybwjlpf7wh20l-graalvm17-ce-22.3.0/lib/libjsvml.so
7f14bcd9d000-7f14bcd9e000 r--p 000cd000 00:3ab 4611686019135190036       /nix/store/gpxl5qgg8kicmcvivwmybwjlpf7wh20l-graalvm17-ce-22.3.0/lib/libjsvml.so
7f14bcd9e000-7f14bcd9f000 rw-p 000ce000 00:3ab 4611686019135190036       /nix/store/gpxl5qgg8kicmcvivwmybwjlpf7wh20l-graalvm17-ce-22.3.0/lib/libjsvml.so
7f14bcd9f000-7f14be677000 rw-p 00000000 00:00 0 
7f14be677000-7f14be678000 ---p 00000000 00:00 0 
7f14be678000-7f14be811000 rw-p 00000000 00:00 0 
7f14be811000-7f14be832000 rw-p 00000000 00:00 0 
7f14be832000-7f14be879000 ---p 00000000 00:00 0 
7f14be879000-7f14be87f000 rw-p 00000000 00:00 0 
7f14be87f000-7f14be965000 ---p 00000000 00:00 0 
7f14be965000-7f14be986000 rw-p 00000000 00:00 0 
7f14be986000-7f14bea50000 ---p 00000000 00:00 0 
7f14bea50000-7f14bea55000 rw-p 00000000 00:00 0 
7f14bea55000-7f14bea5c000 ---p 00000000 00:00 0 
7f14bea5c000-7f14bea80000 r-xp 00000000 00:3ab 4611686019135190028       /nix/store/gpxl5qgg8kicmcvivwmybwjlpf7wh20l-graalvm17-ce-22.3.0/lib/libjava.so
7f14bea80000-7f14bea81000 ---p 00024000 00:3ab 4611686019135190028       /nix/store/gpxl5qgg8kicmcvivwmybwjlpf7wh20l-graalvm17-ce-22.3.0/lib/libjava.so
7f14bea81000-7f14bea82000 r--p 00024000 00:3ab 4611686019135190028       /nix/store/gpxl5qgg8kicmcvivwmybwjlpf7wh20l-graalvm17-ce-22.3.0/lib/libjava.so
7f14bea82000-7f14bea83000 rw-p 00025000 00:3ab 4611686019135190028       /nix/store/gpxl5qgg8kicmcvivwmybwjlpf7wh20l-graalvm17-ce-22.3.0/lib/libjava.so
7f14bea83000-7f14bea84000 rw-p 00000000 00:00 0 
7f14bea84000-7f14bea8b000 rw-p 0002f000 00:3ab 4611686019135190028       /nix/store/gpxl5qgg8kicmcvivwmybwjlpf7wh20l-graalvm17-ce-22.3.0/lib/libjava.so
7f14bea8b000-7f14bea93000 rw-s 00000000 00:140f 362                      /tmp/hsperfdata_runner/16
7f14bea93000-7f14bea94000 ---p 00000000 00:00 0 
7f14bea94000-7f14bea95000 r--p 00000000 00:00 0 
7f14bea95000-7f14bea96000 rwxp 00000000 00:00 0 
7f14bea96000-7f14beab1000 r-xp 00000000 00:3ab 4611686019135190032       /nix/store/gpxl5qgg8kicmcvivwmybwjlpf7wh20l-graalvm17-ce-22.3.0/lib/libjimage.so
7f14beab1000-7f14beab2000 ---p 0001b000 00:3ab 4611686019135190032       /nix/store/gpxl5qgg8kicmcvivwmybwjlpf7wh20l-graalvm17-ce-22.3.0/lib/libjimage.so
7f14beab2000-7f14beab4000 r--p 0001b000 00:3ab 4611686019135190032       /nix/store/gpxl5qgg8kicmcvivwmybwjlpf7wh20l-graalvm17-ce-22.3.0/lib/libjimage.so
7f14beab4000-7f14beab5000 rw-p 0001d000 00:3ab 4611686019135190032       /nix/store/gpxl5qgg8kicmcvivwmybwjlpf7wh20l-graalvm17-ce-22.3.0/lib/libjimage.so
7f14beab5000-7f14beab6000 rw-p 00024000 00:3ab 4611686019135190032       /nix/store/gpxl5qgg8kicmcvivwmybwjlpf7wh20l-graalvm17-ce-22.3.0/lib/libjimage.so
7f14beab6000-7f14beaba000 ---p 00000000 00:00 0 
7f14beaba000-7f14bebb6000 rw-p 00000000 00:00 0 
7f14bebb6000-7f14bebc4000 r--p 00000000 00:3ab 4611686019027979927       /nix/store/4nlgxhb09sdr51nc9hdm8az5b08vzkgx-glibc-2.35-163/lib/libm.so.6
7f14bebc4000-7f14bec37000 r-xp 0000e000 00:3ab 4611686019027979927       /nix/store/4nlgxhb09sdr51nc9hdm8az5b08vzkgx-glibc-2.35-163/lib/libm.so.6
7f14bec37000-7f14bec94000 r--p 00081000 00:3ab 4611686019027979927       /nix/store/4nlgxhb09sdr51nc9hdm8az5b08vzkgx-glibc-2.35-163/lib/libm.so.6
7f14bec94000-7f14bec95000 r--p 000dd000 00:3ab 4611686019027979927       /nix/store/4nlgxhb09sdr51nc9hdm8az5b08vzkgx-glibc-2.35-163/lib/libm.so.6
7f14bec95000-7f14bec96000 rw-p 000de000 00:3ab 4611686019027979927       /nix/store/4nlgxhb09sdr51nc9hdm8az5b08vzkgx-glibc-2.35-163/lib/libm.so.6
7f14bec96000-7f14bec97000 r--p 00000000 00:3ab 4611686019027979946       /nix/store/4nlgxhb09sdr51nc9hdm8az5b08vzkgx-glibc-2.35-163/lib/librt.so.1
7f14bec97000-7f14bec98000 r-xp 00001000 00:3ab 4611686019027979946       /nix/store/4nlgxhb09sdr51nc9hdm8az5b08vzkgx-glibc-2.35-163/lib/librt.so.1
7f14bec98000-7f14bec99000 r--p 00002000 00:3ab 4611686019027979946       /nix/store/4nlgxhb09sdr51nc9hdm8az5b08vzkgx-glibc-2.35-163/lib/librt.so.1
7f14bec99000-7f14bec9a000 r--p 00002000 00:3ab 4611686019027979946       /nix/store/4nlgxhb09sdr51nc9hdm8az5b08vzkgx-glibc-2.35-163/lib/librt.so.1
7f14bec9a000-7f14bec9b000 rw-p 00003000 00:3ab 4611686019027979946       /nix/store/4nlgxhb09sdr51nc9hdm8az5b08vzkgx-glibc-2.35-163/lib/librt.so.1
7f14bec9b000-7f14bfdae000 r-xp 00000000 00:3ab 4611686019135360866       /nix/store/gpxl5qgg8kicmcvivwmybwjlpf7wh20l-graalvm17-ce-22.3.0/lib/server/libjvm.so
7f14bfdae000-7f14bfdaf000 ---p 01113000 00:3ab 4611686019135360866       /nix/store/gpxl5qgg8kicmcvivwmybwjlpf7wh20l-graalvm17-ce-22.3.0/lib/server/libjvm.so
7f14bfdaf000-7f14bfe64000 r--p 01113000 00:3ab 4611686019135360866       /nix/store/gpxl5qgg8kicmcvivwmybwjlpf7wh20l-graalvm17-ce-22.3.0/lib/server/libjvm.so
7f14bfe64000-7f14bfe98000 rw-p 011c8000 00:3ab 4611686019135360866       /nix/store/gpxl5qgg8kicmcvivwmybwjlpf7wh20l-graalvm17-ce-22.3.0/lib/server/libjvm.so
7f14bfe98000-7f14bfef4000 rw-p 00000000 00:00 0 
7f14bfef4000-7f14bff1c000 r--p 00000000 00:3ab 4611686019027979918       /nix/store/4nlgxhb09sdr51nc9hdm8az5b08vzkgx-glibc-2.35-163/lib/libc.so.6
7f14bff1c000-7f14c0092000 r-xp 00028000 00:3ab 4611686019027979918       /nix/store/4nlgxhb09sdr51nc9hdm8az5b08vzkgx-glibc-2.35-163/lib/libc.so.6
7f14c0092000-7f14c00ea000 r--p 0019e000 00:3ab 4611686019027979918       /nix/store/4nlgxhb09sdr51nc9hdm8az5b08vzkgx-glibc-2.35-163/lib/libc.so.6
7f14c00ea000-7f14c00ee000 r--p 001f6000 00:3ab 4611686019027979918       /nix/store/4nlgxhb09sdr51nc9hdm8az5b08vzkgx-glibc-2.35-163/lib/libc.so.6
7f14c00ee000-7f14c00f0000 rw-p 001fa000 00:3ab 4611686019027979918       /nix/store/4nlgxhb09sdr51nc9hdm8az5b08vzkgx-glibc-2.35-163/lib/libc.so.6
7f14c00f0000-7f14c00ff000 rw-p 00000000 00:00 0 
7f14c00ff000-7f14c0100000 r--p 00000000 00:3ab 4611686019027979923       /nix/store/4nlgxhb09sdr51nc9hdm8az5b08vzkgx-glibc-2.35-163/lib/libdl.so.2
7f14c0100000-7f14c0101000 r-xp 00001000 00:3ab 4611686019027979923       /nix/store/4nlgxhb09sdr51nc9hdm8az5b08vzkgx-glibc-2.35-163/lib/libdl.so.2
7f14c0101000-7f14c0102000 r--p 00002000 00:3ab 4611686019027979923       /nix/store/4nlgxhb09sdr51nc9hdm8az5b08vzkgx-glibc-2.35-163/lib/libdl.so.2
7f14c0102000-7f14c0103000 r--p 00002000 00:3ab 4611686019027979923       /nix/store/4nlgxhb09sdr51nc9hdm8az5b08vzkgx-glibc-2.35-163/lib/libdl.so.2
7f14c0103000-7f14c0104000 rw-p 00003000 00:3ab 4611686019027979923       /nix/store/4nlgxhb09sdr51nc9hdm8az5b08vzkgx-glibc-2.35-163/lib/libdl.so.2
7f14c0104000-7f14c0105000 r--p 00000000 00:3ab 4611686019027979942       /nix/store/4nlgxhb09sdr51nc9hdm8az5b08vzkgx-glibc-2.35-163/lib/libpthread.so.0
7f14c0105000-7f14c0106000 r-xp 00001000 00:3ab 4611686019027979942       /nix/store/4nlgxhb09sdr51nc9hdm8az5b08vzkgx-glibc-2.35-163/lib/libpthread.so.0
7f14c0106000-7f14c0107000 r--p 00002000 00:3ab 4611686019027979942       /nix/store/4nlgxhb09sdr51nc9hdm8az5b08vzkgx-glibc-2.35-163/lib/libpthread.so.0
7f14c0107000-7f14c0108000 r--p 00002000 00:3ab 4611686019027979942       /nix/store/4nlgxhb09sdr51nc9hdm8az5b08vzkgx-glibc-2.35-163/lib/libpthread.so.0
7f14c0108000-7f14c0109000 rw-p 00003000 00:3ab 4611686019027979942       /nix/store/4nlgxhb09sdr51nc9hdm8az5b08vzkgx-glibc-2.35-163/lib/libpthread.so.0
7f14c0109000-7f14c0117000 r-xp 00000000 00:3ab 4611686019135190033       /nix/store/gpxl5qgg8kicmcvivwmybwjlpf7wh20l-graalvm17-ce-22.3.0/lib/libjli.so
7f14c0117000-7f14c0118000 ---p 0000e000 00:3ab 4611686019135190033       /nix/store/gpxl5qgg8kicmcvivwmybwjlpf7wh20l-graalvm17-ce-22.3.0/lib/libjli.so
7f14c0118000-7f14c0119000 r--p 0000e000 00:3ab 4611686019135190033       /nix/store/gpxl5qgg8kicmcvivwmybwjlpf7wh20l-graalvm17-ce-22.3.0/lib/libjli.so
7f14c0119000-7f14c011a000 rw-p 0000f000 00:3ab 4611686019135190033       /nix/store/gpxl5qgg8kicmcvivwmybwjlpf7wh20l-graalvm17-ce-22.3.0/lib/libjli.so
7f14c011a000-7f14c011b000 rw-p 00012000 00:3ab 4611686019135190033       /nix/store/gpxl5qgg8kicmcvivwmybwjlpf7wh20l-graalvm17-ce-22.3.0/lib/libjli.so
7f14c011b000-7f14c011e000 r--p 00000000 00:3ab 4611686019106210071       /nix/store/026hln0aq1hyshaxsdvhg0kmcm6yf45r-zlib-1.2.13/lib/libz.so.1.2.13
7f14c011e000-7f14c0130000 r-xp 00003000 00:3ab 4611686019106210071       /nix/store/026hln0aq1hyshaxsdvhg0kmcm6yf45r-zlib-1.2.13/lib/libz.so.1.2.13
7f14c0130000-7f14c0137000 r--p 00015000 00:3ab 4611686019106210071       /nix/store/026hln0aq1hyshaxsdvhg0kmcm6yf45r-zlib-1.2.13/lib/libz.so.1.2.13
7f14c0137000-7f14c0138000 r--p 0001b000 00:3ab 4611686019106210071       /nix/store/026hln0aq1hyshaxsdvhg0kmcm6yf45r-zlib-1.2.13/lib/libz.so.1.2.13
7f14c0138000-7f14c0139000 rw-p 0001c000 00:3ab 4611686019106210071       /nix/store/026hln0aq1hyshaxsdvhg0kmcm6yf45r-zlib-1.2.13/lib/libz.so.1.2.13
7f14c0139000-7f14c013b000 rw-p 00000000 00:00 0 
7f14c013b000-7f14c013d000 r--p 00000000 00:3ab 4611686019027979912       /nix/store/4nlgxhb09sdr51nc9hdm8az5b08vzkgx-glibc-2.35-163/lib/ld-linux-x86-64.so.2
7f14c013d000-7f14c0164000 r-xp 00002000 00:3ab 4611686019027979912       /nix/store/4nlgxhb09sdr51nc9hdm8az5b08vzkgx-glibc-2.35-163/lib/ld-linux-x86-64.so.2
7f14c0164000-7f14c0170000 r--p 00029000 00:3ab 4611686019027979912       /nix/store/4nlgxhb09sdr51nc9hdm8az5b08vzkgx-glibc-2.35-163/lib/ld-linux-x86-64.so.2
7f14c0170000-7f14c0172000 r--p 00034000 00:3ab 4611686019027979912       /nix/store/4nlgxhb09sdr51nc9hdm8az5b08vzkgx-glibc-2.35-163/lib/ld-linux-x86-64.so.2
7f14c0172000-7f14c0174000 rw-p 00036000 00:3ab 4611686019027979912       /nix/store/4nlgxhb09sdr51nc9hdm8az5b08vzkgx-glibc-2.35-163/lib/ld-linux-x86-64.so.2
7ffffe6a9000-7ffffe6cd000 rw-p 00000000 00:00 0                          [stack]
7ffffe743000-7ffffe747000 r--p 00000000 00:00 0                          [vvar]
7ffffe747000-7ffffe749000 r-xp 00000000 00:00 0                          [vdso]
ffffffffff600000-ffffffffff601000 --xp 00000000 00:00 0                  [vsyscall]


VM Arguments:
jvm_args: -XX:ThreadPriorityPolicy=1 -XX:+UnlockExperimentalVMOptions -XX:+EnableJVMCIProduct -XX:JVMCIThreadsPerNativeLibraryRuntime=1 -XX:-UnlockExperimentalVMOptions -Declipse.application=org.eclipse.jdt.ls.core.id1 -Dosgi.bundles.defaultStartLevel=4 -Declipse.product=org.eclipse.jdt.ls.core.product -Dlog.level=ALL -Xverify:none -XX:+UseParallelGC -XX:GCTimeRatio=4 -XX:AdaptiveSizePolicyWeight=90 -Dsun.zip.disableMemoryMapping=true -Xmx512m -Xms100m 
java_command: /nix/store/a7s9klvriqi68xz3qjc0qyfl5h86xc16-jdt-language-server-1.9.0/share/java/plugins/org.eclipse.equinox.launcher_1.6.400.v20210924-0641.jar --add-modules=ALL-SYSTEM --add-opens java.base/java.util=ALL-UNNAMED --add-opens java.base/java.lang=ALL-UNNAMED -configuration /home/runner/.cache/jdt-language-server/config -data /home/runner/.cache/jdt-language-server/data/home/runner/DSA
java_class_path (initial): /nix/store/a7s9klvriqi68xz3qjc0qyfl5h86xc16-jdt-language-server-1.9.0/share/java/plugins/org.eclipse.equinox.launcher_1.6.400.v20210924-0641.jar
Launcher Type: SUN_STANDARD

[Global flags]
    uintx AdaptiveSizePolicyWeight                 = 90                                        {product} {command line}
     intx CICompilerCount                          = 2                                         {product} {ergonomic}
     bool EnableJVMCIProduct                       = true                                {JVMCI product} {jimage}
    uintx GCTimeRatio                              = 4                                         {product} {command line}
   size_t InitialHeapSize                          = 104857600                                 {product} {command line}
     uint JVMCIThreadsPerNativeLibraryRuntime      = 1                                   {JVMCI product} {jimage}
   size_t MaxHeapSize                              = 536870912                                 {product} {command line}
   size_t MaxNewSize                               = 178782208                                 {product} {ergonomic}
   size_t MinHeapDeltaBytes                        = 524288                                    {product} {ergonomic}
   size_t MinHeapSize                              = 104857600                                 {product} {command line}
   size_t NewSize                                  = 34603008                                  {product} {ergonomic}
    uintx NonNMethodCodeHeapSize                   = 5826188                                {pd product} {ergonomic}
    uintx NonProfiledCodeHeapSize                  = 122916026                              {pd product} {ergonomic}
   size_t OldSize                                  = 70254592                                  {product} {ergonomic}
    uintx ProfiledCodeHeapSize                     = 122916026                              {pd product} {ergonomic}
    uintx ReservedCodeCacheSize                    = 251658240                              {pd product} {ergonomic}
     bool SegmentedCodeCache                       = true                                      {product} {ergonomic}
   size_t SoftMaxHeapSize                          = 536870912                              {manageable} {ergonomic}
     intx ThreadPriorityPolicy                     = 1                                         {product} {jimage}
     bool UseCompressedClassPointers               = true                           {product lp64_product} {ergonomic}
     bool UseCompressedOops                        = true                           {product lp64_product} {ergonomic}
     bool UseParallelGC                            = true                                      {product} {command line}

Logging:
Log output configuration:
 #0: stdout all=warning uptime,level,tags
 #1: stderr all=off uptime,level,tags

Environment Variables:
JAVA_HOME=/nix/store/gpxl5qgg8kicmcvivwmybwjlpf7wh20l-graalvm17-ce-22.3.0
PATH=/nix/store/1d6ian3r8kdzspw8hacjhl3xkp40g1lj-binutils-wrapper-2.39/bin:/nix/store/dq0xwmsk1g0i2ayg6pb7y87na2knzylh-gcc-wrapper-11.3.0/bin:/nix/store/bap4d0lpcrhpwmpb8ayjcgkmvfj62lnq-bash-interactive-5.1-p16/bin:/nix/store/pr5n59mb4jzmfx6kanwxly0l07p861fg-patchelf-0.15.0/bin:/nix/store/1gf2flfqnpqbr1b4p4qz2f72y42bs56r-gcc-11.3.0/bin:/nix/store/57xv61c5zi8pphjbcwxxjlgc34p61ic9-glibc-2.35-163-bin/bin:/nix/store/a7gvj343m05j2s32xcnwr35v31ynlypr-coreutils-9.1/bin:/nix/store/039g378vc3pc3dvi9dzdlrd0i4q93qwf-binutils-2.39/bin:/nix/store/dawhsg831p4lv7wd5511sjhzv1lqmg5m-azure-functions-core-tools-4.0.4785/bin:/nix/store/gpxl5qgg8kicmcvivwmybwjlpf7wh20l-graalvm17-ce-22.3.0/bin:/nix/store/6z9ag3ihc8mq2hzsw48lhbznvzny65nz-apache-maven-3.8.6/bin:/nix/store/a7s9klvriqi68xz3qjc0qyfl5h86xc16-jdt-language-server-1.9.0/bin:/nix/store/48ifl2w60a3zp7yskbpnvn8jp9jdsb7k-java-debug/bin:/nix/store/mydc6f4k2z73xlcz7ilif3v2lcaiqvza-findutils-4.9.0/bin:/nix/store/j9p3g8472iijd50vhdprx0nmk2fqn5gv-diffutils-3.8/bin:/nix/store/89zs7rms6x00xfq4dq6m7mjnhkr8a6r4-gnused-4.8/bin:/nix/store/86bp03jkmsl6f92w0yzg4s59g5mhxwmy-gnugrep-3.7/bin:/nix/store/hwcdqw4jrjnd37wxqgsd47hd0j8bnj09-gawk-5.1.1/bin:/nix/store/cfbhw8r8ags41vwqaz47r583d0p4h4a1-gnutar-1.34/bin:/nix/store/p3m1ndl1lapwrlh698bnb5lvvxh67378-gzip-1.12/bin:/nix/store/a8mhcagrsly7c7mpjrpsnaahk4aax056-bzip2-1.0.8-bin/bin:/nix/store/mblgz65m3zv9x548a3d5m96fj2pbwr09-gnumake-4.3/bin:/nix/store/dsd5gz46hdbdk2rfdimqddhq6m8m8fqs-bash-5.1-p16/bin:/nix/store/v7ljksji50mg3w61dykaa3n3y79n6nil-patch-2.7.6/bin:/nix/store/zlcnmqq14jz5x9439jf937mvayyl63da-xz-5.2.7-bin/bin:/nix/store/y6aj732zm9m87c82fpvf103a1xb22blp-file-5.43/bin:/nix/store/i4kzir3m7mrisxmf5xvlnkw01x4qaqr4-prybar-elisp-0.0.0-e0d9a52/bin:/nix/store/lwwivxf6h7x3cvxp9zv8sj0mv7dak99r-prybar-lua-0.0.0-e0d9a52/bin:/nix/store/gxj28g1cg4hq3qanmjv07156h800qr58-prybar-python3-0.0.0-e0d9a52/bin:/nix/store/hshkjnxrgidigf8x75vg6lqng2xlx9i3-prybar-sqlite-0.0.0-e0d9a52/bin:/nix/store/c4w01bpjgyy5ixmwdk8m1pw8
LD_LIBRARY_PATH=/nix/store/a4pff549sk2idnkpzk5nsfps3mdkdnvm-cups-2.4.2-lib/lib:/nix/store/72mqxxhh3cy5yifh92wh2yb8cl2hikyy-cairo-1.16.0/lib:/nix/store/2k366jrbsra97gjfxwvrhvixjfxdach5-glib-2.74.1/lib:/nix/store/2j2znigd8ak37rlwh9khz0ry3clqlw1l-gtk+3-3.24.34/lib:/nix/store/hisqvx32cd57apbpcsnkpx6k3549wql1-libglvnd-1.4.0/lib:/nix/store/p36pgcv991mq5srvg765b78yqpxvk3qs-mesa-21.3.3-drivers/lib:/nix/store/mav4251if1ahjq5vkpwycyyvnmy459c4-pulseaudio-14.2/lib
DISPLAY=:0
LANG=en_US.UTF-8

Signal Handlers:
   SIGSEGV: crash_handler in libjvm.so, mask=11100100010111111101111111111110, flags=SA_RESTART|SA_SIGINFO
    SIGBUS: crash_handler in libjvm.so, mask=11100100010111111101111111111110, flags=SA_RESTART|SA_SIGINFO
    SIGFPE: crash_handler in libjvm.so, mask=11100100010111111101111111111110, flags=SA_RESTART|SA_SIGINFO
   SIGPIPE: IsolateEnterStub_IgnoreSIGPIPEStartupHook_noopSignalHandler_8f19bff2f35b5f630d83b364d6b2339320d4ec70_216e8361c6bc87a8f89f58cc10d3b2fd4415bf87 in libjvmcicompiler.so, mask=00000000000000000000000000000000, flags=SA_RESTART
  *** Handler was modified!
  *** Expected: javaSignalHandler in libjvm.so, mask=11100100110111111111111111111110, flags=SA_RESTART|SA_SIGINFO
   SIGXFSZ: javaSignalHandler in libjvm.so, mask=11100100010111111101111111111110, flags=SA_RESTART|SA_SIGINFO
    SIGILL: crash_handler in libjvm.so, mask=11100100010111111101111111111110, flags=SA_RESTART|SA_SIGINFO
   SIGUSR2: SR_handler in libjvm.so, mask=00000000000000000000000000000000, flags=SA_RESTART|SA_SIGINFO
    SIGHUP: UserHandler in libjvm.so, mask=11100100010111111101111111111110, flags=SA_RESTART|SA_SIGINFO
    SIGINT: UserHandler in libjvm.so, mask=11100100010111111101111111111110, flags=SA_RESTART|SA_SIGINFO
   SIGTERM: UserHandler in libjvm.so, mask=11100100010111111101111111111110, flags=SA_RESTART|SA_SIGINFO
   SIGQUIT: UserHandler in libjvm.so, mask=11100100010111111101111111111110, flags=SA_RESTART|SA_SIGINFO
  *** Handler was modified!
  *** Expected: javaSignalHandler in libjvm.so, mask=11100100110111111111111111111110, flags=SA_RESTART|SA_SIGINFO
   SIGTRAP: crash_handler in libjvm.so, mask=11100100010111111101111111111110, flags=SA_RESTART|SA_SIGINFO


---------------  S Y S T E M  ---------------

OS:
DISTRIB_ID=Ubuntu
DISTRIB_RELEASE=20.04
DISTRIB_CODENAME=focal
DISTRIB_DESCRIPTION="Ubuntu 20.04.2 LTS"
uname: Linux 6.2.0-1014-gcp #14~22.04.1-Ubuntu SMP Mon Sep 11 07:44:43 UTC 2023 x86_64
OS uptime: 0 days 2:30 hours
libc: glibc 2.35 NPTL 2.35 
rlimit (soft/hard): STACK 8192k/infinity , CORE infinity/infinity , NPROC infinity/infinity , NOFILE 5242/5242 , AS infinity/infinity , CPU infinity/infinity , DATA infinity/infinity , FSIZE infinity/infinity , MEMLOCK 8192k/8192k
load average: 16.96 17.59 18.12

/proc/meminfo:
MemTotal:       65835940 kB
MemFree:        31102640 kB
MemAvailable:   47281224 kB
Buffers:         1917268 kB
Cached:         13328632 kB
SwapCached:            0 kB
Active:          5905036 kB
Inactive:       26606332 kB
Active(anon):       9684 kB
Inactive(anon): 16592336 kB
Active(file):    5895352 kB
Inactive(file): 10013996 kB
Unevictable:       28144 kB
Mlocked:           28144 kB
SwapTotal:             0 kB
SwapFree:              0 kB
Zswap:                 0 kB
Zswapped:              0 kB
Dirty:              3612 kB
Writeback:           108 kB
AnonPages:      16878788 kB
Mapped:          1347612 kB
Shmem:             18292 kB
KReclaimable:     995688 kB
Slab:            1474696 kB
SReclaimable:     995688 kB
SUnreclaim:       479008 kB
KernelStack:      132256 kB
PageTables:       266684 kB
SecPageTables:         0 kB
NFS_Unstable:          0 kB
Bounce:                0 kB
WritebackTmp:          0 kB
CommitLimit:    32917968 kB
Committed_AS:   48945932 kB
VmallocTotal:   34359738367 kB
VmallocUsed:      159760 kB
VmallocChunk:          0 kB
Percpu:            29568 kB
HardwareCorrupted:     0 kB
AnonHugePages:   3282944 kB
ShmemHugePages:        0 kB
ShmemPmdMapped:        0 kB
FileHugePages:         0 kB
FilePmdMapped:         0 kB
HugePages_Total:       0
HugePages_Free:        0
HugePages_Rsvd:        0
HugePages_Surp:        0
Hugepagesize:       2048 kB
Hugetlb:               0 kB
DirectMap4k:      258872 kB
DirectMap2M:     9175040 kB
DirectMap1G:    59768832 kB

/sys/kernel/mm/transparent_hugepage/enabled: always [madvise] never
/sys/kernel/mm/transparent_hugepage/defrag (defrag/compaction efforts parameter): always defer defer+madvise [madvise] never

Process Memory:
Virtual Size: 4447868K (peak: 4543292K)
Resident Set Size: 712276K (peak: 750268K) (anon: 514840K, file: 197436K, shmem: 0K)
Swapped out: 0K
C-Heap outstanding allocations: 39700K, retained: 9715K
glibc malloc tunables: (default)

/proc/sys/kernel/threads-max (system-wide limit on the number of threads): 514277
/proc/sys/vm/max_map_count (maximum number of memory map areas a process may have): 65530
/proc/sys/kernel/pid_max (system-wide limit on number of process identifiers): 4194304

container (cgroup) information:
container_type: cgroupv2
cpu_cpuset_cpus: not supported
cpu_memory_nodes: not supported
active_processor_count: 1
cpu_quota: 50000
cpu_period: 100000
cpu_shares: no shares
memory_limit_in_bytes: 1048576 k
memory_and_swap_limit_in_bytes: unlimited
memory_soft_limit_in_bytes: 524288 k
memory_usage_in_bytes: 731408 k
memory_max_usage_in_bytes: not supported
maximum number of tasks: not supported
current number of tasks: not supported

KVM virtualization detected
Steal ticks since vm start: 729
Steal ticks percentage since vm start:  0.001

CPU: total 8 (initial active 1) (4 cores per cpu, 2 threads per core) family 6 model 79 stepping 0 microcode 0xffffffff, cx8, cmov, fxsr, ht, mmx, 3dnowpref, sse, sse2, sse3, ssse3, sse4.1, sse4.2, popcnt, lzcnt, tsc, tscinvbit, avx, avx2, aes, erms, clmul, bmi1, bmi2, rtm, adx, fma, vzeroupper, clflush, hv
CPU Model and flags from /proc/cpuinfo:
model name	: Intel(R) Xeon(R) CPU @ 2.20GHz
flags		: fpu vme de pse tsc msr pae mce cx8 apic sep mtrr pge mca cmov pat pse36 clflush mmx fxsr sse sse2 ss ht syscall nx pdpe1gb rdtscp lm constant_tsc rep_good nopl xtopology nonstop_tsc cpuid tsc_known_freq pni pclmulqdq ssse3 fma cx16 pcid sse4_1 sse4_2 x2apic movbe popcnt aes xsave avx f16c rdrand hypervisor lahf_lm abm 3dnowprefetch invpcid_single pti ssbd ibrs ibpb stibp fsgsbase tsc_adjust bmi1 hle avx2 smep bmi2 erms invpcid rtm rdseed adx smap xsaveopt arat md_clear arch_capabilities

Online cpus: 0-7
Offline cpus: 
BIOS frequency limitation: <Not Available>
Frequency switch latency (ns): <Not Available>
Available cpu frequencies: <Not Available>
Current governor: <Not Available>
Core performance/turbo boost: <Not Available>

Memory: 4k page, physical 1048576k(317152k free), swap 0k(0k free)
Page Sizes: 4k

vm_info: OpenJDK 64-Bit Server VM (17.0.5+8-jvmci-22.3-b08) for linux-amd64 JRE (17.0.5+8-jvmci-22.3-b08), built on Oct 19 2022 09:01:27 by "buildslave" with gcc 10.3.0

END.
