#
# A fatal error has been detected by the Java Runtime Environment:
#
#  Internal Error (jvmciRuntime.cpp:1609), pid=18, tid=32
#  fatal error: Fatal exception in JVMCI: Error calling jdk.vm.ci.services.Services.serializeSavedProperties
#
# JRE version: OpenJDK Runtime Environment GraalVM CE 22.3.0 (17.0.5+8) (build 17.0.5+8-jvmci-22.3-b08)
# Java VM: OpenJDK 64-Bit Server VM GraalVM CE 22.3.0 (17.0.5+8-jvmci-22.3-b08, mixed mode, sharing, tiered, jvmci, jvmci compiler, compressed oops, compressed class ptrs, parallel gc, linux-amd64)
# Problematic frame:
# V  [libjvm.so+0x972714]  JVMCIRuntime::fatal_exception(JVMCIEnv*, char const*)+0x74
#
# Core dump will be written. Default location: Core dumps may be processed with "/usr/share/apport/apport -p%p -s%s -c%c -d%d -P%P -u%u -g%g -- %E" (or dumping to /home/runner/DSA/core.18)
#
# If you would like to submit a bug report, please visit:
#   https://github.com/oracle/graal/issues
#

---------------  S U M M A R Y ------------

Command Line: -XX:ThreadPriorityPolicy=1 -XX:+UnlockExperimentalVMOptions -XX:+EnableJVMCIProduct -XX:JVMCIThreadsPerNativeLibraryRuntime=1 -XX:-UnlockExperimentalVMOptions -Declipse.application=org.eclipse.jdt.ls.core.id1 -Dosgi.bundles.defaultStartLevel=4 -Declipse.product=org.eclipse.jdt.ls.core.product -Dlog.level=ALL -Xverify:none -XX:+UseParallelGC -XX:GCTimeRatio=4 -XX:AdaptiveSizePolicyWeight=90 -Dsun.zip.disableMemoryMapping=true -Xmx512m -Xms100m /nix/store/a7s9klvriqi68xz3qjc0qyfl5h86xc16-jdt-language-server-1.9.0/share/java/plugins/org.eclipse.equinox.launcher_1.6.400.v20210924-0641.jar --add-modules=ALL-SYSTEM --add-opens java.base/java.util=ALL-UNNAMED --add-opens java.base/java.lang=ALL-UNNAMED -configuration /home/runner/.cache/jdt-language-server/config -data /home/runner/.cache/jdt-language-server/data/home/runner/DSA

Host: AMD EPYC 7B12, 8 cores, 1G, Ubuntu 20.04.2 LTS
Time: Wed Sep 27 19:12:03 2023 UTC elapsed time: 822.981487 seconds (0d 0h 13m 42s)

---------------  T H R E A D  ---------------

Current thread (0x00007f44d40b1cb0):  JavaThread "JVMCI-native CompilerThread0" daemon [_thread_in_vm, id=32, stack(0x00007f44b8518000,0x00007f44b8718000)]


Current CompileTask:
JVMCI-native: 822981 9105   !   4       org.eclipse.osgi.internal.container.AtomicLazyInitializer::getInitialized (70 bytes)

Stack: [0x00007f44b8518000,0x00007f44b8718000],  sp=0x00007f44b8716380,  free space=2040k
Native frames: (J=compiled Java code, j=interpreted, Vv=VM code, C=native code)
V  [libjvm.so+0x972714]  JVMCIRuntime::fatal_exception(JVMCIEnv*, char const*)+0x74
V  [libjvm.so+0x93e2fe]  JVMCIEnv::copy_saved_properties()+0x14e
V  [libjvm.so+0x9732a9]  JVMCIRuntime::initialize(JVMCIEnv*)+0xb19
V  [libjvm.so+0x9738a2]  JVMCIRuntime::get_HotSpotJVMCIRuntime(JVMCIEnv*)+0x12
V  [libjvm.so+0x9749f2]  JVMCIRuntime::compile_method(JVMCIEnv*, JVMCICompiler*, methodHandle const&, int)+0xd2
V  [libjvm.so+0x5b0d20]  CompileBroker::invoke_compiler_on_method(CompileTask*)+0x1470
V  [libjvm.so+0x5b12e8]  CompileBroker::compiler_thread_loop()+0x528
V  [libjvm.so+0xd82460]  JavaThread::thread_main_inner()+0xd0
V  [libjvm.so+0xd85a40]  Thread::call_run()+0xc0
V  [libjvm.so+0xbdb1e1]  thread_native_entry(Thread*)+0xe1

Register to memory mapping:

RAX=0x00007f44d8171000 points into unknown readable memory: 0x0000000000000058 | 58 00 00 00 00 00 00 00
RBX=0x00007f44d926c398: <offset 0x0000000000ef5398> in /nix/store/gpxl5qgg8kicmcvivwmybwjlpf7wh20l-graalvm17-ce-22.3.0/lib/server/libjvm.so at 0x00007f44d8377000
RCX=0x00007f44d92241e8: <offset 0x0000000000ead1e8> in /nix/store/gpxl5qgg8kicmcvivwmybwjlpf7wh20l-graalvm17-ce-22.3.0/lib/server/libjvm.so at 0x00007f44d8377000
RDX=0x0000000000000649 is an unknown value
RSP=0x00007f44b8716380 is pointing into the stack for thread: 0x00007f44d40b1cb0
RBP=0x00007f44b87163a0 is pointing into the stack for thread: 0x00007f44d40b1cb0
RSI=0x00007f44d926cc48: <offset 0x0000000000ef5c48> in /nix/store/gpxl5qgg8kicmcvivwmybwjlpf7wh20l-graalvm17-ce-22.3.0/lib/server/libjvm.so at 0x00007f44d8377000
RDI=0x00000000e0000000 is an oop: java.lang.String 
{0x00000000e0000000} - klass: 'java/lang/String'
 - string: "resolution"
R8 =0x00007f44d926c398: <offset 0x0000000000ef5398> in /nix/store/gpxl5qgg8kicmcvivwmybwjlpf7wh20l-graalvm17-ce-22.3.0/lib/server/libjvm.so at 0x00007f44d8377000
R9 =0x00007f44b8716330 is pointing into the stack for thread: 0x00007f44d40b1cb0
R10=0x00007f44b8717948 is pointing into the stack for thread: 0x00007f44d40b1cb0
R11=0x0000000000000293 is an unknown value
R12=0x0 is NULL
R13=0x00007f44d40b1cb0 is a thread
R14=0x00007f44d4000b80 points into unknown readable memory: 0x00007f44d949da38 | 38 da 49 d9 44 7f 00 00
R15=0x00007f44d95abe40: <offset 0x0000000001234e40> in /nix/store/gpxl5qgg8kicmcvivwmybwjlpf7wh20l-graalvm17-ce-22.3.0/lib/server/libjvm.so at 0x00007f44d8377000


Registers:
RAX=0x00007f44d8171000, RBX=0x00007f44d926c398, RCX=0x00007f44d92241e8, RDX=0x0000000000000649
RSP=0x00007f44b8716380, RBP=0x00007f44b87163a0, RSI=0x00007f44d926cc48, RDI=0x00000000e0000000
R8 =0x00007f44d926c398, R9 =0x00007f44b8716330, R10=0x00007f44b8717948, R11=0x0000000000000293
R12=0x0000000000000000, R13=0x00007f44d40b1cb0, R14=0x00007f44d4000b80, R15=0x00007f44d95abe40
RIP=0x00007f44d8ce9714, EFLAGS=0x0000000000010206, CSGSFS=0x002b000000000033, ERR=0x0000000000000006
  TRAPNO=0x000000000000000e

Top of Stack: (sp=0x00007f44b8716380)
0x00007f44b8716380:   00007f44b8716940 00007f44d40b1cb0
0x00007f44b8716390:   00007f44b9f7e8c8 0000000800c417a0
0x00007f44b87163a0:   00007f44b8716500 00007f44d8cb52fe
0x00007f44b87163b0:   00007f44b87163e0 00007f44b8716440 

Instructions: (pc=0x00007f44d8ce9714)
0x00007f44d8ce9614:   30 e8 f6 cf e8 ff 4c 89 e7 e8 2e 48 d1 ff 84 db
0x00007f44d8ce9624:   75 2a 4d 85 ed 74 04 4d 8b 6d 00 48 83 c4 08 44
0x00007f44d8ce9634:   89 f9 4c 89 f2 4c 89 ee 5b 4c 89 e7 41 5c 41 5d
0x00007f44d8ce9644:   41 5e 41 5f 5d e9 e2 47 d1 ff 66 90 48 83 c4 08
0x00007f44d8ce9654:   5b 41 5c 41 5d 41 5e 41 5f 5d c3 90 31 d2 be 08
0x00007f44d8ce9664:   00 00 00 4c 89 ff e8 b1 78 a3 ff 49 89 c5 e9 37
0x00007f44d8ce9674:   ff ff ff 66 0f 1f 84 00 00 00 00 00 48 8b 7a 08
0x00007f44d8ce9684:   e9 6d ff ff ff 0f 1f 80 00 00 00 00 e8 5b 48 0a
0x00007f44d8ce9694:   00 84 c0 75 89 e9 6a ff ff ff 66 90 55 48 89 e5
0x00007f44d8ce96a4:   41 56 41 55 41 54 49 89 fc 53 48 89 f3 66 48 8d
0x00007f44d8ce96b4:   3d 27 5e 85 00 66 66 48 e8 df 43 8d ff 4c 8b 28
0x00007f44d8ce96c4:   8b 05 be 72 8a 00 85 c0 75 14 ba 01 00 00 00 48
0x00007f44d8ce96d4:   8d 0d ae 72 8a 00 f0 0f b1 11 85 c0 74 4e be c8
0x00007f44d8ce96e4:   00 00 00 4c 89 ef e8 01 0b 41 00 48 8d 05 12 ac
0x00007f44d8ce96f4:   85 00 49 89 d8 48 8d 0d e8 aa 53 00 ba 49 06 00
0x00007f44d8ce9704:   00 48 8d 35 3c 35 58 00 bf 00 00 00 e0 48 8b 00
0x00007f44d8ce9714:   c6 00 58 31 c0 e8 e2 91 c6 ff 5b 41 5c 41 5d 41
0x00007f44d8ce9724:   5e 5d e9 55 34 26 00 0f 1f 44 00 00 48 8d 05 81
0x00007f44d8ce9734:   a3 8b 00 48 89 df 4c 8b 30 e8 9e 43 8d ff 48 89
0x00007f44d8ce9744:   de 48 89 c2 49 8b 06 4c 89 f7 ff 50 08 4c 89 f7
0x00007f44d8ce9754:   e8 a7 5c 27 00 4d 85 e4 74 12 be 01 00 00 00 4c
0x00007f44d8ce9764:   89 e7 e8 35 43 fc ff eb 82 0f 1f 00 be 01 00 00
0x00007f44d8ce9774:   00 4c 89 ef e8 d3 fd ff ff e9 6d ff ff ff 66 66
0x00007f44d8ce9784:   2e 0f 1f 84 00 00 00 00 00 0f 1f 00 55 48 89 e5
0x00007f44d8ce9794:   41 57 41 56 41 55 41 54 53 48 81 ec 08 02 00 00
0x00007f44d8ce97a4:   64 48 8b 04 25 28 00 00 00 48 89 45 c8 8b 07 83
0x00007f44d8ce97b4:   f8 02 0f 84 11 04 00 00 4c 8b 6f 18 49 89 ff 49
0x00007f44d8ce97c4:   89 f4 4d 85 ed 74 14 4c 89 ef e8 5d 57 22 00 41
0x00007f44d8ce97d4:   8b 07 83 f8 02 0f 84 19 04 00 00 48 8d 1d 9a 06
0x00007f44d8ce97e4:   8a 00 4c 8d 35 0b 3c 58 00 eb 38 90 48 85 d2 7f
0x00007f44d8ce97f4:   0d 48 8d 05 b4 c0 85 00 48 83 38 00 7e 0e 41 8b
0x00007f44d8ce9804:   77 2c 4c 89 f7 31 c0 e8 a0 b2 f7 ff 49 8b 7f 18 


Stack slot to memory mapping:
stack at sp + 0 slots: 0x00007f44b8716940 is pointing into the stack for thread: 0x00007f44d40b1cb0
stack at sp + 1 slots: 0x00007f44d40b1cb0 is a thread
stack at sp + 2 slots: 0x00007f44b9f7e8c8 points into unknown readable memory: 0x6573001880c9ffff | ff ff c9 80 18 00 73 65
stack at sp + 3 slots: 0x0000000800c417a0 is a pointer to class: 
jdk.vm.ci.services.Services {0x0000000800c417a0}
 - instance size:     2
 - klass size:        65
 - access:            public final synchronized 
 - state:             fully_initialized
 - name:              'jdk/vm/ci/services/Services'
 - super:             'java/lang/Object'
 - sub:               
 - arrays:            NULL
 - methods:           Array<T>(0x00007f44b9040218)
 - method ordering:   Array<T>(0x0000000800928960)
 - default_methods:   Array<T>(0x0000000000000000)
 - local interfaces:  Array<T>(0x00000008005ce810)
 - trans. interfaces: Array<T>(0x00000008005ce810)
 - constants:         constant pool [427] {0x00007f44b903f2f8} for 'jdk/vm/ci/services/Services' cache=0x00007f44b90414e8
 - class loader data:  loader data: 0x00007f44d4027ca0 of 'bootstrap'
 - source file:       'Services.java'
 - class annotations:       Array<T>(0x0000000000000000)
 - class type annotations:  Array<T>(0x0000000000000000)
 - field annotations:       Array<T>(0x0000000000000000)
 - field type annotations:  Array<T>(0x0000000000000000)
 - inner classes:     Array<T>(0x00007f44b90414b8)
 - nest members:     Array<T>(0x00007f44b90414d8)
 - permitted subclasses:     Array<T>(0x00000008005ce7a0)
 - java mirror:       a 'java/lang/Class'{0x00000000e0147d00} = 'jdk/vm/ci/services/Services'
 - vtable length      5  (start addr: 0x0000000800c41970)
 - itable length      2 (start addr: 0x0000000800c41998)
 - ---- static fields (3 words):
 - public static final 'IS_BUILDING_NATIVE_IMAGE' 'Z' @128 
 - public static final 'IS_IN_NATIVE_IMAGE' 'Z' @129 
 - private static volatile 'savedProperties' 'Ljava/util/Map;' @112 
 - static final 'JVMCI_ENABLED' 'Z' @130 
 - private static final 'servicesCache' 'Ljava/util/Map;' @116 
 - private static final 'MAX_UNICODE_IN_UTF8_LENGTH' 'I' @120 
 - private static final 'MAX_UTF8_PROPERTY_STRING_LENGTH' 'I' @124 
 - ---- non-static fields (0 words):
 - non-static oop maps: 
stack at sp + 4 slots: 0x00007f44b8716500 is pointing into the stack for thread: 0x00007f44d40b1cb0
stack at sp + 5 slots: 0x00007f44d8cb52fe: <offset 0x000000000093e2fe> in /nix/store/gpxl5qgg8kicmcvivwmybwjlpf7wh20l-graalvm17-ce-22.3.0/lib/server/libjvm.so at 0x00007f44d8377000
stack at sp + 6 slots: 0x00007f44b87163e0 is pointing into the stack for thread: 0x00007f44d40b1cb0
stack at sp + 7 slots: 0x00007f44b8716440 is pointing into the stack for thread: 0x00007f44d40b1cb0


---------------  P R O C E S S  ---------------

Threads class SMR info:
_java_thread_list=0x00007f44542ff750, length=27, elements={
0x00007f44d4025f40, 0x00007f44d40a5fb0, 0x00007f44d40a73f0, 0x00007f44d40adb20,
0x00007f44d40aeed0, 0x00007f44d40b02c0, 0x00007f44d40b1cb0, 0x00007f44d40b31c0,
0x00007f44d40b4610, 0x00007f44d40d7930, 0x00007f44d4120560, 0x00007f44d4323d90,
0x00007f44d433e530, 0x00007f44d4359880, 0x00007f44d461e420, 0x00007f4468017070,
0x00007f44682a11e0, 0x00007f4468304f00, 0x00007f4468481320, 0x00007f446866d070,
0x00007f44d43a4120, 0x00007f4454002080, 0x00007f44d43e4760, 0x00007f444c0ba360,
0x00007f44500010d0, 0x00007f4420047ef0, 0x00007f4454000ff0
}

Java Threads: ( => current thread )
  0x00007f44d4025f40 JavaThread "main" [_thread_blocked, id=24, stack(0x00007f44d8192000,0x00007f44d8292000)]
  0x00007f44d40a5fb0 JavaThread "Reference Handler" daemon [_thread_blocked, id=27, stack(0x00007f44b8dfe000,0x00007f44b8efe000)]
  0x00007f44d40a73f0 JavaThread "Finalizer" daemon [_thread_blocked, id=28, stack(0x00007f44b8cfe000,0x00007f44b8dfe000)]
  0x00007f44d40adb20 JavaThread "Signal Dispatcher" daemon [_thread_blocked, id=29, stack(0x00007f44b8918000,0x00007f44b8a18000)]
  0x00007f44d40aeed0 JavaThread "Service Thread" daemon [_thread_blocked, id=30, stack(0x00007f44b8818000,0x00007f44b8918000)]
  0x00007f44d40b02c0 JavaThread "Monitor Deflation Thread" daemon [_thread_blocked, id=31, stack(0x00007f44b8718000,0x00007f44b8818000)]
=>0x00007f44d40b1cb0 JavaThread "JVMCI-native CompilerThread0" daemon [_thread_in_vm, id=32, stack(0x00007f44b8518000,0x00007f44b8718000)]
  0x00007f44d40b31c0 JavaThread "C1 CompilerThread0" daemon [_thread_blocked, id=33, stack(0x00007f44b8318000,0x00007f44b8518000)]
  0x00007f44d40b4610 JavaThread "Sweeper thread" daemon [_thread_blocked, id=34, stack(0x00007f44b8218000,0x00007f44b8318000)]
  0x00007f44d40d7930 JavaThread "Common-Cleaner" daemon [_thread_blocked, id=35, stack(0x00007f44b8118000,0x00007f44b8218000)]
  0x00007f44d4120560 JavaThread "Notification Thread" daemon [_thread_blocked, id=37, stack(0x00007f44b8018000,0x00007f44b8118000)]
  0x00007f44d4323d90 JavaThread "Active Thread: Equinox Container: e5ade0ef-9b0d-4056-a664-94c4735b9323" [_thread_blocked, id=49, stack(0x00007f448bddc000,0x00007f448bedc000)]
  0x00007f44d433e530 JavaThread "Framework Event Dispatcher: Equinox Container: e5ade0ef-9b0d-4056-a664-94c4735b9323" daemon [_thread_blocked, id=50, stack(0x00007f4488700000,0x00007f4488800000)]
  0x00007f44d4359880 JavaThread "Start Level: Equinox Container: e5ade0ef-9b0d-4056-a664-94c4735b9323" daemon [_thread_blocked, id=51, stack(0x00007f4488500000,0x00007f4488600000)]
  0x00007f44d461e420 JavaThread "Refresh Thread: Equinox Container: e5ade0ef-9b0d-4056-a664-94c4735b9323" daemon [_thread_blocked, id=52, stack(0x00007f4488300000,0x00007f4488400000)]
  0x00007f4468017070 JavaThread "SCR Component Actor" daemon [_thread_blocked, id=53, stack(0x00007f4488100000,0x00007f4488200000)]
  0x00007f44682a11e0 JavaThread "Worker-JM" [_thread_blocked, id=55, stack(0x00007f447fd00000,0x00007f447fe00000)]
  0x00007f4468304f00 JavaThread "Worker-0: Updating workspace" [_thread_blocked, id=56, stack(0x00007f447fb00000,0x00007f447fc00000)]
  0x00007f4468481320 JavaThread "Java indexing" daemon [_thread_blocked, id=58, stack(0x00007f447f700000,0x00007f447f800000)]
  0x00007f446866d070 JavaThread "Bundle File Closer" daemon [_thread_blocked, id=60, stack(0x00007f447f300000,0x00007f447f400000)]
  0x00007f44d43a4120 JavaThread "pool-3-thread-1" [_thread_blocked, id=61, stack(0x00007f447f100000,0x00007f447f200000)]
  0x00007f4454002080 JavaThread "Worker-3" [_thread_blocked, id=62, stack(0x00007f447ef00000,0x00007f447f000000)]
  0x00007f44d43e4760 JavaThread "pool-2-thread-1" [_thread_blocked, id=63, stack(0x00007f447ed00000,0x00007f447ee00000)]
  0x00007f444c0ba360 JavaThread "Worker-5" [_thread_blocked, id=68, stack(0x00007f447e900000,0x00007f447ea00000)]
  0x00007f44500010d0 JavaThread "Worker-7: Building" [_thread_blocked, id=81, stack(0x00007f447e700000,0x00007f447e800000)]
  0x00007f4420047ef0 JavaThread "Worker-8: Compacting resource model" [_thread_blocked, id=82, stack(0x00007f447f900000,0x00007f447fa00000)]
  0x00007f4454000ff0 JavaThread "Worker-9" [_thread_blocked, id=88, stack(0x00007f447eb00000,0x00007f447ec00000)]

Other Threads:
  0x00007f44d40a16f0 VMThread "VM Thread" [stack: 0x00007f44b8f00000,0x00007f44b9000000] [id=26] _threads_hazard_ptr=0x00007f44542ff750
  0x00007f44d4121f00 WatcherThread [stack: 0x00007f448bf00000,0x00007f448c000000] [id=38]
  0x00007f44d403d850 GCTaskThread "GC Thread#0" [stack: 0x00007f44bb1c7000,0x00007f44bb2c7000] [id=25]

Threads with active compile tasks:
JVMCI-native CompilerThread0   823054 9105   !   4       org.eclipse.osgi.internal.container.AtomicLazyInitializer::getInitialized (70 bytes)

VM state: synchronizing (normal execution)

VM Mutex/Monitor currently owned by a thread:  ([mutex/lock_event])
[0x00007f44d40230f0] Threads_lock - owner thread: 0x00007f44d40a16f0
[0x00007f44d40238a0] Heap_lock - owner thread: 0x00007f4454000ff0

OutOfMemory and StackOverflow Exception counts:
OutOfMemoryError java_heap_errors=7
LinkageErrors=45

Heap address: 0x00000000e0000000, size: 512 MB, Compressed Oops mode: 32-bit

CDS archive(s) mapped at: [0x0000000800000000-0x0000000800bc8000-0x0000000800bc8000), size 12353536, SharedBaseAddress: 0x0000000800000000, ArchiveRelocationMode: 0.
Compressed class space mapped at: 0x0000000800c00000-0x0000000840c00000, reserved size: 1073741824
Narrow klass base: 0x0000000800000000, Narrow klass shift: 0, Narrow klass range: 0x100000000

GC Precious Log:
 CPUs: 8 total, 1 available
 Memory: 1024M
 Large Page Support: Disabled
 NUMA Support: Disabled
 Compressed Oops: Enabled (32-bit)
 Alignments: Space 512K, Generation 512K, Heap 2M
 Heap Min Capacity: 100M
 Heap Initial Capacity: 100M
 Heap Max Capacity: 512M
 Pre-touch: Disabled
 Parallel Workers: 1

Heap:
 PSYoungGen      total 39424K, used 26112K [0x00000000f5580000, 0x00000000f8a00000, 0x0000000100000000)
  eden space 26112K, 100% used [0x00000000f5580000,0x00000000f6f00000,0x00000000f6f00000)
  from space 13312K, 0% used [0x00000000f7300000,0x00000000f7300000,0x00000000f8000000)
  to   space 8192K, 0% used [0x00000000f8200000,0x00000000f8200000,0x00000000f8a00000)
 ParOldGen       total 349696K, used 349696K [0x00000000e0000000, 0x00000000f5580000, 0x00000000f5580000)
  object space 349696K, 100% used [0x00000000e0000000,0x00000000f5580000,0x00000000f5580000)
 Metaspace       used 53481K, committed 54400K, reserved 1097728K
  class space    used 5148K, committed 5568K, reserved 1048576K

Card table byte_map: [0x00007f44bb2c7000,0x00007f44bb3c8000] _byte_map_base: 0x00007f44babc7000

Marking Bits: (ParMarkBitMap*) 0x00007f44d95a54c0
 Begin Bits: [0x00007f44ba11a000, 0x00007f44ba91a000)
 End Bits:   [0x00007f44ba91a000, 0x00007f44bb11a000)

Polling page: 0x00007f44d816f000

Metaspace:

Usage:
  Non-class:     47.20 MB used.
      Class:      5.03 MB used.
       Both:     52.23 MB used.

Virtual space:
  Non-class space:       48.00 MB reserved,      47.69 MB (>99%) committed,  6 nodes.
      Class space:        1.00 GB reserved,       5.44 MB ( <1%) committed,  1 nodes.
             Both:        1.05 GB reserved,      53.12 MB (  5%) committed. 

Chunk freelists:
   Non-Class:  303.00 KB
       Class:  2.60 MB
        Both:  2.89 MB

MaxMetaspaceSize: unlimited
CompressedClassSpaceSize: 1.00 GB
Initial GC threshold: 21.00 MB
Current GC threshold: 88.44 MB
CDS: on
MetaspaceReclaimPolicy: balanced
 - commit_granule_bytes: 65536.
 - commit_granule_words: 8192.
 - virtual_space_node_default_size: 1048576.
 - enlarge_chunks_in_place: 1.
 - new_chunks_are_fully_committed: 0.
 - uncommit_free_chunks: 1.
 - use_allocation_guard: 0.
 - handle_deallocations: 1.


Internal statistics:

num_allocs_failed_limit: 6.
num_arena_births: 354.
num_arena_deaths: 76.
num_vsnodes_births: 7.
num_vsnodes_deaths: 0.
num_space_committed: 849.
num_space_uncommitted: 0.
num_chunks_returned_to_freelist: 109.
num_chunks_taken_from_freelist: 2346.
num_chunk_merges: 41.
num_chunk_splits: 1555.
num_chunks_enlarged: 1000.
num_purges: 20.
num_inconsistent_stats: 0.

CodeHeap 'non-profiled nmethods': size=120036Kb used=2567Kb max_used=2567Kb free=117468Kb
 bounds [0x00007f44c2f7a000, 0x00007f44c320a000, 0x00007f44ca4b3000]
CodeHeap 'profiled nmethods': size=120032Kb used=15643Kb max_used=17122Kb free=104388Kb
 bounds [0x00007f44bba42000, 0x00007f44bcb02000, 0x00007f44c2f7a000]
CodeHeap 'non-nmethods': size=5692Kb used=1362Kb max_used=1379Kb free=4329Kb
 bounds [0x00007f44bb4b3000, 0x00007f44bb723000, 0x00007f44bba42000]
 total_blobs=7489 nmethods=6796 adapters=595
 compilation: enabled
              stopped_count=0, restarted_count=0
 full_count=0

JVMCI Events (20 events):
Event: 660.974 Thread 0x00007f44d40b1cb0 compacted oop handles in JVMCI runtime 0 from 40 to 40
Event: 660.974 Thread 0x00007f44d40b1cb0 releasing handles for JVMCI runtime 0: oop handles=40, metadata handles={total=192, live=171, blocks=43}
Event: 660.974 Thread 0x00007f44d40b1cb0 detached from JVMCI runtime 0
Event: 660.974 Thread 0x00007f44d40b1cb0 attached to JVMCI runtime 0
Event: 660.976 Thread 0x00007f44d40b1cb0 created JavaVM[4]@0x00007f447df9e340 for JVMCI runtime 0
Event: 662.108 Thread 0x00007f44d40b1cb0 initializing JVMCI runtime 0
Event: 662.108 Thread 0x00007f44d40b1cb0 done waiting for JavaVM references initialization in JVMCI runtime 0
Event: 685.473 Thread 0x00007f44d40b1cb0 initialized JVMCI runtime 0
Event: 704.329 Thread 0x00007f44d40b1cb0 compacted oop handles in JVMCI runtime 0 from 85 to 83
Event: 706.399 Thread 0x00007f44d40b1cb0 detaching from JVMCI runtime 0: releasing idle compiler thread (0 other threads still attached)
Event: 706.399 Thread 0x00007f44d40b1cb0 shutting down HotSpotJVMCIRuntime for JVMCI runtime 0
Event: 706.399 Thread 0x00007f44d40b1cb0 shut down JVMCI runtime 0
Event: 706.403 Thread 0x00007f44d40b1cb0 destroyed JavaVM[4]@0x00007f447df9e340 for JVMCI runtime 0
Event: 706.403 Thread 0x00007f44d40b1cb0 compacted oop handles in JVMCI runtime 0 from 84 to 84
Event: 706.403 Thread 0x00007f44d40b1cb0 releasing handles for JVMCI runtime 0: oop handles=84, metadata handles={total=162, live=162, blocks=43}
Event: 706.403 Thread 0x00007f44d40b1cb0 detached from JVMCI runtime 0
Event: 759.084 Thread 0x00007f44d40b1cb0 attached to JVMCI runtime 0
Event: 759.085 Thread 0x00007f44d40b1cb0 created JavaVM[5]@0x00007f447df9e340 for JVMCI runtime 0
Event: 761.489 Thread 0x00007f44d40b1cb0 initializing JVMCI runtime 0
Event: 761.489 Thread 0x00007f44d40b1cb0 done waiting for JavaVM references initialization in JVMCI runtime 0

Compilation events (20 events):
Event: 598.162 Thread 0x00007f44d40b31c0 nmethod 9095 0x00007f44bc6e8690 code [0x00007f44bc6e8860, 0x00007f44bc6e8a70]
Event: 599.578 Thread 0x00007f44d40b1cb0 9096       4       org.eclipse.core.runtime.Path::isPrefixOf (115 bytes)
Event: 640.908 Thread 0x00007f44d40b1cb0 nmethod 9096 0x00007f44c31f8b10 code [0x00007f44c31f8ca0, 0x00007f44c31f9130]
Event: 640.908 Thread 0x00007f44d40b1cb0 9097 %     4       java.util.regex.Matcher::match @ 46 (154 bytes)
Event: 655.584 Thread 0x00007f44d40b1cb0 nmethod 9097% 0x00007f44c31f9410 code [0x00007f44c31f9600, 0x00007f44c31f9d30]
Event: 655.585 Thread 0x00007f44d40b1cb0 9098       4       org.eclipse.osgi.internal.framework.EquinoxContainer::checkAdminPermission (27 bytes)
Event: 656.803 Thread 0x00007f44d40b1cb0 nmethod 9098 0x00007f44c31fa490 code [0x00007f44c31fa600, 0x00007f44c31fa6d0]
Event: 660.974 Thread 0x00007f44d40b1cb0 9099       4       java.util.HashSet::isEmpty (8 bytes)
Event: 666.393 Thread 0x00007f44d40b31c0 9101   !   3       java.util.Collections$SynchronizedCollection::size (24 bytes)
Event: 667.882 Thread 0x00007f44d40b31c0 nmethod 9101 0x00007f44bc6f4e10 code [0x00007f44bc6f4fc0, 0x00007f44bc6f53c0]
Event: 677.364 Thread 0x00007f44d40b31c0 9102   !   3       java.util.Collections$SynchronizedCollection::isEmpty (24 bytes)
Event: 677.365 Thread 0x00007f44d40b31c0 nmethod 9102 0x00007f44bca4aa10 code [0x00007f44bca4abc0, 0x00007f44bca4afc0]
Event: 685.484 Thread 0x00007f44d40b1cb0 nmethod 9099 0x00007f44c31fa810 code [0x00007f44c31fa980, 0x00007f44c31faa00]
Event: 685.484 Thread 0x00007f44d40b1cb0 9100       4       java.util.regex.Matcher::match (154 bytes)
Event: 704.329 Thread 0x00007f44d40b1cb0 nmethod 9100 0x00007f44c31fab10 code [0x00007f44c31fad00, 0x00007f44c31fb3f0]
Event: 704.329 Thread 0x00007f44d40b1cb0 9103       4       java.lang.Thread::interrupted (23 bytes)
Event: 704.332 Thread 0x00007f44d40b1cb0 nmethod 9103 0x00007f44c31fbb10 code [0x00007f44c31fbc80, 0x00007f44c31fbce8]
Event: 728.249 Thread 0x00007f44d40b31c0 9104       3       java.util.concurrent.TimeUnit::convert (77 bytes)
Event: 728.249 Thread 0x00007f44d40b31c0 nmethod 9104 0x00007f44bc7aaf90 code [0x00007f44bc7ab1a0, 0x00007f44bc7ab560]
Event: 759.084 Thread 0x00007f44d40b1cb0 9105   !   4       org.eclipse.osgi.internal.container.AtomicLazyInitializer::getInitialized (70 bytes)

GC Heap History (20 events):
Event: 805.090 GC heap before
{Heap before GC invocations=550 (full 442):
 PSYoungGen      total 39424K, used 26112K [0x00000000f5580000, 0x00000000f8a00000, 0x0000000100000000)
  eden space 26112K, 100% used [0x00000000f5580000,0x00000000f6f00000,0x00000000f6f00000)
  from space 13312K, 0% used [0x00000000f7300000,0x00000000f7300000,0x00000000f8000000)
  to   space 8192K, 0% used [0x00000000f8200000,0x00000000f8200000,0x00000000f8a00000)
 ParOldGen       total 349696K, used 349695K [0x00000000e0000000, 0x00000000f5580000, 0x00000000f5580000)
  object space 349696K, 99% used [0x00000000e0000000,0x00000000f557ffd8,0x00000000f5580000)
 Metaspace       used 53481K, committed 54400K, reserved 1097728K
  class space    used 5148K, committed 5568K, reserved 1048576K
}
Event: 806.553 GC heap after
{Heap after GC invocations=550 (full 442):
 PSYoungGen      total 34304K, used 26112K [0x00000000f5580000, 0x00000000f8a00000, 0x0000000100000000)
  eden space 26112K, 100% used [0x00000000f5580000,0x00000000f6f00000,0x00000000f6f00000)
  from space 8192K, 0% used [0x00000000f8200000,0x00000000f8200000,0x00000000f8a00000)
  to   space 13312K, 0% used [0x00000000f7300000,0x00000000f7300000,0x00000000f8000000)
 ParOldGen       total 349696K, used 349695K [0x00000000e0000000, 0x00000000f5580000, 0x00000000f5580000)
  object space 349696K, 99% used [0x00000000e0000000,0x00000000f557ffb8,0x00000000f5580000)
 Metaspace       used 53481K, committed 54400K, reserved 1097728K
  class space    used 5148K, committed 5568K, reserved 1048576K
}
Event: 806.553 GC heap before
{Heap before GC invocations=551 (full 443):
 PSYoungGen      total 34304K, used 26112K [0x00000000f5580000, 0x00000000f8a00000, 0x0000000100000000)
  eden space 26112K, 100% used [0x00000000f5580000,0x00000000f6f00000,0x00000000f6f00000)
  from space 8192K, 0% used [0x00000000f8200000,0x00000000f8200000,0x00000000f8a00000)
  to   space 13312K, 0% used [0x00000000f7300000,0x00000000f7300000,0x00000000f8000000)
 ParOldGen       total 349696K, used 349695K [0x00000000e0000000, 0x00000000f5580000, 0x00000000f5580000)
  object space 349696K, 99% used [0x00000000e0000000,0x00000000f557ffd0,0x00000000f5580000)
 Metaspace       used 53481K, committed 54400K, reserved 1097728K
  class space    used 5148K, committed 5568K, reserved 1048576K
}
Event: 807.914 GC heap after
{Heap after GC invocations=551 (full 443):
 PSYoungGen      total 39424K, used 26112K [0x00000000f5580000, 0x00000000f8a00000, 0x0000000100000000)
  eden space 26112K, 100% used [0x00000000f5580000,0x00000000f6f00000,0x00000000f6f00000)
  from space 13312K, 0% used [0x00000000f7300000,0x00000000f7300000,0x00000000f8000000)
  to   space 8192K, 0% used [0x00000000f8200000,0x00000000f8200000,0x00000000f8a00000)
 ParOldGen       total 349696K, used 349695K [0x00000000e0000000, 0x00000000f5580000, 0x00000000f5580000)
  object space 349696K, 99% used [0x00000000e0000000,0x00000000f557ffd0,0x00000000f5580000)
 Metaspace       used 53481K, committed 54400K, reserved 1097728K
  class space    used 5148K, committed 5568K, reserved 1048576K
}
Event: 807.914 GC heap before
{Heap before GC invocations=552 (full 444):
 PSYoungGen      total 39424K, used 26112K [0x00000000f5580000, 0x00000000f8a00000, 0x0000000100000000)
  eden space 26112K, 100% used [0x00000000f5580000,0x00000000f6f00000,0x00000000f6f00000)
  from space 13312K, 0% used [0x00000000f7300000,0x00000000f7300000,0x00000000f8000000)
  to   space 8192K, 0% used [0x00000000f8200000,0x00000000f8200000,0x00000000f8a00000)
 ParOldGen       total 349696K, used 349695K [0x00000000e0000000, 0x00000000f5580000, 0x00000000f5580000)
  object space 349696K, 99% used [0x00000000e0000000,0x00000000f557ffd0,0x00000000f5580000)
 Metaspace       used 53481K, committed 54400K, reserved 1097728K
  class space    used 5148K, committed 5568K, reserved 1048576K
}
Event: 809.373 GC heap after
{Heap after GC invocations=552 (full 444):
 PSYoungGen      total 34304K, used 26112K [0x00000000f5580000, 0x00000000f8a00000, 0x0000000100000000)
  eden space 26112K, 100% used [0x00000000f5580000,0x00000000f6f00000,0x00000000f6f00000)
  from space 8192K, 0% used [0x00000000f8200000,0x00000000f8200000,0x00000000f8a00000)
  to   space 13312K, 0% used [0x00000000f7300000,0x00000000f7300000,0x00000000f8000000)
 ParOldGen       total 349696K, used 349695K [0x00000000e0000000, 0x00000000f5580000, 0x00000000f5580000)
  object space 349696K, 99% used [0x00000000e0000000,0x00000000f557ffd0,0x00000000f5580000)
 Metaspace       used 53481K, committed 54400K, reserved 1097728K
  class space    used 5148K, committed 5568K, reserved 1048576K
}
Event: 809.374 GC heap before
{Heap before GC invocations=553 (full 445):
 PSYoungGen      total 34304K, used 26112K [0x00000000f5580000, 0x00000000f8a00000, 0x0000000100000000)
  eden space 26112K, 100% used [0x00000000f5580000,0x00000000f6f00000,0x00000000f6f00000)
  from space 8192K, 0% used [0x00000000f8200000,0x00000000f8200000,0x00000000f8a00000)
  to   space 13312K, 0% used [0x00000000f7300000,0x00000000f7300000,0x00000000f8000000)
 ParOldGen       total 349696K, used 349695K [0x00000000e0000000, 0x00000000f5580000, 0x00000000f5580000)
  object space 349696K, 99% used [0x00000000e0000000,0x00000000f557fff8,0x00000000f5580000)
 Metaspace       used 53481K, committed 54400K, reserved 1097728K
  class space    used 5148K, committed 5568K, reserved 1048576K
}
Event: 810.889 GC heap after
{Heap after GC invocations=553 (full 445):
 PSYoungGen      total 39424K, used 26112K [0x00000000f5580000, 0x00000000f8a00000, 0x0000000100000000)
  eden space 26112K, 100% used [0x00000000f5580000,0x00000000f6f00000,0x00000000f6f00000)
  from space 13312K, 0% used [0x00000000f7300000,0x00000000f7300000,0x00000000f8000000)
  to   space 8192K, 0% used [0x00000000f8200000,0x00000000f8200000,0x00000000f8a00000)
 ParOldGen       total 349696K, used 349695K [0x00000000e0000000, 0x00000000f5580000, 0x00000000f5580000)
  object space 349696K, 99% used [0x00000000e0000000,0x00000000f557ffc0,0x00000000f5580000)
 Metaspace       used 53481K, committed 54400K, reserved 1097728K
  class space    used 5148K, committed 5568K, reserved 1048576K
}
Event: 810.889 GC heap before
{Heap before GC invocations=554 (full 446):
 PSYoungGen      total 39424K, used 26112K [0x00000000f5580000, 0x00000000f8a00000, 0x0000000100000000)
  eden space 26112K, 100% used [0x00000000f5580000,0x00000000f6f00000,0x00000000f6f00000)
  from space 13312K, 0% used [0x00000000f7300000,0x00000000f7300000,0x00000000f8000000)
  to   space 8192K, 0% used [0x00000000f8200000,0x00000000f8200000,0x00000000f8a00000)
 ParOldGen       total 349696K, used 349695K [0x00000000e0000000, 0x00000000f5580000, 0x00000000f5580000)
  object space 349696K, 99% used [0x00000000e0000000,0x00000000f557fff8,0x00000000f5580000)
 Metaspace       used 53481K, committed 54400K, reserved 1097728K
  class space    used 5148K, committed 5568K, reserved 1048576K
}
Event: 812.177 GC heap after
{Heap after GC invocations=554 (full 446):
 PSYoungGen      total 34304K, used 26112K [0x00000000f5580000, 0x00000000f8a00000, 0x0000000100000000)
  eden space 26112K, 100% used [0x00000000f5580000,0x00000000f6f00000,0x00000000f6f00000)
  from space 8192K, 0% used [0x00000000f8200000,0x00000000f8200000,0x00000000f8a00000)
  to   space 13312K, 0% used [0x00000000f7300000,0x00000000f7300000,0x00000000f8000000)
 ParOldGen       total 349696K, used 349695K [0x00000000e0000000, 0x00000000f5580000, 0x00000000f5580000)
  object space 349696K, 99% used [0x00000000e0000000,0x00000000f557ffe0,0x00000000f5580000)
 Metaspace       used 53481K, committed 54400K, reserved 1097728K
  class space    used 5148K, committed 5568K, reserved 1048576K
}
Event: 812.178 GC heap before
{Heap before GC invocations=555 (full 447):
 PSYoungGen      total 34304K, used 26112K [0x00000000f5580000, 0x00000000f8a00000, 0x0000000100000000)
  eden space 26112K, 100% used [0x00000000f5580000,0x00000000f6f00000,0x00000000f6f00000)
  from space 8192K, 0% used [0x00000000f8200000,0x00000000f8200000,0x00000000f8a00000)
  to   space 13312K, 0% used [0x00000000f7300000,0x00000000f7300000,0x00000000f8000000)
 ParOldGen       total 349696K, used 349695K [0x00000000e0000000, 0x00000000f5580000, 0x00000000f5580000)
  object space 349696K, 99% used [0x00000000e0000000,0x00000000f557fff8,0x00000000f5580000)
 Metaspace       used 53481K, committed 54400K, reserved 1097728K
  class space    used 5148K, committed 5568K, reserved 1048576K
}
Event: 813.482 GC heap after
{Heap after GC invocations=555 (full 447):
 PSYoungGen      total 39424K, used 26112K [0x00000000f5580000, 0x00000000f8a00000, 0x0000000100000000)
  eden space 26112K, 100% used [0x00000000f5580000,0x00000000f6f00000,0x00000000f6f00000)
  from space 13312K, 0% used [0x00000000f7300000,0x00000000f7300000,0x00000000f8000000)
  to   space 8192K, 0% used [0x00000000f8200000,0x00000000f8200000,0x00000000f8a00000)
 ParOldGen       total 349696K, used 349695K [0x00000000e0000000, 0x00000000f5580000, 0x00000000f5580000)
  object space 349696K, 99% used [0x00000000e0000000,0x00000000f557ff70,0x00000000f5580000)
 Metaspace       used 53481K, committed 54400K, reserved 1097728K
  class space    used 5148K, committed 5568K, reserved 1048576K
}
Event: 813.482 GC heap before
{Heap before GC invocations=556 (full 448):
 PSYoungGen      total 39424K, used 26112K [0x00000000f5580000, 0x00000000f8a00000, 0x0000000100000000)
  eden space 26112K, 100% used [0x00000000f5580000,0x00000000f6f00000,0x00000000f6f00000)
  from space 13312K, 0% used [0x00000000f7300000,0x00000000f7300000,0x00000000f8000000)
  to   space 8192K, 0% used [0x00000000f8200000,0x00000000f8200000,0x00000000f8a00000)
 ParOldGen       total 349696K, used 349696K [0x00000000e0000000, 0x00000000f5580000, 0x00000000f5580000)
  object space 349696K, 100% used [0x00000000e0000000,0x00000000f5580000,0x00000000f5580000)
 Metaspace       used 53481K, committed 54400K, reserved 1097728K
  class space    used 5148K, committed 5568K, reserved 1048576K
}
Event: 816.654 GC heap after
{Heap after GC invocations=556 (full 448):
 PSYoungGen      total 34304K, used 26112K [0x00000000f5580000, 0x00000000f8a00000, 0x0000000100000000)
  eden space 26112K, 100% used [0x00000000f5580000,0x00000000f6f00000,0x00000000f6f00000)
  from space 8192K, 0% used [0x00000000f8200000,0x00000000f8200000,0x00000000f8a00000)
  to   space 13312K, 0% used [0x00000000f7300000,0x00000000f7300000,0x00000000f8000000)
 ParOldGen       total 349696K, used 349695K [0x00000000e0000000, 0x00000000f5580000, 0x00000000f5580000)
  object space 349696K, 99% used [0x00000000e0000000,0x00000000f557fff0,0x00000000f5580000)
 Metaspace       used 53481K, committed 54400K, reserved 1097728K
  class space    used 5148K, committed 5568K, reserved 1048576K
}
Event: 816.654 GC heap before
{Heap before GC invocations=557 (full 449):
 PSYoungGen      total 34304K, used 26112K [0x00000000f5580000, 0x00000000f8a00000, 0x0000000100000000)
  eden space 26112K, 100% used [0x00000000f5580000,0x00000000f6f00000,0x00000000f6f00000)
  from space 8192K, 0% used [0x00000000f8200000,0x00000000f8200000,0x00000000f8a00000)
  to   space 13312K, 0% used [0x00000000f7300000,0x00000000f7300000,0x00000000f8000000)
 ParOldGen       total 349696K, used 349695K [0x00000000e0000000, 0x00000000f5580000, 0x00000000f5580000)
  object space 349696K, 99% used [0x00000000e0000000,0x00000000f557fff0,0x00000000f5580000)
 Metaspace       used 53481K, committed 54400K, reserved 1097728K
  class space    used 5148K, committed 5568K, reserved 1048576K
}
Event: 820.146 GC heap after
{Heap after GC invocations=557 (full 449):
 PSYoungGen      total 39424K, used 26112K [0x00000000f5580000, 0x00000000f8a00000, 0x0000000100000000)
  eden space 26112K, 100% used [0x00000000f5580000,0x00000000f6f00000,0x00000000f6f00000)
  from space 13312K, 0% used [0x00000000f7300000,0x00000000f7300000,0x00000000f8000000)
  to   space 8192K, 0% used [0x00000000f8200000,0x00000000f8200000,0x00000000f8a00000)
 ParOldGen       total 349696K, used 349695K [0x00000000e0000000, 0x00000000f5580000, 0x00000000f5580000)
  object space 349696K, 99% used [0x00000000e0000000,0x00000000f557fff0,0x00000000f5580000)
 Metaspace       used 53481K, committed 54400K, reserved 1097728K
  class space    used 5148K, committed 5568K, reserved 1048576K
}
Event: 820.148 GC heap before
{Heap before GC invocations=558 (full 450):
 PSYoungGen      total 39424K, used 26112K [0x00000000f5580000, 0x00000000f8a00000, 0x0000000100000000)
  eden space 26112K, 100% used [0x00000000f5580000,0x00000000f6f00000,0x00000000f6f00000)
  from space 13312K, 0% used [0x00000000f7300000,0x00000000f7300000,0x00000000f8000000)
  to   space 8192K, 0% used [0x00000000f8200000,0x00000000f8200000,0x00000000f8a00000)
 ParOldGen       total 349696K, used 349695K [0x00000000e0000000, 0x00000000f5580000, 0x00000000f5580000)
  object space 349696K, 99% used [0x00000000e0000000,0x00000000f557fff0,0x00000000f5580000)
 Metaspace       used 53481K, committed 54400K, reserved 1097728K
  class space    used 5148K, committed 5568K, reserved 1048576K
}
Event: 821.687 GC heap after
{Heap after GC invocations=558 (full 450):
 PSYoungGen      total 34304K, used 26111K [0x00000000f5580000, 0x00000000f8a00000, 0x0000000100000000)
  eden space 26112K, 99% used [0x00000000f5580000,0x00000000f6efffe0,0x00000000f6f00000)
  from space 8192K, 0% used [0x00000000f8200000,0x00000000f8200000,0x00000000f8a00000)
  to   space 13312K, 0% used [0x00000000f7300000,0x00000000f7300000,0x00000000f8000000)
 ParOldGen       total 349696K, used 349695K [0x00000000e0000000, 0x00000000f5580000, 0x00000000f5580000)
  object space 349696K, 99% used [0x00000000e0000000,0x00000000f557fff0,0x00000000f5580000)
 Metaspace       used 53481K, committed 54400K, reserved 1097728K
  class space    used 5148K, committed 5568K, reserved 1048576K
}
Event: 821.687 GC heap before
{Heap before GC invocations=559 (full 451):
 PSYoungGen      total 34304K, used 26111K [0x00000000f5580000, 0x00000000f8a00000, 0x0000000100000000)
  eden space 26112K, 99% used [0x00000000f5580000,0x00000000f6efffe0,0x00000000f6f00000)
  from space 8192K, 0% used [0x00000000f8200000,0x00000000f8200000,0x00000000f8a00000)
  to   space 13312K, 0% used [0x00000000f7300000,0x00000000f7300000,0x00000000f8000000)
 ParOldGen       total 349696K, used 349695K [0x00000000e0000000, 0x00000000f5580000, 0x00000000f5580000)
  object space 349696K, 99% used [0x00000000e0000000,0x00000000f557fff0,0x00000000f5580000)
 Metaspace       used 53481K, committed 54400K, reserved 1097728K
  class space    used 5148K, committed 5568K, reserved 1048576K
}
Event: 822.958 GC heap after
{Heap after GC invocations=559 (full 451):
 PSYoungGen      total 39424K, used 26111K [0x00000000f5580000, 0x00000000f8a00000, 0x0000000100000000)
  eden space 26112K, 99% used [0x00000000f5580000,0x00000000f6efffe0,0x00000000f6f00000)
  from space 13312K, 0% used [0x00000000f7300000,0x00000000f7300000,0x00000000f8000000)
  to   space 8192K, 0% used [0x00000000f8200000,0x00000000f8200000,0x00000000f8a00000)
 ParOldGen       total 349696K, used 349695K [0x00000000e0000000, 0x00000000f5580000, 0x00000000f5580000)
  object space 349696K, 99% used [0x00000000e0000000,0x00000000f557fff0,0x00000000f5580000)
 Metaspace       used 53481K, committed 54400K, reserved 1097728K
  class space    used 5148K, committed 5568K, reserved 1048576K
}

Dll operation events (9 events):
Event: 0.002 Loaded shared library /nix/store/gpxl5qgg8kicmcvivwmybwjlpf7wh20l-graalvm17-ce-22.3.0/lib/libjava.so
Event: 0.011 Loaded shared library /nix/store/gpxl5qgg8kicmcvivwmybwjlpf7wh20l-graalvm17-ce-22.3.0/lib/libjsvml.so
Event: 0.249 Loaded shared library /nix/store/gpxl5qgg8kicmcvivwmybwjlpf7wh20l-graalvm17-ce-22.3.0/lib/libnio.so
Event: 0.253 Loaded shared library /nix/store/gpxl5qgg8kicmcvivwmybwjlpf7wh20l-graalvm17-ce-22.3.0/lib/libzip.so
Event: 0.260 Loaded shared library /nix/store/gpxl5qgg8kicmcvivwmybwjlpf7wh20l-graalvm17-ce-22.3.0/lib/libjvmcicompiler.so
Event: 0.747 Loaded shared library /nix/store/gpxl5qgg8kicmcvivwmybwjlpf7wh20l-graalvm17-ce-22.3.0/lib/libjimage.so
Event: 1.264 Loaded shared library /nix/store/gpxl5qgg8kicmcvivwmybwjlpf7wh20l-graalvm17-ce-22.3.0/lib/libnet.so
Event: 4.563 Loaded shared library /home/runner/.cache/jdt-language-server/config/org.eclipse.equinox.launcher/org.eclipse.equinox.launcher.gtk.linux.x86_64_1.2.400.v20211117-0650/eclipse_11600.so
Event: 13.550 Loaded shared library /nix/store/gpxl5qgg8kicmcvivwmybwjlpf7wh20l-graalvm17-ce-22.3.0/lib/libextnet.so

Deoptimization events (20 events):
Event: 196.381 Thread 0x00007f44500010d0 Uncommon trap: trap_request=0xffffffcd fr.pc=0x00007f44c313f365 relative=0x00000000000001e5
Event: 196.381 Thread 0x00007f44500010d0 Uncommon trap: reason=intrinsic_or_type_checked_inlining action=reinterpret pc=0x00007f44c313f365 method=java.util.stream.ReferencePipeline$2$1.begin(J)V @ 0 jvmci
Event: 196.381 Thread 0x00007f44500010d0 DEOPT PACKING pc=0x00007f44c313f365 sp=0x00007f447e7fd360
Event: 196.381 Thread 0x00007f44500010d0 DEOPT UNPACKING pc=0x00007f44bb505325 sp=0x00007f447e7fc800 mode 3
Event: 736.173 Thread 0x00007f4468481320 Uncommon trap: trap_request=0xffffff8f fr.pc=0x00007f44c31cb5a5 relative=0x00000000000011e5
Event: 736.173 Thread 0x00007f4468481320 Uncommon trap: reason=constraint action=none pc=0x00007f44c31cb5a5 method=org.eclipse.jdt.internal.core.index.DiskIndex.copyQueryResults(Lorg/eclipse/jdt/internal/compiler/util/HashtableOfObject;I)V @ 123 jvmci
Event: 736.173 Thread 0x00007f4468481320 DEOPT PACKING pc=0x00007f44c31cb5a5 sp=0x00007f447f7fe530
Event: 736.173 Thread 0x00007f4468481320 DEOPT UNPACKING pc=0x00007f44bb505325 sp=0x00007f447f7fda28 mode 3
Event: 748.883 Thread 0x00007f4468481320 Uncommon trap: trap_request=0xffffff8f fr.pc=0x00007f44c31cb589 relative=0x00000000000011c9
Event: 748.883 Thread 0x00007f4468481320 Uncommon trap: reason=constraint action=none pc=0x00007f44c31cb589 method=org.eclipse.jdt.internal.core.index.DiskIndex.copyQueryResults(Lorg/eclipse/jdt/internal/compiler/util/HashtableOfObject;I)V @ 123 jvmci
Event: 748.883 Thread 0x00007f4468481320 DEOPT PACKING pc=0x00007f44c31cb589 sp=0x00007f447f7fe530
Event: 748.883 Thread 0x00007f4468481320 DEOPT UNPACKING pc=0x00007f44bb505325 sp=0x00007f447f7fda28 mode 3
Event: 764.157 Thread 0x00007f444c0ba360 Uncommon trap: trap_request=0xffffff8f fr.pc=0x00007f44c2f9ad57 relative=0x0000000000000237
Event: 764.157 Thread 0x00007f444c0ba360 Uncommon trap: reason=constraint action=none pc=0x00007f44c2f9ad57 method=java.lang.AbstractStringBuilder.ensureCapacityInternal(I)V @ 27 jvmci
Event: 764.157 Thread 0x00007f444c0ba360 DEOPT PACKING pc=0x00007f44c2f9ad57 sp=0x00007f447e9fe4f0
Event: 764.157 Thread 0x00007f444c0ba360 DEOPT UNPACKING pc=0x00007f44bb505325 sp=0x00007f447e9fd978 mode 3
Event: 820.147 Thread 0x00007f44d40b1cb0 Uncommon trap: trap_request=0xffffff8f fr.pc=0x00007f44c3042f1b relative=0x000000000000017b
Event: 820.147 Thread 0x00007f44d40b1cb0 Uncommon trap: reason=constraint action=none pc=0x00007f44c3042f1b method=java.io.ByteArrayOutputStream.<init>(I)V @ 0 jvmci
Event: 820.147 Thread 0x00007f44d40b1cb0 DEOPT PACKING pc=0x00007f44c3042f1b sp=0x00007f44b8716020
Event: 820.147 Thread 0x00007f44d40b1cb0 DEOPT UNPACKING pc=0x00007f44bb505325 sp=0x00007f44b87154c8 mode 3

Classes unloaded (20 events):
Event: 160.688 Thread 0x00007f44d40a16f0 Unloading class 0x0000000800ee0800 'jdk/internal/reflect/GeneratedConstructorAccessor10'
Event: 160.688 Thread 0x00007f44d40a16f0 Unloading class 0x0000000800ee0400 'jdk/internal/reflect/GeneratedConstructorAccessor9'
Event: 160.688 Thread 0x00007f44d40a16f0 Unloading class 0x0000000800ee0000 'jdk/internal/reflect/GeneratedConstructorAccessor8'
Event: 163.945 Thread 0x00007f44d40a16f0 Unloading class 0x0000000801045400 'java/lang/invoke/LambdaForm$MH+0x0000000801045400'
Event: 163.945 Thread 0x00007f44d40a16f0 Unloading class 0x0000000801045000 'java/lang/invoke/LambdaForm$MH+0x0000000801045000'
Event: 163.945 Thread 0x00007f44d40a16f0 Unloading class 0x0000000801044c00 'java/lang/invoke/LambdaForm$MH+0x0000000801044c00'
Event: 163.945 Thread 0x00007f44d40a16f0 Unloading class 0x0000000801044800 'java/lang/invoke/LambdaForm$MH+0x0000000801044800'
Event: 163.945 Thread 0x00007f44d40a16f0 Unloading class 0x0000000801044400 'java/lang/invoke/LambdaForm$MH+0x0000000801044400'
Event: 163.945 Thread 0x00007f44d40a16f0 Unloading class 0x0000000801044000 'java/lang/invoke/LambdaForm$MH+0x0000000801044000'
Event: 163.945 Thread 0x00007f44d40a16f0 Unloading class 0x0000000800d98400 'java/lang/invoke/LambdaForm$MH+0x0000000800d98400'
Event: 163.945 Thread 0x00007f44d40a16f0 Unloading class 0x0000000800d04000 'java/lang/invoke/LambdaForm$MH+0x0000000800d04000'
Event: 176.251 Thread 0x00007f44d40a16f0 Unloading class 0x0000000801095400 'jdk/internal/reflect/GeneratedSerializationConstructorAccessor4'
Event: 176.252 Thread 0x00007f44d40a16f0 Unloading class 0x0000000801095000 'jdk/internal/reflect/GeneratedSerializationConstructorAccessor3'
Event: 176.252 Thread 0x00007f44d40a16f0 Unloading class 0x0000000801094c00 'jdk/internal/reflect/GeneratedSerializationConstructorAccessor2'
Event: 176.252 Thread 0x00007f44d40a16f0 Unloading class 0x0000000801094400 'jdk/internal/reflect/GeneratedSerializationConstructorAccessor1'
Event: 406.166 Thread 0x00007f44d40a16f0 Unloading class 0x0000000801138c00 'jdk/internal/reflect/GeneratedConstructorAccessor31'
Event: 409.572 Thread 0x00007f44d40a16f0 Unloading class 0x0000000801139000 'jdk/internal/reflect/GeneratedConstructorAccessor32'
Event: 412.054 Thread 0x00007f44d40a16f0 Unloading class 0x0000000801139400 'jdk/internal/reflect/GeneratedConstructorAccessor33'
Event: 439.353 Thread 0x00007f44d40a16f0 Unloading class 0x0000000801138400 'jdk/internal/reflect/GeneratedConstructorAccessor29'
Event: 441.580 Thread 0x00007f44d40a16f0 Unloading class 0x0000000801138800 'jdk/internal/reflect/GeneratedConstructorAccessor30'

Classes redefined (0 events):
No events

Internal exceptions (20 events):
Event: 193.473 Thread 0x00007f44500010d0 Exception <a 'sun/nio/fs/UnixException'{0x00000000f6ec2c30}> (0x00000000f6ec2c30) 
thrown [src/hotspot/share/prims/jni.cpp, line 516]
Event: 193.473 Thread 0x00007f44500010d0 Exception <a 'sun/nio/fs/UnixException'{0x00000000f6ec3b60}> (0x00000000f6ec3b60) 
thrown [src/hotspot/share/prims/jni.cpp, line 516]
Event: 193.473 Thread 0x00007f44500010d0 Exception <a 'sun/nio/fs/UnixException'{0x00000000f6ec4588}> (0x00000000f6ec4588) 
thrown [src/hotspot/share/prims/jni.cpp, line 516]
Event: 193.474 Thread 0x00007f44500010d0 Exception <a 'sun/nio/fs/UnixException'{0x00000000f6eca340}> (0x00000000f6eca340) 
thrown [src/hotspot/share/prims/jni.cpp, line 516]
Event: 193.474 Thread 0x00007f44500010d0 Exception <a 'sun/nio/fs/UnixException'{0x00000000f6ecad68}> (0x00000000f6ecad68) 
thrown [src/hotspot/share/prims/jni.cpp, line 516]
Event: 193.474 Thread 0x00007f44500010d0 Exception <a 'sun/nio/fs/UnixException'{0x00000000f6ed6638}> (0x00000000f6ed6638) 
thrown [src/hotspot/share/prims/jni.cpp, line 516]
Event: 193.474 Thread 0x00007f44500010d0 Exception <a 'sun/nio/fs/UnixException'{0x00000000f6ed7000}> (0x00000000f6ed7000) 
thrown [src/hotspot/share/prims/jni.cpp, line 516]
Event: 193.474 Thread 0x00007f44500010d0 Exception <a 'sun/nio/fs/UnixException'{0x00000000f6ed7be8}> (0x00000000f6ed7be8) 
thrown [src/hotspot/share/prims/jni.cpp, line 516]
Event: 193.474 Thread 0x00007f44500010d0 Exception <a 'sun/nio/fs/UnixException'{0x00000000f6ed8360}> (0x00000000f6ed8360) 
thrown [src/hotspot/share/prims/jni.cpp, line 516]
Event: 736.173 Thread 0x00007f4468481320 Exception <a 'java/lang/OutOfMemoryError'{0x00000000e0005358}> (0x00000000e0005358) 
thrown [src/hotspot/share/gc/shared/memAllocator.cpp, line 138]
Event: 736.173 Thread 0x00007f4468481320 Implicit null exception at 0x00007f44c31cb00e to 0x00007f44c31cb58a
Event: 748.883 Thread 0x00007f4468481320 Exception <a 'java/lang/OutOfMemoryError'{0x00000000e0004db8}> (0x00000000e0004db8) 
thrown [src/hotspot/share/gc/shared/memAllocator.cpp, line 138]
Event: 748.883 Thread 0x00007f4468481320 Implicit null exception at 0x00007f44c31cafd3 to 0x00007f44c31cb56e
Event: 764.156 Thread 0x00007f444c0ba360 Exception <a 'java/lang/OutOfMemoryError'{0x00000000e0004818}> (0x00000000e0004818) 
thrown [src/hotspot/share/gc/shared/memAllocator.cpp, line 138]
Event: 764.157 Thread 0x00007f444c0ba360 Implicit null exception at 0x00007f44c2f9acd7 to 0x00007f44c2f9ad3c
Event: 766.863 Thread 0x00007f444c0ba360 Exception <a 'java/lang/OutOfMemoryError'{0x00000000e0004b38}> (0x00000000e0004b38) 
thrown [src/hotspot/share/gc/shared/memAllocator.cpp, line 136]
Event: 809.374 Thread 0x00007f444c0ba360 Exception <a 'java/lang/OutOfMemoryError'{0x00000000e0004b38}> (0x00000000e0004b38) 
thrown [src/hotspot/share/gc/shared/memAllocator.cpp, line 136]
Event: 820.147 Thread 0x00007f44d40b1cb0 Exception <a 'java/lang/OutOfMemoryError'{0x00000000e0004818}> (0x00000000e0004818) 
thrown [src/hotspot/share/gc/shared/memAllocator.cpp, line 138]
Event: 820.147 Thread 0x00007f44d40b1cb0 Implicit null exception at 0x00007f44c3042ed1 to 0x00007f44c3042f00
Event: 822.958 Thread 0x00007f44d40b1cb0 Exception <a 'java/lang/OutOfMemoryError'{0x00000000e0004b38}> (0x00000000e0004b38) 
thrown [src/hotspot/share/gc/shared/memAllocator.cpp, line 136]

VM Operations (20 events):
Event: 799.661 Executing VM operation: ParallelGCFailedAllocation
Event: 801.087 Executing VM operation: ParallelGCFailedAllocation done
Event: 801.087 Executing VM operation: ParallelGCFailedAllocation
Event: 803.790 Executing VM operation: ParallelGCFailedAllocation done
Event: 803.791 Executing VM operation: ParallelGCFailedAllocation
Event: 805.089 Executing VM operation: ParallelGCFailedAllocation done
Event: 805.089 Executing VM operation: ParallelGCFailedAllocation
Event: 806.553 Executing VM operation: ParallelGCFailedAllocation done
Event: 806.553 Executing VM operation: ParallelGCFailedAllocation
Event: 809.374 Executing VM operation: ParallelGCFailedAllocation done
Event: 809.374 Executing VM operation: ParallelGCFailedAllocation
Event: 810.889 Executing VM operation: ParallelGCFailedAllocation done
Event: 810.889 Executing VM operation: ParallelGCFailedAllocation
Event: 812.177 Executing VM operation: ParallelGCFailedAllocation done
Event: 812.177 Executing VM operation: ParallelGCFailedAllocation
Event: 813.482 Executing VM operation: ParallelGCFailedAllocation done
Event: 813.482 Executing VM operation: ParallelGCFailedAllocation
Event: 820.146 Executing VM operation: ParallelGCFailedAllocation done
Event: 820.148 Executing VM operation: ParallelGCFailedAllocation
Event: 822.958 Executing VM operation: ParallelGCFailedAllocation done

Events (20 events):
Event: 152.772 Thread 0x00007f4438000ff0 Thread exited: 0x00007f4438000ff0
Event: 152.773 Thread 0x00007f44500010d0 Thread exited: 0x00007f44500010d0
Event: 181.244 Thread 0x00007f444c0c4f40 Thread exited: 0x00007f444c0c4f40
Event: 182.663 Thread 0x00007f44500010d0 Thread added: 0x00007f44500010d0
Event: 182.745 Protecting memory [0x00007f447e700000,0x00007f447e704000] with protection modes 0
Event: 185.875 Thread 0x00007f4420047ef0 Thread added: 0x00007f4420047ef0
Event: 185.889 Protecting memory [0x00007f447f900000,0x00007f447f904000] with protection modes 0
Event: 239.346 Thread 0x00007f44d40b4610 flushing nmethod 0x00007f44c31a2010
Event: 240.662 Thread 0x00007f44d40b4610 flushing nmethod 0x00007f44bc6c2790
Event: 240.662 Thread 0x00007f44d40b4610 flushing nmethod 0x00007f44bc6d0c90
Event: 240.662 Thread 0x00007f44d40b4610 flushing nmethod 0x00007f44bc6da810
Event: 240.662 Thread 0x00007f44d40b4610 flushing nmethod 0x00007f44bc6e8690
Event: 240.662 Thread 0x00007f44d40b4610 flushing nmethod 0x00007f44bc6f4e10
Event: 240.664 Thread 0x00007f44d40b4610 flushing nmethod 0x00007f44bc913c10
Event: 240.664 Thread 0x00007f44d40b4610 flushing nmethod 0x00007f44bc914210
Event: 240.664 Thread 0x00007f44d40b4610 flushing nmethod 0x00007f44bc915910
Event: 240.664 Thread 0x00007f44d40b4610 flushing nmethod 0x00007f44bc916610
Event: 240.665 Thread 0x00007f44d40b4610 flushing nmethod 0x00007f44bca4a710
Event: 320.278 Thread 0x00007f4454000ff0 Thread added: 0x00007f4454000ff0
Event: 320.278 Protecting memory [0x00007f447eb00000,0x00007f447eb04000] with protection modes 0


Dynamic libraries:
e0000000-f4d00000 rw-p 00000000 00:00 0 
f4d00000-f8a00000 rw-p 00000000 00:00 0 
f8a00000-100000000 ---p 00000000 00:00 0 
800000000-800449000 rw-p 00001000 00:4b5 4611686019135357769             /nix/store/gpxl5qgg8kicmcvivwmybwjlpf7wh20l-graalvm17-ce-22.3.0/lib/server/classes.jsa
800449000-800bc8000 r--p 0044a000 00:4b5 4611686019135357769             /nix/store/gpxl5qgg8kicmcvivwmybwjlpf7wh20l-graalvm17-ce-22.3.0/lib/server/classes.jsa
800bc8000-800c00000 ---p 00000000 00:00 0 
800c00000-800c10000 rw-p 00000000 00:00 0 
800c10000-800c30000 rw-p 00000000 00:00 0 
800c30000-800cb0000 rw-p 00000000 00:00 0 
800cb0000-800cf0000 rw-p 00000000 00:00 0 
800cf0000-800db0000 rw-p 00000000 00:00 0 
800db0000-800df0000 rw-p 00000000 00:00 0 
800df0000-800f30000 rw-p 00000000 00:00 0 
800f30000-800fb0000 rw-p 00000000 00:00 0 
800fb0000-800ff0000 rw-p 00000000 00:00 0 
800ff0000-801000000 ---p 00000000 00:00 0 
801000000-801180000 rw-p 00000000 00:00 0 
801180000-840c00000 ---p 00000000 00:00 0 
55a307b42000-55a307b43000 r-xp 00000000 00:4b5 4611686019099417844       /nix/store/gpxl5qgg8kicmcvivwmybwjlpf7wh20l-graalvm17-ce-22.3.0/bin/.java-wrapped
55a307b44000-55a307b45000 r--p 00001000 00:4b5 4611686019099417844       /nix/store/gpxl5qgg8kicmcvivwmybwjlpf7wh20l-graalvm17-ce-22.3.0/bin/.java-wrapped
55a307b45000-55a307b46000 rw-p 00002000 00:4b5 4611686019099417844       /nix/store/gpxl5qgg8kicmcvivwmybwjlpf7wh20l-graalvm17-ce-22.3.0/bin/.java-wrapped
55a307b46000-55a307b47000 rw-p 00004000 00:4b5 4611686019099417844       /nix/store/gpxl5qgg8kicmcvivwmybwjlpf7wh20l-graalvm17-ce-22.3.0/bin/.java-wrapped
55a307b47000-55a307b48000 rw-p 00005000 00:4b5 4611686019099417844       /nix/store/gpxl5qgg8kicmcvivwmybwjlpf7wh20l-graalvm17-ce-22.3.0/bin/.java-wrapped
55a30821f000-55a308267000 rw-p 00000000 00:00 0                          [heap]
7f4418000000-7f441805f000 rw-p 00000000 00:00 0 
7f441805f000-7f441c000000 ---p 00000000 00:00 0 
7f4420000000-7f4420072000 rw-p 00000000 00:00 0 
7f4420072000-7f4424000000 ---p 00000000 00:00 0 
7f44264b3000-7f4430000000 r--s 00000000 00:4b5 4611686019135192581       /nix/store/gpxl5qgg8kicmcvivwmybwjlpf7wh20l-graalvm17-ce-22.3.0/lib/modules
7f4430000000-7f44300a4000 rw-p 00000000 00:00 0 
7f44300a4000-7f4434000000 ---p 00000000 00:00 0 
7f4434000000-7f4434021000 rw-p 00000000 00:00 0 
7f4434021000-7f4438000000 ---p 00000000 00:00 0 
7f4438000000-7f44380d6000 rw-p 00000000 00:00 0 
7f44380d6000-7f443c000000 ---p 00000000 00:00 0 
7f443c000000-7f443c15d000 rw-p 00000000 00:00 0 
7f443c15d000-7f4440000000 ---p 00000000 00:00 0 
7f4440000000-7f4440021000 rw-p 00000000 00:00 0 
7f4440021000-7f4444000000 ---p 00000000 00:00 0 
7f4444000000-7f4444021000 rw-p 00000000 00:00 0 
7f4444021000-7f4448000000 ---p 00000000 00:00 0 
7f4448000000-7f444806b000 rw-p 00000000 00:00 0 
7f444806b000-7f444c000000 ---p 00000000 00:00 0 
7f444c000000-7f444c0ef000 rw-p 00000000 00:00 0 
7f444c0ef000-7f4450000000 ---p 00000000 00:00 0 
7f4450000000-7f44500de000 rw-p 00000000 00:00 0 
7f44500de000-7f4454000000 ---p 00000000 00:00 0 
7f4454000000-7f4454305000 rw-p 00000000 00:00 0 
7f4454305000-7f4458000000 ---p 00000000 00:00 0 
7f4458000000-7f4458021000 rw-p 00000000 00:00 0 
7f4458021000-7f445c000000 ---p 00000000 00:00 0 
7f445c000000-7f445c021000 rw-p 00000000 00:00 0 
7f445c021000-7f4460000000 ---p 00000000 00:00 0 
7f4460000000-7f4460021000 rw-p 00000000 00:00 0 
7f4460021000-7f4464000000 ---p 00000000 00:00 0 
7f4465400000-7f44654f0000 rw-p 00000000 00:00 0 
7f44654f0000-7f4465bd0000 rw-p 00000000 00:00 0 
7f4465bd0000-7f4465c00000 ---p 00000000 00:00 0 
7f4465c00000-7f4465fb0000 rw-p 00000000 00:00 0 
7f4465fb0000-7f4465ff0000 rw-p 00000000 00:00 0 
7f4465ff0000-7f44660f0000 rw-p 00000000 00:00 0 
7f44660f0000-7f44661e0000 rw-p 00000000 00:00 0 
7f44661e0000-7f4466200000 ---p 00000000 00:00 0 
7f4466200000-7f44663f0000 rw-p 00000000 00:00 0 
7f44663f0000-7f44664f0000 rw-p 00000000 00:00 0 
7f44664f0000-7f44666b0000 rw-p 00000000 00:00 0 
7f44666b0000-7f44666f0000 rw-p 00000000 00:00 0 
7f44666f0000-7f44668f0000 rw-p 00000000 00:00 0 
7f44668f0000-7f4466bf0000 rw-p 00000000 00:00 0 
7f4466bf0000-7f4466cf0000 rw-p 00000000 00:00 0 
7f4466cf0000-7f4466df0000 rw-p 00000000 00:00 0 
7f4466df0000-7f44673f0000 rw-p 00000000 00:00 0 
7f44673f0000-7f44674f0000 rw-p 00000000 00:00 0 
7f44674f0000-7f44675f0000 rw-p 00000000 00:00 0 
7f44675f0000-7f44678f0000 rw-p 00000000 00:00 0 
7f44678f0000-7f44679f0000 rw-p 00000000 00:00 0 
7f44679f0000-7f4467c00000 rw-p 00000000 00:00 0 
7f4467c00000-7f4467c10000 r-xp 00000000 00:3e6 365                       /home/runner/.cache/jdt-language-server/config/org.eclipse.equinox.launcher/org.eclipse.equinox.launcher.gtk.linux.x86_64_1.2.400.v20211117-0650/eclipse_11600.so
7f4467c10000-7f4467e0f000 ---p 00010000 00:3e6 365                       /home/runner/.cache/jdt-language-server/config/org.eclipse.equinox.launcher/org.eclipse.equinox.launcher.gtk.linux.x86_64_1.2.400.v20211117-0650/eclipse_11600.so
7f4467e0f000-7f4467e10000 r--p 0000f000 00:3e6 365                       /home/runner/.cache/jdt-language-server/config/org.eclipse.equinox.launcher/org.eclipse.equinox.launcher.gtk.linux.x86_64_1.2.400.v20211117-0650/eclipse_11600.so
7f4467e10000-7f4467e11000 rw-p 00010000 00:3e6 365                       /home/runner/.cache/jdt-language-server/config/org.eclipse.equinox.launcher/org.eclipse.equinox.launcher.gtk.linux.x86_64_1.2.400.v20211117-0650/eclipse_11600.so
7f4468000000-7f44688bb000 rw-p 00000000 00:00 0 
7f44688bb000-7f446c000000 ---p 00000000 00:00 0 
7f446c000000-7f446c03e000 rw-p 00000000 00:00 0 
7f446c03e000-7f4470000000 ---p 00000000 00:00 0 
7f4470000000-7f4470021000 rw-p 00000000 00:00 0 
7f4470021000-7f4474000000 ---p 00000000 00:00 0 
7f4474000000-7f4474021000 rw-p 00000000 00:00 0 
7f4474021000-7f4478000000 ---p 00000000 00:00 0 
7f4478000000-7f4478021000 rw-p 00000000 00:00 0 
7f4478021000-7f447c000000 ---p 00000000 00:00 0 
7f447d300000-7f447d400000 ---p 00000000 00:00 0 
7f447d400000-7f447d9af000 r--p 01122000 00:4b5 4611686019135190040       /nix/store/gpxl5qgg8kicmcvivwmybwjlpf7wh20l-graalvm17-ce-22.3.0/lib/libjvmcicompiler.so
7f447d9af000-7f447db00000 r--p 00000000 00:00 0 
7f447db00000-7f447db3d000 rw-p 00000000 00:00 0 
7f447db3d000-7f447e05d000 rw-p 0185f000 00:4b5 4611686019135190040       /nix/store/gpxl5qgg8kicmcvivwmybwjlpf7wh20l-graalvm17-ce-22.3.0/lib/libjvmcicompiler.so
7f447e05d000-7f447e444000 r--p 01d7f000 00:4b5 4611686019135190040       /nix/store/gpxl5qgg8kicmcvivwmybwjlpf7wh20l-graalvm17-ce-22.3.0/lib/libjvmcicompiler.so
7f447e500000-7f447e504000 ---p 00000000 00:00 0 
7f447e504000-7f447e600000 rw-p 00000000 00:00 0 
7f447e700000-7f447e704000 ---p 00000000 00:00 0 
7f447e704000-7f447e800000 rw-p 00000000 00:00 0 
7f447e900000-7f447e904000 ---p 00000000 00:00 0 
7f447e904000-7f447ea00000 rw-p 00000000 00:00 0 
7f447eb00000-7f447eb04000 ---p 00000000 00:00 0 
7f447eb04000-7f447ec00000 rw-p 00000000 00:00 0 
7f447ed00000-7f447ed04000 ---p 00000000 00:00 0 
7f447ed04000-7f447ee00000 rw-p 00000000 00:00 0 
7f447ef00000-7f447ef04000 ---p 00000000 00:00 0 
7f447ef04000-7f447f000000 rw-p 00000000 00:00 0 
7f447f100000-7f447f104000 ---p 00000000 00:00 0 
7f447f104000-7f447f200000 rw-p 00000000 00:00 0 
7f447f300000-7f447f304000 ---p 00000000 00:00 0 
7f447f304000-7f447f400000 rw-p 00000000 00:00 0 
7f447f500000-7f447f504000 ---p 00000000 00:00 0 
7f447f504000-7f447f600000 rw-p 00000000 00:00 0 
7f447f700000-7f447f704000 ---p 00000000 00:00 0 
7f447f704000-7f447f800000 rw-p 00000000 00:00 0 
7f447f900000-7f447f904000 ---p 00000000 00:00 0 
7f447f904000-7f447fa00000 rw-p 00000000 00:00 0 
7f447fb00000-7f447fb04000 ---p 00000000 00:00 0 
7f447fb04000-7f447fc00000 rw-p 00000000 00:00 0 
7f447fd00000-7f447fd04000 ---p 00000000 00:00 0 
7f447fd04000-7f447fe00000 rw-p 00000000 00:00 0 
7f447ff00000-7f447ff04000 ---p 00000000 00:00 0 
7f447ff04000-7f4480000000 rw-p 00000000 00:00 0 
7f4480000000-7f4480021000 rw-p 00000000 00:00 0 
7f4480021000-7f4484000000 ---p 00000000 00:00 0 
7f4484000000-7f4484021000 rw-p 00000000 00:00 0 
7f4484021000-7f4488000000 ---p 00000000 00:00 0 
7f4488100000-7f4488104000 ---p 00000000 00:00 0 
7f4488104000-7f4488200000 rw-p 00000000 00:00 0 
7f4488300000-7f4488304000 ---p 00000000 00:00 0 
7f4488304000-7f4488400000 rw-p 00000000 00:00 0 
7f4488500000-7f4488504000 ---p 00000000 00:00 0 
7f4488504000-7f4488600000 rw-p 00000000 00:00 0 
7f4488700000-7f4488704000 ---p 00000000 00:00 0 
7f4488704000-7f4488800000 rw-p 00000000 00:00 0 
7f4489468000-7f4489900000 rw-p 00000000 00:00 0 
7f4489a00000-7f448bb6a000 r-xp 00000000 00:4b5 4611686019135190040       /nix/store/gpxl5qgg8kicmcvivwmybwjlpf7wh20l-graalvm17-ce-22.3.0/lib/libjvmcicompiler.so
7f448bb6a000-7f448bd69000 ---p 0216a000 00:4b5 4611686019135190040       /nix/store/gpxl5qgg8kicmcvivwmybwjlpf7wh20l-graalvm17-ce-22.3.0/lib/libjvmcicompiler.so
7f448bd69000-7f448bd6a000 r--p 02169000 00:4b5 4611686019135190040       /nix/store/gpxl5qgg8kicmcvivwmybwjlpf7wh20l-graalvm17-ce-22.3.0/lib/libjvmcicompiler.so
7f448bd6a000-7f448bd6c000 rw-p 0216a000 00:4b5 4611686019135190040       /nix/store/gpxl5qgg8kicmcvivwmybwjlpf7wh20l-graalvm17-ce-22.3.0/lib/libjvmcicompiler.so
7f448bd6c000-7f448bd6d000 rw-p 00000000 00:00 0 
7f448bd6d000-7f448bd72000 rw-p 023c3000 00:4b5 4611686019135190040       /nix/store/gpxl5qgg8kicmcvivwmybwjlpf7wh20l-graalvm17-ce-22.3.0/lib/libjvmcicompiler.so
7f448bddc000-7f448bde0000 ---p 00000000 00:00 0 
7f448bde0000-7f448bedc000 rw-p 00000000 00:00 0 
7f448bedc000-7f448bee0000 ---p 00000000 00:00 0 
7f448bee0000-7f448befe000 rw-p 00000000 00:00 0 
7f448befe000-7f448beff000 ---p 00000000 00:00 0 
7f448beff000-7f448c000000 rw-p 00000000 00:00 0 
7f448c000000-7f448c021000 rw-p 00000000 00:00 0 
7f448c021000-7f4490000000 ---p 00000000 00:00 0 
7f4490000000-7f4490021000 rw-p 00000000 00:00 0 
7f4490021000-7f4494000000 ---p 00000000 00:00 0 
7f4494000000-7f44940ee000 rw-p 00000000 00:00 0 
7f44940ee000-7f4498000000 ---p 00000000 00:00 0 
7f4498000000-7f4498bb1000 rw-p 00000000 00:00 0 
7f4498bb1000-7f449c000000 ---p 00000000 00:00 0 
7f449c000000-7f449c021000 rw-p 00000000 00:00 0 
7f449c021000-7f44a0000000 ---p 00000000 00:00 0 
7f44a0000000-7f44a0021000 rw-p 00000000 00:00 0 
7f44a0021000-7f44a4000000 ---p 00000000 00:00 0 
7f44a4000000-7f44a4021000 rw-p 00000000 00:00 0 
7f44a4021000-7f44a8000000 ---p 00000000 00:00 0 
7f44a8000000-7f44a8021000 rw-p 00000000 00:00 0 
7f44a8021000-7f44ac000000 ---p 00000000 00:00 0 
7f44ac000000-7f44ac021000 rw-p 00000000 00:00 0 
7f44ac021000-7f44b0000000 ---p 00000000 00:00 0 
7f44b0000000-7f44b0021000 rw-p 00000000 00:00 0 
7f44b0021000-7f44b4000000 ---p 00000000 00:00 0 
7f44b4000000-7f44b4053000 rw-p 00000000 00:00 0 
7f44b4053000-7f44b8000000 ---p 00000000 00:00 0 
7f44b8018000-7f44b801c000 ---p 00000000 00:00 0 
7f44b801c000-7f44b8118000 rw-p 00000000 00:00 0 
7f44b8118000-7f44b811c000 ---p 00000000 00:00 0 
7f44b811c000-7f44b8218000 rw-p 00000000 00:00 0 
7f44b8218000-7f44b821c000 ---p 00000000 00:00 0 
7f44b821c000-7f44b8318000 rw-p 00000000 00:00 0 
7f44b8318000-7f44b831c000 ---p 00000000 00:00 0 
7f44b831c000-7f44b8518000 rw-p 00000000 00:00 0 
7f44b8518000-7f44b851c000 ---p 00000000 00:00 0 
7f44b851c000-7f44b8718000 rw-p 00000000 00:00 0 
7f44b8718000-7f44b871c000 ---p 00000000 00:00 0 
7f44b871c000-7f44b8818000 rw-p 00000000 00:00 0 
7f44b8818000-7f44b881c000 ---p 00000000 00:00 0 
7f44b881c000-7f44b8918000 rw-p 00000000 00:00 0 
7f44b8918000-7f44b891c000 ---p 00000000 00:00 0 
7f44b891c000-7f44b8a18000 rw-p 00000000 00:00 0 
7f44b8a18000-7f44b8cfe000 r--p 00000000 00:2af 28444448                  /usr/lib/locale/locale-archive
7f44b8cfe000-7f44b8d02000 ---p 00000000 00:00 0 
7f44b8d02000-7f44b8dfe000 rw-p 00000000 00:00 0 
7f44b8dfe000-7f44b8e02000 ---p 00000000 00:00 0 
7f44b8e02000-7f44b8efe000 rw-p 00000000 00:00 0 
7f44b8efe000-7f44b8eff000 ---p 00000000 00:00 0 
7f44b8eff000-7f44b93f0000 rw-p 00000000 00:00 0 
7f44b93f0000-7f44b96f0000 rw-p 00000000 00:00 0 
7f44b96f0000-7f44b9800000 rw-p 00000000 00:00 0 
7f44b9816000-7f44b9818000 r-xp 00000000 00:4b5 4611686019135190017       /nix/store/gpxl5qgg8kicmcvivwmybwjlpf7wh20l-graalvm17-ce-22.3.0/lib/libextnet.so
7f44b9818000-7f44b9819000 r--p 00001000 00:4b5 4611686019135190017       /nix/store/gpxl5qgg8kicmcvivwmybwjlpf7wh20l-graalvm17-ce-22.3.0/lib/libextnet.so
7f44b9819000-7f44b981a000 rw-p 00002000 00:4b5 4611686019135190017       /nix/store/gpxl5qgg8kicmcvivwmybwjlpf7wh20l-graalvm17-ce-22.3.0/lib/libextnet.so
7f44b981a000-7f44b981b000 rw-p 00004000 00:4b5 4611686019135190017       /nix/store/gpxl5qgg8kicmcvivwmybwjlpf7wh20l-graalvm17-ce-22.3.0/lib/libextnet.so
7f44b981b000-7f44b9822000 r-xp 00000000 00:4b5 4611686019135192580       /nix/store/gpxl5qgg8kicmcvivwmybwjlpf7wh20l-graalvm17-ce-22.3.0/lib/libzip.so
7f44b9822000-7f44b9823000 ---p 00007000 00:4b5 4611686019135192580       /nix/store/gpxl5qgg8kicmcvivwmybwjlpf7wh20l-graalvm17-ce-22.3.0/lib/libzip.so
7f44b9823000-7f44b9824000 r--p 00007000 00:4b5 4611686019135192580       /nix/store/gpxl5qgg8kicmcvivwmybwjlpf7wh20l-graalvm17-ce-22.3.0/lib/libzip.so
7f44b9824000-7f44b9825000 rw-p 00008000 00:4b5 4611686019135192580       /nix/store/gpxl5qgg8kicmcvivwmybwjlpf7wh20l-graalvm17-ce-22.3.0/lib/libzip.so
7f44b9825000-7f44b9827000 rw-p 0000b000 00:4b5 4611686019135192580       /nix/store/gpxl5qgg8kicmcvivwmybwjlpf7wh20l-graalvm17-ce-22.3.0/lib/libzip.so
7f44b9827000-7f44b98f5000 r-xp 00000000 00:4b5 4611686019135190036       /nix/store/gpxl5qgg8kicmcvivwmybwjlpf7wh20l-graalvm17-ce-22.3.0/lib/libjsvml.so
7f44b98f5000-7f44b98f6000 r--p 000cd000 00:4b5 4611686019135190036       /nix/store/gpxl5qgg8kicmcvivwmybwjlpf7wh20l-graalvm17-ce-22.3.0/lib/libjsvml.so
7f44b98f6000-7f44b98f7000 rw-p 000ce000 00:4b5 4611686019135190036       /nix/store/gpxl5qgg8kicmcvivwmybwjlpf7wh20l-graalvm17-ce-22.3.0/lib/libjsvml.so
7f44b98f7000-7f44bb1c5000 rw-p 00000000 00:00 0 
7f44bb1c5000-7f44bb1c6000 ---p 00000000 00:00 0 
7f44bb1c6000-7f44bb36e000 rw-p 00000000 00:00 0 
7f44bb36e000-7f44bb38c000 rw-p 00000000 00:00 0 
7f44bb38c000-7f44bb3c7000 ---p 00000000 00:00 0 
7f44bb3c7000-7f44bb3ce000 rw-p 00000000 00:00 0 
7f44bb3ce000-7f44bb4b3000 ---p 00000000 00:00 0 
7f44bb4b3000-7f44bb723000 rwxp 00000000 00:00 0 
7f44bb723000-7f44bba42000 ---p 00000000 00:00 0 
7f44bba42000-7f44bcb02000 rwxp 00000000 00:00 0 
7f44bcb02000-7f44c2f7a000 ---p 00000000 00:00 0 
7f44c2f7a000-7f44c320a000 rwxp 00000000 00:00 0 
7f44c320a000-7f44ca4b3000 ---p 00000000 00:00 0 
7f44ca4b3000-7f44d4000000 r--s 00000000 00:4b5 4611686019135192581       /nix/store/gpxl5qgg8kicmcvivwmybwjlpf7wh20l-graalvm17-ce-22.3.0/lib/modules
7f44d4000000-7f44d4622000 rw-p 00000000 00:00 0 
7f44d4622000-7f44d8000000 ---p 00000000 00:00 0 
7f44d8002000-7f44d8017000 r-xp 00000000 00:4b5 4611686019135192570       /nix/store/gpxl5qgg8kicmcvivwmybwjlpf7wh20l-graalvm17-ce-22.3.0/lib/libnet.so
7f44d8017000-7f44d8018000 ---p 00015000 00:4b5 4611686019135192570       /nix/store/gpxl5qgg8kicmcvivwmybwjlpf7wh20l-graalvm17-ce-22.3.0/lib/libnet.so
7f44d8018000-7f44d8019000 r--p 00015000 00:4b5 4611686019135192570       /nix/store/gpxl5qgg8kicmcvivwmybwjlpf7wh20l-graalvm17-ce-22.3.0/lib/libnet.so
7f44d8019000-7f44d801a000 rw-p 00016000 00:4b5 4611686019135192570       /nix/store/gpxl5qgg8kicmcvivwmybwjlpf7wh20l-graalvm17-ce-22.3.0/lib/libnet.so
7f44d801a000-7f44d801d000 rw-p 0001b000 00:4b5 4611686019135192570       /nix/store/gpxl5qgg8kicmcvivwmybwjlpf7wh20l-graalvm17-ce-22.3.0/lib/libnet.so
7f44d801d000-7f44d8030000 r-xp 00000000 00:4b5 4611686019135192571       /nix/store/gpxl5qgg8kicmcvivwmybwjlpf7wh20l-graalvm17-ce-22.3.0/lib/libnio.so
7f44d8030000-7f44d8031000 r--p 00012000 00:4b5 4611686019135192571       /nix/store/gpxl5qgg8kicmcvivwmybwjlpf7wh20l-graalvm17-ce-22.3.0/lib/libnio.so
7f44d8031000-7f44d8032000 rw-p 00013000 00:4b5 4611686019135192571       /nix/store/gpxl5qgg8kicmcvivwmybwjlpf7wh20l-graalvm17-ce-22.3.0/lib/libnio.so
7f44d8032000-7f44d8037000 rw-p 00019000 00:4b5 4611686019135192571       /nix/store/gpxl5qgg8kicmcvivwmybwjlpf7wh20l-graalvm17-ce-22.3.0/lib/libnio.so
7f44d8037000-7f44d8063000 rw-p 00000000 00:00 0 
7f44d8063000-7f44d812c000 ---p 00000000 00:00 0 
7f44d812c000-7f44d8131000 rw-p 00000000 00:00 0 
7f44d8131000-7f44d8138000 ---p 00000000 00:00 0 
7f44d8138000-7f44d815c000 r-xp 00000000 00:4b5 4611686019135190028       /nix/store/gpxl5qgg8kicmcvivwmybwjlpf7wh20l-graalvm17-ce-22.3.0/lib/libjava.so
7f44d815c000-7f44d815d000 ---p 00024000 00:4b5 4611686019135190028       /nix/store/gpxl5qgg8kicmcvivwmybwjlpf7wh20l-graalvm17-ce-22.3.0/lib/libjava.so
7f44d815d000-7f44d815e000 r--p 00024000 00:4b5 4611686019135190028       /nix/store/gpxl5qgg8kicmcvivwmybwjlpf7wh20l-graalvm17-ce-22.3.0/lib/libjava.so
7f44d815e000-7f44d815f000 rw-p 00025000 00:4b5 4611686019135190028       /nix/store/gpxl5qgg8kicmcvivwmybwjlpf7wh20l-graalvm17-ce-22.3.0/lib/libjava.so
7f44d815f000-7f44d8160000 rw-p 00000000 00:00 0 
7f44d8160000-7f44d8167000 rw-p 0002f000 00:4b5 4611686019135190028       /nix/store/gpxl5qgg8kicmcvivwmybwjlpf7wh20l-graalvm17-ce-22.3.0/lib/libjava.so
7f44d8167000-7f44d816f000 rw-s 00000000 00:9b 362                        /tmp/hsperfdata_runner/18
7f44d816f000-7f44d8170000 ---p 00000000 00:00 0 
7f44d8170000-7f44d8171000 r--p 00000000 00:00 0 
7f44d8171000-7f44d8172000 rwxp 00000000 00:00 0 
7f44d8172000-7f44d818d000 r-xp 00000000 00:4b5 4611686019135190032       /nix/store/gpxl5qgg8kicmcvivwmybwjlpf7wh20l-graalvm17-ce-22.3.0/lib/libjimage.so
7f44d818d000-7f44d818e000 ---p 0001b000 00:4b5 4611686019135190032       /nix/store/gpxl5qgg8kicmcvivwmybwjlpf7wh20l-graalvm17-ce-22.3.0/lib/libjimage.so
7f44d818e000-7f44d8190000 r--p 0001b000 00:4b5 4611686019135190032       /nix/store/gpxl5qgg8kicmcvivwmybwjlpf7wh20l-graalvm17-ce-22.3.0/lib/libjimage.so
7f44d8190000-7f44d8191000 rw-p 0001d000 00:4b5 4611686019135190032       /nix/store/gpxl5qgg8kicmcvivwmybwjlpf7wh20l-graalvm17-ce-22.3.0/lib/libjimage.so
7f44d8191000-7f44d8192000 rw-p 00024000 00:4b5 4611686019135190032       /nix/store/gpxl5qgg8kicmcvivwmybwjlpf7wh20l-graalvm17-ce-22.3.0/lib/libjimage.so
7f44d8192000-7f44d8196000 ---p 00000000 00:00 0 
7f44d8196000-7f44d8292000 rw-p 00000000 00:00 0 
7f44d8292000-7f44d82a0000 r--p 00000000 00:4b5 4611686019027979927       /nix/store/4nlgxhb09sdr51nc9hdm8az5b08vzkgx-glibc-2.35-163/lib/libm.so.6
7f44d82a0000-7f44d8313000 r-xp 0000e000 00:4b5 4611686019027979927       /nix/store/4nlgxhb09sdr51nc9hdm8az5b08vzkgx-glibc-2.35-163/lib/libm.so.6
7f44d8313000-7f44d8370000 r--p 00081000 00:4b5 4611686019027979927       /nix/store/4nlgxhb09sdr51nc9hdm8az5b08vzkgx-glibc-2.35-163/lib/libm.so.6
7f44d8370000-7f44d8371000 r--p 000dd000 00:4b5 4611686019027979927       /nix/store/4nlgxhb09sdr51nc9hdm8az5b08vzkgx-glibc-2.35-163/lib/libm.so.6
7f44d8371000-7f44d8372000 rw-p 000de000 00:4b5 4611686019027979927       /nix/store/4nlgxhb09sdr51nc9hdm8az5b08vzkgx-glibc-2.35-163/lib/libm.so.6
7f44d8372000-7f44d8373000 r--p 00000000 00:4b5 4611686019027979946       /nix/store/4nlgxhb09sdr51nc9hdm8az5b08vzkgx-glibc-2.35-163/lib/librt.so.1
7f44d8373000-7f44d8374000 r-xp 00001000 00:4b5 4611686019027979946       /nix/store/4nlgxhb09sdr51nc9hdm8az5b08vzkgx-glibc-2.35-163/lib/librt.so.1
7f44d8374000-7f44d8375000 r--p 00002000 00:4b5 4611686019027979946       /nix/store/4nlgxhb09sdr51nc9hdm8az5b08vzkgx-glibc-2.35-163/lib/librt.so.1
7f44d8375000-7f44d8376000 r--p 00002000 00:4b5 4611686019027979946       /nix/store/4nlgxhb09sdr51nc9hdm8az5b08vzkgx-glibc-2.35-163/lib/librt.so.1
7f44d8376000-7f44d8377000 rw-p 00003000 00:4b5 4611686019027979946       /nix/store/4nlgxhb09sdr51nc9hdm8az5b08vzkgx-glibc-2.35-163/lib/librt.so.1
7f44d8377000-7f44d948a000 r-xp 00000000 00:4b5 4611686019135360866       /nix/store/gpxl5qgg8kicmcvivwmybwjlpf7wh20l-graalvm17-ce-22.3.0/lib/server/libjvm.so
7f44d948a000-7f44d948b000 ---p 01113000 00:4b5 4611686019135360866       /nix/store/gpxl5qgg8kicmcvivwmybwjlpf7wh20l-graalvm17-ce-22.3.0/lib/server/libjvm.so
7f44d948b000-7f44d9540000 r--p 01113000 00:4b5 4611686019135360866       /nix/store/gpxl5qgg8kicmcvivwmybwjlpf7wh20l-graalvm17-ce-22.3.0/lib/server/libjvm.so
7f44d9540000-7f44d9574000 rw-p 011c8000 00:4b5 4611686019135360866       /nix/store/gpxl5qgg8kicmcvivwmybwjlpf7wh20l-graalvm17-ce-22.3.0/lib/server/libjvm.so
7f44d9574000-7f44d95d0000 rw-p 00000000 00:00 0 
7f44d95d0000-7f44d95f8000 r--p 00000000 00:4b5 4611686019027979918       /nix/store/4nlgxhb09sdr51nc9hdm8az5b08vzkgx-glibc-2.35-163/lib/libc.so.6
7f44d95f8000-7f44d976e000 r-xp 00028000 00:4b5 4611686019027979918       /nix/store/4nlgxhb09sdr51nc9hdm8az5b08vzkgx-glibc-2.35-163/lib/libc.so.6
7f44d976e000-7f44d97c6000 r--p 0019e000 00:4b5 4611686019027979918       /nix/store/4nlgxhb09sdr51nc9hdm8az5b08vzkgx-glibc-2.35-163/lib/libc.so.6
7f44d97c6000-7f44d97ca000 r--p 001f6000 00:4b5 4611686019027979918       /nix/store/4nlgxhb09sdr51nc9hdm8az5b08vzkgx-glibc-2.35-163/lib/libc.so.6
7f44d97ca000-7f44d97cc000 rw-p 001fa000 00:4b5 4611686019027979918       /nix/store/4nlgxhb09sdr51nc9hdm8az5b08vzkgx-glibc-2.35-163/lib/libc.so.6
7f44d97cc000-7f44d97db000 rw-p 00000000 00:00 0 
7f44d97db000-7f44d97dc000 r--p 00000000 00:4b5 4611686019027979923       /nix/store/4nlgxhb09sdr51nc9hdm8az5b08vzkgx-glibc-2.35-163/lib/libdl.so.2
7f44d97dc000-7f44d97dd000 r-xp 00001000 00:4b5 4611686019027979923       /nix/store/4nlgxhb09sdr51nc9hdm8az5b08vzkgx-glibc-2.35-163/lib/libdl.so.2
7f44d97dd000-7f44d97de000 r--p 00002000 00:4b5 4611686019027979923       /nix/store/4nlgxhb09sdr51nc9hdm8az5b08vzkgx-glibc-2.35-163/lib/libdl.so.2
7f44d97de000-7f44d97df000 r--p 00002000 00:4b5 4611686019027979923       /nix/store/4nlgxhb09sdr51nc9hdm8az5b08vzkgx-glibc-2.35-163/lib/libdl.so.2
7f44d97df000-7f44d97e0000 rw-p 00003000 00:4b5 4611686019027979923       /nix/store/4nlgxhb09sdr51nc9hdm8az5b08vzkgx-glibc-2.35-163/lib/libdl.so.2
7f44d97e0000-7f44d97e1000 r--p 00000000 00:4b5 4611686019027979942       /nix/store/4nlgxhb09sdr51nc9hdm8az5b08vzkgx-glibc-2.35-163/lib/libpthread.so.0
7f44d97e1000-7f44d97e2000 r-xp 00001000 00:4b5 4611686019027979942       /nix/store/4nlgxhb09sdr51nc9hdm8az5b08vzkgx-glibc-2.35-163/lib/libpthread.so.0
7f44d97e2000-7f44d97e3000 r--p 00002000 00:4b5 4611686019027979942       /nix/store/4nlgxhb09sdr51nc9hdm8az5b08vzkgx-glibc-2.35-163/lib/libpthread.so.0
7f44d97e3000-7f44d97e4000 r--p 00002000 00:4b5 4611686019027979942       /nix/store/4nlgxhb09sdr51nc9hdm8az5b08vzkgx-glibc-2.35-163/lib/libpthread.so.0
7f44d97e4000-7f44d97e5000 rw-p 00003000 00:4b5 4611686019027979942       /nix/store/4nlgxhb09sdr51nc9hdm8az5b08vzkgx-glibc-2.35-163/lib/libpthread.so.0
7f44d97e5000-7f44d97f3000 r-xp 00000000 00:4b5 4611686019135190033       /nix/store/gpxl5qgg8kicmcvivwmybwjlpf7wh20l-graalvm17-ce-22.3.0/lib/libjli.so
7f44d97f3000-7f44d97f4000 ---p 0000e000 00:4b5 4611686019135190033       /nix/store/gpxl5qgg8kicmcvivwmybwjlpf7wh20l-graalvm17-ce-22.3.0/lib/libjli.so
7f44d97f4000-7f44d97f5000 r--p 0000e000 00:4b5 4611686019135190033       /nix/store/gpxl5qgg8kicmcvivwmybwjlpf7wh20l-graalvm17-ce-22.3.0/lib/libjli.so
7f44d97f5000-7f44d97f6000 rw-p 0000f000 00:4b5 4611686019135190033       /nix/store/gpxl5qgg8kicmcvivwmybwjlpf7wh20l-graalvm17-ce-22.3.0/lib/libjli.so
7f44d97f6000-7f44d97f7000 rw-p 00012000 00:4b5 4611686019135190033       /nix/store/gpxl5qgg8kicmcvivwmybwjlpf7wh20l-graalvm17-ce-22.3.0/lib/libjli.so
7f44d97f7000-7f44d97fa000 r--p 00000000 00:4b5 4611686019106210071       /nix/store/026hln0aq1hyshaxsdvhg0kmcm6yf45r-zlib-1.2.13/lib/libz.so.1.2.13
7f44d97fa000-7f44d980c000 r-xp 00003000 00:4b5 4611686019106210071       /nix/store/026hln0aq1hyshaxsdvhg0kmcm6yf45r-zlib-1.2.13/lib/libz.so.1.2.13
7f44d980c000-7f44d9813000 r--p 00015000 00:4b5 4611686019106210071       /nix/store/026hln0aq1hyshaxsdvhg0kmcm6yf45r-zlib-1.2.13/lib/libz.so.1.2.13
7f44d9813000-7f44d9814000 r--p 0001b000 00:4b5 4611686019106210071       /nix/store/026hln0aq1hyshaxsdvhg0kmcm6yf45r-zlib-1.2.13/lib/libz.so.1.2.13
7f44d9814000-7f44d9815000 rw-p 0001c000 00:4b5 4611686019106210071       /nix/store/026hln0aq1hyshaxsdvhg0kmcm6yf45r-zlib-1.2.13/lib/libz.so.1.2.13
7f44d9815000-7f44d9817000 rw-p 00000000 00:00 0 
7f44d9817000-7f44d9819000 r--p 00000000 00:4b5 4611686019027979912       /nix/store/4nlgxhb09sdr51nc9hdm8az5b08vzkgx-glibc-2.35-163/lib/ld-linux-x86-64.so.2
7f44d9819000-7f44d9840000 r-xp 00002000 00:4b5 4611686019027979912       /nix/store/4nlgxhb09sdr51nc9hdm8az5b08vzkgx-glibc-2.35-163/lib/ld-linux-x86-64.so.2
7f44d9840000-7f44d984c000 r--p 00029000 00:4b5 4611686019027979912       /nix/store/4nlgxhb09sdr51nc9hdm8az5b08vzkgx-glibc-2.35-163/lib/ld-linux-x86-64.so.2
7f44d984c000-7f44d984e000 r--p 00034000 00:4b5 4611686019027979912       /nix/store/4nlgxhb09sdr51nc9hdm8az5b08vzkgx-glibc-2.35-163/lib/ld-linux-x86-64.so.2
7f44d984e000-7f44d9850000 rw-p 00036000 00:4b5 4611686019027979912       /nix/store/4nlgxhb09sdr51nc9hdm8az5b08vzkgx-glibc-2.35-163/lib/ld-linux-x86-64.so.2
7ffd4ebfc000-7ffd4ec20000 rw-p 00000000 00:00 0                          [stack]
7ffd4ecf4000-7ffd4ecf8000 r--p 00000000 00:00 0                          [vvar]
7ffd4ecf8000-7ffd4ecfa000 r-xp 00000000 00:00 0                          [vdso]
ffffffffff600000-ffffffffff601000 --xp 00000000 00:00 0                  [vsyscall]


VM Arguments:
jvm_args: -XX:ThreadPriorityPolicy=1 -XX:+UnlockExperimentalVMOptions -XX:+EnableJVMCIProduct -XX:JVMCIThreadsPerNativeLibraryRuntime=1 -XX:-UnlockExperimentalVMOptions -Declipse.application=org.eclipse.jdt.ls.core.id1 -Dosgi.bundles.defaultStartLevel=4 -Declipse.product=org.eclipse.jdt.ls.core.product -Dlog.level=ALL -Xverify:none -XX:+UseParallelGC -XX:GCTimeRatio=4 -XX:AdaptiveSizePolicyWeight=90 -Dsun.zip.disableMemoryMapping=true -Xmx512m -Xms100m 
java_command: /nix/store/a7s9klvriqi68xz3qjc0qyfl5h86xc16-jdt-language-server-1.9.0/share/java/plugins/org.eclipse.equinox.launcher_1.6.400.v20210924-0641.jar --add-modules=ALL-SYSTEM --add-opens java.base/java.util=ALL-UNNAMED --add-opens java.base/java.lang=ALL-UNNAMED -configuration /home/runner/.cache/jdt-language-server/config -data /home/runner/.cache/jdt-language-server/data/home/runner/DSA
java_class_path (initial): /nix/store/a7s9klvriqi68xz3qjc0qyfl5h86xc16-jdt-language-server-1.9.0/share/java/plugins/org.eclipse.equinox.launcher_1.6.400.v20210924-0641.jar
Launcher Type: SUN_STANDARD

[Global flags]
    uintx AdaptiveSizePolicyWeight                 = 90                                        {product} {command line}
     intx CICompilerCount                          = 2                                         {product} {ergonomic}
     bool EnableJVMCIProduct                       = true                                {JVMCI product} {jimage}
    uintx GCTimeRatio                              = 4                                         {product} {command line}
   size_t InitialHeapSize                          = 104857600                                 {product} {command line}
     uint JVMCIThreadsPerNativeLibraryRuntime      = 1                                   {JVMCI product} {jimage}
   size_t MaxHeapSize                              = 536870912                                 {product} {command line}
   size_t MaxNewSize                               = 178782208                                 {product} {ergonomic}
   size_t MinHeapDeltaBytes                        = 524288                                    {product} {ergonomic}
   size_t MinHeapSize                              = 104857600                                 {product} {command line}
   size_t NewSize                                  = 34603008                                  {product} {ergonomic}
    uintx NonNMethodCodeHeapSize                   = 5826188                                {pd product} {ergonomic}
    uintx NonProfiledCodeHeapSize                  = 122916026                              {pd product} {ergonomic}
   size_t OldSize                                  = 70254592                                  {product} {ergonomic}
    uintx ProfiledCodeHeapSize                     = 122916026                              {pd product} {ergonomic}
    uintx ReservedCodeCacheSize                    = 251658240                              {pd product} {ergonomic}
     bool SegmentedCodeCache                       = true                                      {product} {ergonomic}
   size_t SoftMaxHeapSize                          = 536870912                              {manageable} {ergonomic}
     intx ThreadPriorityPolicy                     = 1                                         {product} {jimage}
     bool UseCompressedClassPointers               = true                           {product lp64_product} {ergonomic}
     bool UseCompressedOops                        = true                           {product lp64_product} {ergonomic}
     bool UseParallelGC                            = true                                      {product} {command line}

Logging:
Log output configuration:
 #0: stdout all=warning uptime,level,tags
 #1: stderr all=off uptime,level,tags

Environment Variables:
JAVA_HOME=/nix/store/gpxl5qgg8kicmcvivwmybwjlpf7wh20l-graalvm17-ce-22.3.0
PATH=/nix/store/1d6ian3r8kdzspw8hacjhl3xkp40g1lj-binutils-wrapper-2.39/bin:/nix/store/dq0xwmsk1g0i2ayg6pb7y87na2knzylh-gcc-wrapper-11.3.0/bin:/nix/store/bap4d0lpcrhpwmpb8ayjcgkmvfj62lnq-bash-interactive-5.1-p16/bin:/nix/store/pr5n59mb4jzmfx6kanwxly0l07p861fg-patchelf-0.15.0/bin:/nix/store/1gf2flfqnpqbr1b4p4qz2f72y42bs56r-gcc-11.3.0/bin:/nix/store/57xv61c5zi8pphjbcwxxjlgc34p61ic9-glibc-2.35-163-bin/bin:/nix/store/a7gvj343m05j2s32xcnwr35v31ynlypr-coreutils-9.1/bin:/nix/store/039g378vc3pc3dvi9dzdlrd0i4q93qwf-binutils-2.39/bin:/nix/store/dawhsg831p4lv7wd5511sjhzv1lqmg5m-azure-functions-core-tools-4.0.4785/bin:/nix/store/gpxl5qgg8kicmcvivwmybwjlpf7wh20l-graalvm17-ce-22.3.0/bin:/nix/store/6z9ag3ihc8mq2hzsw48lhbznvzny65nz-apache-maven-3.8.6/bin:/nix/store/a7s9klvriqi68xz3qjc0qyfl5h86xc16-jdt-language-server-1.9.0/bin:/nix/store/48ifl2w60a3zp7yskbpnvn8jp9jdsb7k-java-debug/bin:/nix/store/mydc6f4k2z73xlcz7ilif3v2lcaiqvza-findutils-4.9.0/bin:/nix/store/j9p3g8472iijd50vhdprx0nmk2fqn5gv-diffutils-3.8/bin:/nix/store/89zs7rms6x00xfq4dq6m7mjnhkr8a6r4-gnused-4.8/bin:/nix/store/86bp03jkmsl6f92w0yzg4s59g5mhxwmy-gnugrep-3.7/bin:/nix/store/hwcdqw4jrjnd37wxqgsd47hd0j8bnj09-gawk-5.1.1/bin:/nix/store/cfbhw8r8ags41vwqaz47r583d0p4h4a1-gnutar-1.34/bin:/nix/store/p3m1ndl1lapwrlh698bnb5lvvxh67378-gzip-1.12/bin:/nix/store/a8mhcagrsly7c7mpjrpsnaahk4aax056-bzip2-1.0.8-bin/bin:/nix/store/mblgz65m3zv9x548a3d5m96fj2pbwr09-gnumake-4.3/bin:/nix/store/dsd5gz46hdbdk2rfdimqddhq6m8m8fqs-bash-5.1-p16/bin:/nix/store/v7ljksji50mg3w61dykaa3n3y79n6nil-patch-2.7.6/bin:/nix/store/zlcnmqq14jz5x9439jf937mvayyl63da-xz-5.2.7-bin/bin:/nix/store/y6aj732zm9m87c82fpvf103a1xb22blp-file-5.43/bin:/nix/store/i4kzir3m7mrisxmf5xvlnkw01x4qaqr4-prybar-elisp-0.0.0-e0d9a52/bin:/nix/store/lwwivxf6h7x3cvxp9zv8sj0mv7dak99r-prybar-lua-0.0.0-e0d9a52/bin:/nix/store/gxj28g1cg4hq3qanmjv07156h800qr58-prybar-python3-0.0.0-e0d9a52/bin:/nix/store/hshkjnxrgidigf8x75vg6lqng2xlx9i3-prybar-sqlite-0.0.0-e0d9a52/bin:/nix/store/c4w01bpjgyy5ixmwdk8m1pw8
LD_LIBRARY_PATH=/nix/store/a4pff549sk2idnkpzk5nsfps3mdkdnvm-cups-2.4.2-lib/lib:/nix/store/72mqxxhh3cy5yifh92wh2yb8cl2hikyy-cairo-1.16.0/lib:/nix/store/2k366jrbsra97gjfxwvrhvixjfxdach5-glib-2.74.1/lib:/nix/store/2j2znigd8ak37rlwh9khz0ry3clqlw1l-gtk+3-3.24.34/lib:/nix/store/hisqvx32cd57apbpcsnkpx6k3549wql1-libglvnd-1.4.0/lib:/nix/store/p36pgcv991mq5srvg765b78yqpxvk3qs-mesa-21.3.3-drivers/lib:/nix/store/mav4251if1ahjq5vkpwycyyvnmy459c4-pulseaudio-14.2/lib
DISPLAY=:0
LANG=en_US.UTF-8

Signal Handlers:
   SIGSEGV: crash_handler in libjvm.so, mask=11100100010111111101111111111110, flags=SA_RESTART|SA_SIGINFO
    SIGBUS: crash_handler in libjvm.so, mask=11100100010111111101111111111110, flags=SA_RESTART|SA_SIGINFO
    SIGFPE: crash_handler in libjvm.so, mask=11100100010111111101111111111110, flags=SA_RESTART|SA_SIGINFO
   SIGPIPE: IsolateEnterStub_IgnoreSIGPIPEStartupHook_noopSignalHandler_8f19bff2f35b5f630d83b364d6b2339320d4ec70_216e8361c6bc87a8f89f58cc10d3b2fd4415bf87 in libjvmcicompiler.so, mask=00000000000000000000000000000000, flags=SA_RESTART
  *** Handler was modified!
  *** Expected: javaSignalHandler in libjvm.so, mask=11100100110111111111111111111110, flags=SA_RESTART|SA_SIGINFO
   SIGXFSZ: javaSignalHandler in libjvm.so, mask=11100100010111111101111111111110, flags=SA_RESTART|SA_SIGINFO
    SIGILL: crash_handler in libjvm.so, mask=11100100010111111101111111111110, flags=SA_RESTART|SA_SIGINFO
   SIGUSR2: SR_handler in libjvm.so, mask=00000000000000000000000000000000, flags=SA_RESTART|SA_SIGINFO
    SIGHUP: UserHandler in libjvm.so, mask=11100100010111111101111111111110, flags=SA_RESTART|SA_SIGINFO
    SIGINT: UserHandler in libjvm.so, mask=11100100010111111101111111111110, flags=SA_RESTART|SA_SIGINFO
   SIGTERM: UserHandler in libjvm.so, mask=11100100010111111101111111111110, flags=SA_RESTART|SA_SIGINFO
   SIGQUIT: UserHandler in libjvm.so, mask=11100100010111111101111111111110, flags=SA_RESTART|SA_SIGINFO
  *** Handler was modified!
  *** Expected: javaSignalHandler in libjvm.so, mask=11100100110111111111111111111110, flags=SA_RESTART|SA_SIGINFO
   SIGTRAP: crash_handler in libjvm.so, mask=11100100010111111101111111111110, flags=SA_RESTART|SA_SIGINFO


---------------  S Y S T E M  ---------------

OS:
DISTRIB_ID=Ubuntu
DISTRIB_RELEASE=20.04
DISTRIB_CODENAME=focal
DISTRIB_DESCRIPTION="Ubuntu 20.04.2 LTS"
uname: Linux 6.2.0-1014-gcp #14~22.04.1-Ubuntu SMP Mon Sep 11 07:44:43 UTC 2023 x86_64
OS uptime: 0 days 9:51 hours
libc: glibc 2.35 NPTL 2.35 
rlimit (soft/hard): STACK 8192k/infinity , CORE infinity/infinity , NPROC infinity/infinity , NOFILE 5242/5242 , AS infinity/infinity , CPU infinity/infinity , DATA infinity/infinity , FSIZE infinity/infinity , MEMLOCK 8192k/8192k
load average: 14.11 18.07 19.42

/proc/meminfo:
MemTotal:       65835948 kB
MemFree:        35517348 kB
MemAvailable:   46291120 kB
Buffers:         1417092 kB
Cached:          8855608 kB
SwapCached:            0 kB
Active:          5957084 kB
Inactive:       22070364 kB
Active(anon):      10896 kB
Inactive(anon): 17589076 kB
Active(file):    5946188 kB
Inactive(file):  4481288 kB
Unevictable:       29008 kB
Mlocked:           29008 kB
SwapTotal:             0 kB
SwapFree:              0 kB
Zswap:                 0 kB
Zswapped:              0 kB
Dirty:              3992 kB
Writeback:             0 kB
AnonPages:      16516420 kB
Mapped:          1317496 kB
Shmem:             25120 kB
KReclaimable:    1072748 kB
Slab:            1582288 kB
SReclaimable:    1072748 kB
SUnreclaim:       509540 kB
KernelStack:      138008 kB
PageTables:       201480 kB
SecPageTables:         0 kB
NFS_Unstable:          0 kB
Bounce:                0 kB
WritebackTmp:          0 kB
CommitLimit:    32917972 kB
Committed_AS:   55257812 kB
VmallocTotal:   34359738367 kB
VmallocUsed:      166408 kB
VmallocChunk:          0 kB
Percpu:            29792 kB
HardwareCorrupted:     0 kB
AnonHugePages:   3102720 kB
ShmemHugePages:        0 kB
ShmemPmdMapped:        0 kB
FileHugePages:         0 kB
FilePmdMapped:         0 kB
HugePages_Total:       0
HugePages_Free:        0
HugePages_Rsvd:        0
HugePages_Surp:        0
Hugepagesize:       2048 kB
Hugetlb:               0 kB
DirectMap4k:     1147704 kB
DirectMap2M:    55472128 kB
DirectMap1G:    12582912 kB

/sys/kernel/mm/transparent_hugepage/enabled: always [madvise] never
/sys/kernel/mm/transparent_hugepage/defrag (defrag/compaction efforts parameter): always defer defer+madvise [madvise] never

Process Memory:
Virtual Size: 4580988K (peak: 4667196K)
Resident Set Size: 735124K (peak: 786888K) (anon: 542736K, file: 192388K, shmem: 0K)
Swapped out: 0K
C-Heap outstanding allocations: 39982K, retained: 10017K
glibc malloc tunables: (default)

/proc/sys/kernel/threads-max (system-wide limit on the number of threads): 514278
/proc/sys/vm/max_map_count (maximum number of memory map areas a process may have): 65530
/proc/sys/kernel/pid_max (system-wide limit on number of process identifiers): 4194304

container (cgroup) information:
container_type: cgroupv2
cpu_cpuset_cpus: not supported
cpu_memory_nodes: not supported
active_processor_count: 1
cpu_quota: 50000
cpu_period: 100000
cpu_shares: no shares
memory_limit_in_bytes: 1048576 k
memory_and_swap_limit_in_bytes: unlimited
memory_soft_limit_in_bytes: 524288 k
memory_usage_in_bytes: 581740 k
memory_max_usage_in_bytes: not supported
maximum number of tasks: not supported
current number of tasks: not supported

KVM virtualization detected
Steal ticks since vm start: 5352
Steal ticks percentage since vm start:  0.008

CPU: total 8 (initial active 1) (8 cores per cpu, 2 threads per core) family 23 model 49 stepping 0 microcode 0xffffffff, cx8, cmov, fxsr, ht, mmx, 3dnowpref, sse, sse2, sse3, ssse3, sse4a, sse4.1, sse4.2, popcnt, lzcnt, tsc, tscinvbit, avx, avx2, aes, clmul, bmi1, bmi2, adx, sha, fma, vzeroupper, clflush, clflushopt, hv
CPU Model and flags from /proc/cpuinfo:
model name	: AMD EPYC 7B12
flags		: fpu vme de pse tsc msr pae mce cx8 apic sep mtrr pge mca cmov pat pse36 clflush mmx fxsr sse sse2 ht syscall nx mmxext fxsr_opt pdpe1gb rdtscp lm constant_tsc rep_good nopl nonstop_tsc cpuid extd_apicid tsc_known_freq pni pclmulqdq ssse3 fma cx16 sse4_1 sse4_2 movbe popcnt aes xsave avx f16c rdrand hypervisor lahf_lm cmp_legacy cr8_legacy abm sse4a misalignsse 3dnowprefetch osvw topoext ssbd ibrs ibpb stibp vmmcall fsgsbase tsc_adjust bmi1 avx2 smep bmi2 rdseed adx smap clflushopt clwb sha_ni xsaveopt xsavec xgetbv1 clzero xsaveerptr arat npt nrip_save umip rdpid

Online cpus: 0-7
Offline cpus: 
BIOS frequency limitation: <Not Available>
Frequency switch latency (ns): <Not Available>
Available cpu frequencies: <Not Available>
Current governor: <Not Available>
Core performance/turbo boost: <Not Available>

Memory: 4k page, physical 1048576k(466828k free), swap 0k(0k free)
Page Sizes: 4k

vm_info: OpenJDK 64-Bit Server VM (17.0.5+8-jvmci-22.3-b08) for linux-amd64 JRE (17.0.5+8-jvmci-22.3-b08), built on Oct 19 2022 09:01:27 by "buildslave" with gcc 10.3.0

END.
